<?xml version="1.0" encoding="UTF-8"?>
<coverage generated="1777883126703" clover="3.2.0">
  <project timestamp="1777883126704" name="All files">
    <metrics statements="56" coveredstatements="37" conditionals="64" coveredconditionals="34" methods="23" coveredmethods="13" elements="143" coveredelements="84" complexity="0" loc="56" ncloc="56" packages="6" files="7" classes="7"/>
    <package name="src">
      <metrics statements="22" coveredstatements="13" conditionals="51" coveredconditionals="25" methods="6" coveredmethods="1"/>
      <file name="App.tsx" path="C:\05_APPLICATIONS\BuildFlow\apps\frontend\src\App.tsx">
        <metrics statements="22" coveredstatements="13" conditionals="51" coveredconditionals="25" methods="6" coveredmethods="1"/>
        <line num="18" count="2" type="stmt"/>
        <line num="19" count="2" type="stmt"/>
        <line num="20" count="2" type="stmt"/>
        <line num="21" count="2" type="stmt"/>
        <line num="22" count="2" type="stmt"/>
        <line num="25" count="2" type="cond" truecount="1" falsecount="1"/>
        <line num="28" count="2" type="stmt"/>
        <line num="29" count="0" type="cond" truecount="0" falsecount="2"/>
        <line num="30" count="0" type="cond" truecount="0" falsecount="2"/>
        <line num="31" count="0" type="cond" truecount="0" falsecount="2"/>
        <line num="32" count="0" type="cond" truecount="0" falsecount="2"/>
        <line num="33" count="0" type="cond" truecount="0" falsecount="2"/>
        <line num="36" count="2" type="cond" truecount="2" falsecount="0"/>
        <line num="37" count="1" type="stmt"/>
        <line num="40" count="2" type="cond" truecount="1" falsecount="1"/>
        <line num="41" count="2" type="cond" truecount="2" falsecount="0"/>
        <line num="53" count="1" type="cond" truecount="2" falsecount="0"/>
        <line num="55" count="1" type="stmt"/>
        <line num="81" count="0" type="stmt"/>
        <line num="88" count="0" type="stmt"/>
        <line num="95" count="0" type="stmt"/>
        <line num="102" count="0" type="stmt"/>
      </file>
    </package>
    <package name="src.features.auth">
      <metrics statements="14" coveredstatements="7" conditionals="4" coveredconditionals="2" methods="4" coveredmethods="2"/>
      <file name="AuthForm.tsx" path="C:\05_APPLICATIONS\BuildFlow\apps\frontend\src\features\auth\AuthForm.tsx">
        <metrics statements="13" coveredstatements="6" conditionals="4" coveredconditionals="2" methods="3" coveredmethods="1"/>
        <line num="5" count="1" type="stmt"/>
        <line num="6" count="1" type="stmt"/>
        <line num="7" count="1" type="stmt"/>
        <line num="9" count="1" type="stmt"/>
        <line num="10" count="0" type="stmt"/>
        <line num="11" count="0" type="stmt"/>
        <line num="12" count="0" type="stmt"/>
        <line num="13" count="0" type="stmt"/>
        <line num="14" count="0" type="stmt"/>
        <line num="16" count="0" type="stmt"/>
        <line num="20" count="1" type="cond" truecount="1" falsecount="1"/>
        <line num="27" count="1" type="stmt"/>
        <line num="35" count="0" type="stmt"/>
      </file>
      <file name="Login.tsx" path="C:\05_APPLICATIONS\BuildFlow\apps\frontend\src\features\auth\Login.tsx">
        <metrics statements="1" coveredstatements="1" conditionals="0" coveredconditionals="0" methods="1" coveredmethods="1"/>
        <line num="4" count="2" type="stmt"/>
      </file>
    </package>
    <package name="src.features.documents">
      <metrics statements="8" coveredstatements="6" conditionals="4" coveredconditionals="3" methods="3" coveredmethods="2"/>
      <file name="DocumentForm.tsx" path="C:\05_APPLICATIONS\BuildFlow\apps\frontend\src\features\documents\DocumentForm.tsx">
        <metrics statements="8" coveredstatements="6" conditionals="4" coveredconditionals="3" methods="3" coveredmethods="2"/>
        <line num="4" count="3" type="stmt"/>
        <line num="5" count="3" type="stmt"/>
        <line num="6" count="3" type="stmt"/>
        <line num="7" count="1" type="stmt"/>
        <line num="8" count="1" type="cond" truecount="1" falsecount="1"/>
        <line num="9" count="0" type="stmt"/>
        <line num="11" count="3" type="stmt"/>
        <line num="14" count="0" type="stmt"/>
      </file>
    </package>
    <package name="src.features.equipe">
      <metrics statements="3" coveredstatements="3" conditionals="3" coveredconditionals="2" methods="2" coveredmethods="2"/>
      <file name="Equipe.tsx" path="C:\05_APPLICATIONS\BuildFlow\apps\frontend\src\features\equipe\Equipe.tsx">
        <metrics statements="3" coveredstatements="3" conditionals="3" coveredconditionals="2" methods="2" coveredmethods="2"/>
        <line num="5" count="2" type="cond" truecount="2" falsecount="0"/>
        <line num="6" count="1" type="stmt"/>
        <line num="8" count="2" type="stmt"/>
      </file>
    </package>
    <package name="src.features.ui">
      <metrics statements="5" coveredstatements="5" conditionals="2" coveredconditionals="2" methods="4" coveredmethods="3"/>
      <file name="ToastProvider.tsx" path="C:\05_APPLICATIONS\BuildFlow\apps\frontend\src\features\ui\ToastProvider.tsx">
        <metrics statements="5" coveredstatements="5" conditionals="2" coveredconditionals="2" methods="4" coveredmethods="3"/>
        <line num="3" count="1" type="stmt"/>
        <line num="6" count="3" type="stmt"/>
        <line num="7" count="3" type="stmt"/>
        <line num="8" count="3" type="stmt"/>
        <line num="17" count="2" type="stmt"/>
      </file>
    </package>
    <package name="src.utils">
      <metrics statements="4" coveredstatements="3" conditionals="0" coveredconditionals="0" methods="4" coveredmethods="3"/>
      <file name="useRealtimeProjectEvents.ts" path="C:\05_APPLICATIONS\BuildFlow\apps\frontend\src\utils\useRealtimeProjectEvents.ts">
        <metrics statements="4" coveredstatements="3" conditionals="0" coveredconditionals="0" methods="4" coveredmethods="3"/>
        <line num="5" count="1" type="stmt"/>
        <line num="6" count="1" type="stmt"/>
        <line num="13" count="0" type="stmt"/>
        <line num="16" count="1" type="stmt"/>
      </file>
    </package>
  </project>
</coverage>
