{"C:\\05_APPLICATIONS\\BuildFlow\\apps\\frontend\\src\\App.tsx": {"path":"C:\\05_APPLICATIONS\\BuildFlow\\apps\\frontend\\src\\App.tsx","statementMap":{"0":{"start":{"line":2,"column":0},"end":{"line":2,"column":53}},"1":{"start":{"line":3,"column":0},"end":{"line":3,"column":56}},"2":{"start":{"line":4,"column":0},"end":{"line":4,"column":63}},"3":{"start":{"line":5,"column":0},"end":{"line":5,"column":61}},"4":{"start":{"line":6,"column":0},"end":{"line":6,"column":46}},"5":{"start":{"line":7,"column":0},"end":{"line":7,"column":56}},"6":{"start":{"line":8,"column":0},"end":{"line":8,"column":62}},"7":{"start":{"line":9,"column":0},"end":{"line":9,"column":79}},"8":{"start":{"line":10,"column":0},"end":{"line":10,"column":68}},"9":{"start":{"line":11,"column":0},"end":{"line":11,"column":52}},"10":{"start":{"line":14,"column":0},"end":{"line":14,"column":59}},"11":{"start":{"line":15,"column":0},"end":{"line":15,"column":53}},"12":{"start":{"line":16,"column":0},"end":{"line":16,"column":62}},"13":{"start":{"line":17,"column":0},"end":{"line":17,"column":76}},"14":{"start":{"line":18,"column":0},"end":{"line":18,"column":64}},"15":{"start":{"line":21,"column":4},"end":{"line":21,"column":76}},"16":{"start":{"line":22,"column":28},"end":{"line":22,"column":37}},"17":{"start":{"line":23,"column":20},"end":{"line":23,"column":39}},"18":{"start":{"line":24,"column":50},"end":{"line":24,"column":79}},"19":{"start":{"line":25,"column":36},"end":{"line":25,"column":105}},"20":{"start":{"line":28,"column":24},"end":{"line":28,"column":40}},"21":{"start":{"line":31,"column":30},"end":{"line":38,"column":17}},"22":{"start":{"line":32,"column":4},"end":{"line":32,"column":27}},"23":{"start":{"line":32,"column":20},"end":{"line":32,"column":27}},"24":{"start":{"line":33,"column":4},"end":{"line":37,"column":5}},"25":{"start":{"line":34,"column":6},"end":{"line":34,"column":91}},"26":{"start":{"line":34,"column":43},"end":{"line":34,"column":91}},"27":{"start":{"line":35,"column":6},"end":{"line":35,"column":89}},"28":{"start":{"line":35,"column":45},"end":{"line":35,"column":89}},"29":{"start":{"line":36,"column":6},"end":{"line":36,"column":89}},"30":{"start":{"line":36,"column":46},"end":{"line":36,"column":89}},"31":{"start":{"line":39,"column":2},"end":{"line":41,"column":3}},"32":{"start":{"line":40,"column":4},"end":{"line":40,"column":74}},"33":{"start":{"line":43,"column":2},"end":{"line":43,"column":63}},"34":{"start":{"line":43,"column":15},"end":{"line":43,"column":63}},"35":{"start":{"line":44,"column":2},"end":{"line":56,"column":4}},"36":{"start":{"line":44,"column":13},"end":{"line":56,"column":4}},"37":{"start":{"line":58,"column":15},"end":{"line":58,"column":86}},"38":{"start":{"line":61,"column":46},"end":{"line":66,"column":4}},"39":{"start":{"line":62,"column":4},"end":{"line":64,"column":5}},"40":{"start":{"line":63,"column":6},"end":{"line":63,"column":60}},"41":{"start":{"line":65,"column":4},"end":{"line":65,"column":17}},"42":{"start":{"line":67,"column":32},"end":{"line":72,"column":3}},"43":{"start":{"line":68,"column":4},"end":{"line":68,"column":29}},"44":{"start":{"line":69,"column":4},"end":{"line":71,"column":5}},"45":{"start":{"line":70,"column":6},"end":{"line":70,"column":57}},"46":{"start":{"line":74,"column":2},"end":{"line":195,"column":4}},"47":{"start":{"line":102,"column":25},"end":{"line":102,"column":49}},"48":{"start":{"line":109,"column":25},"end":{"line":109,"column":50}},"49":{"start":{"line":116,"column":25},"end":{"line":116,"column":48}},"50":{"start":{"line":123,"column":25},"end":{"line":123,"column":47}},"51":{"start":{"line":198,"column":0},"end":{"line":198,"column":19}}},"fnMap":{"0":{"name":"App","decl":{"start":{"line":20,"column":9},"end":{"line":20,"column":12}},"loc":{"start":{"line":20,"column":12},"end":{"line":196,"column":1}}},"1":{"name":"(anonymous_11)","decl":{"start":{"line":31,"column":42},"end":{"line":31,"column":43}},"loc":{"start":{"line":31,"column":54},"end":{"line":38,"column":3}}},"2":{"name":"(anonymous_12)","decl":{"start":{"line":61,"column":55},"end":{"line":61,"column":58}},"loc":{"start":{"line":61,"column":60},"end":{"line":66,"column":3}}},"3":{"name":"(anonymous_13)","decl":{"start":{"line":67,"column":32},"end":{"line":67,"column":35}},"loc":{"start":{"line":67,"column":37},"end":{"line":72,"column":3}}},"4":{"name":"(anonymous_14)","decl":{"start":{"line":102,"column":19},"end":{"line":102,"column":22}},"loc":{"start":{"line":102,"column":25},"end":{"line":102,"column":49}}},"5":{"name":"(anonymous_15)","decl":{"start":{"line":109,"column":19},"end":{"line":109,"column":22}},"loc":{"start":{"line":109,"column":25},"end":{"line":109,"column":50}}},"6":{"name":"(anonymous_16)","decl":{"start":{"line":116,"column":19},"end":{"line":116,"column":22}},"loc":{"start":{"line":116,"column":25},"end":{"line":116,"column":48}}},"7":{"name":"(anonymous_17)","decl":{"start":{"line":123,"column":19},"end":{"line":123,"column":22}},"loc":{"start":{"line":123,"column":25},"end":{"line":123,"column":47}}}},"branchMap":{"0":{"loc":{"start":{"line":28,"column":24},"end":{"line":28,"column":40}},"type":"binary-expr","locations":[{"start":{"line":28,"column":24},"end":{"line":28,"column":34}},{"start":{"line":28,"column":38},"end":{"line":28,"column":40}}]},"1":{"loc":{"start":{"line":32,"column":4},"end":{"line":32,"column":27}},"type":"if","locations":[{"start":{"line":32,"column":4},"end":{"line":32,"column":27}},{"start":{},"end":{}}]},"2":{"loc":{"start":{"line":33,"column":4},"end":{"line":37,"column":5}},"type":"if","locations":[{"start":{"line":33,"column":4},"end":{"line":37,"column":5}},{"start":{},"end":{}}]},"3":{"loc":{"start":{"line":34,"column":6},"end":{"line":34,"column":91}},"type":"if","locations":[{"start":{"line":34,"column":6},"end":{"line":34,"column":91}},{"start":{},"end":{}}]},"4":{"loc":{"start":{"line":35,"column":6},"end":{"line":35,"column":89}},"type":"if","locations":[{"start":{"line":35,"column":6},"end":{"line":35,"column":89}},{"start":{},"end":{}}]},"5":{"loc":{"start":{"line":36,"column":6},"end":{"line":36,"column":89}},"type":"if","locations":[{"start":{"line":36,"column":6},"end":{"line":36,"column":89}},{"start":{},"end":{}}]},"6":{"loc":{"start":{"line":39,"column":2},"end":{"line":41,"column":3}},"type":"if","locations":[{"start":{"line":39,"column":2},"end":{"line":41,"column":3}},{"start":{},"end":{}}]},"7":{"loc":{"start":{"line":43,"column":2},"end":{"line":43,"column":63}},"type":"if","locations":[{"start":{"line":43,"column":2},"end":{"line":43,"column":63}},{"start":{},"end":{}}]},"8":{"loc":{"start":{"line":44,"column":2},"end":{"line":56,"column":4}},"type":"if","locations":[{"start":{"line":44,"column":2},"end":{"line":56,"column":4}},{"start":{},"end":{}}]},"9":{"loc":{"start":{"line":58,"column":15},"end":{"line":58,"column":86}},"type":"binary-expr","locations":[{"start":{"line":58,"column":15},"end":{"line":58,"column":47}},{"start":{"line":58,"column":51},"end":{"line":58,"column":86}}]},"10":{"loc":{"start":{"line":62,"column":4},"end":{"line":64,"column":5}},"type":"if","locations":[{"start":{"line":62,"column":4},"end":{"line":64,"column":5}},{"start":{},"end":{}}]},"11":{"loc":{"start":{"line":69,"column":4},"end":{"line":71,"column":5}},"type":"if","locations":[{"start":{"line":69,"column":4},"end":{"line":71,"column":5}},{"start":{},"end":{}}]},"12":{"loc":{"start":{"line":77,"column":9},"end":{"line":77,"column":77}},"type":"binary-expr","locations":[{"start":{"line":77,"column":9},"end":{"line":77,"column":23}},{"start":{"line":77,"column":27},"end":{"line":77,"column":77}}]},"13":{"loc":{"start":{"line":87,"column":27},"end":{"line":87,"column":93}},"type":"cond-expr","locations":[{"start":{"line":87,"column":54},"end":{"line":87,"column":88}},{"start":{"line":87,"column":91},"end":{"line":87,"column":93}}]},"14":{"loc":{"start":{"line":89,"column":27},"end":{"line":89,"column":94}},"type":"cond-expr","locations":[{"start":{"line":89,"column":55},"end":{"line":89,"column":89}},{"start":{"line":89,"column":92},"end":{"line":89,"column":94}}]},"15":{"loc":{"start":{"line":91,"column":27},"end":{"line":91,"column":92}},"type":"cond-expr","locations":[{"start":{"line":91,"column":53},"end":{"line":91,"column":87}},{"start":{"line":91,"column":90},"end":{"line":91,"column":92}}]},"16":{"loc":{"start":{"line":93,"column":27},"end":{"line":93,"column":91}},"type":"cond-expr","locations":[{"start":{"line":93,"column":52},"end":{"line":93,"column":86}},{"start":{"line":93,"column":89},"end":{"line":93,"column":91}}]},"17":{"loc":{"start":{"line":103,"column":65},"end":{"line":103,"column":138}},"type":"cond-expr","locations":[{"start":{"line":103,"column":92},"end":{"line":103,"column":133}},{"start":{"line":103,"column":136},"end":{"line":103,"column":138}}]},"18":{"loc":{"start":{"line":110,"column":65},"end":{"line":110,"column":139}},"type":"cond-expr","locations":[{"start":{"line":110,"column":93},"end":{"line":110,"column":134}},{"start":{"line":110,"column":137},"end":{"line":110,"column":139}}]},"19":{"loc":{"start":{"line":117,"column":65},"end":{"line":117,"column":137}},"type":"cond-expr","locations":[{"start":{"line":117,"column":91},"end":{"line":117,"column":132}},{"start":{"line":117,"column":135},"end":{"line":117,"column":137}}]},"20":{"loc":{"start":{"line":124,"column":65},"end":{"line":124,"column":136}},"type":"cond-expr","locations":[{"start":{"line":124,"column":90},"end":{"line":124,"column":131}},{"start":{"line":124,"column":134},"end":{"line":124,"column":136}}]},"21":{"loc":{"start":{"line":132,"column":11},"end":{"line":156,"column":null}},"type":"binary-expr","locations":[{"start":{"line":132,"column":11},"end":{"line":132,"column":35}},{"start":{"line":133,"column":12},"end":{"line":134,"column":null}}]},"22":{"loc":{"start":{"line":145,"column":15},"end":{"line":151,"column":null}},"type":"binary-expr","locations":[{"start":{"line":145,"column":15},"end":{"line":145,"column":31}},{"start":{"line":146,"column":16},"end":{"line":150,"column":null}}]},"23":{"loc":{"start":{"line":155,"column":70},"end":{"line":155,"column":99}},"type":"binary-expr","locations":[{"start":{"line":155,"column":70},"end":{"line":155,"column":86}},{"start":{"line":155,"column":90},"end":{"line":155,"column":99}}]},"24":{"loc":{"start":{"line":158,"column":11},"end":{"line":167,"column":null}},"type":"binary-expr","locations":[{"start":{"line":158,"column":11},"end":{"line":158,"column":36}},{"start":{"line":159,"column":12},"end":{"line":160,"column":null}}]},"25":{"loc":{"start":{"line":169,"column":11},"end":{"line":178,"column":null}},"type":"binary-expr","locations":[{"start":{"line":169,"column":11},"end":{"line":169,"column":34}},{"start":{"line":170,"column":12},"end":{"line":171,"column":null}}]},"26":{"loc":{"start":{"line":180,"column":11},"end":{"line":189,"column":null}},"type":"binary-expr","locations":[{"start":{"line":180,"column":11},"end":{"line":180,"column":33}},{"start":{"line":181,"column":12},"end":{"line":182,"column":null}}]}},"s":{"0":1,"1":1,"2":1,"3":1,"4":1,"5":1,"6":1,"7":1,"8":1,"9":1,"10":1,"11":1,"12":1,"13":1,"14":1,"15":2,"16":2,"17":2,"18":2,"19":2,"20":2,"21":2,"22":0,"23":0,"24":0,"25":0,"26":0,"27":0,"28":0,"29":0,"30":0,"31":2,"32":1,"33":2,"34":0,"35":2,"36":1,"37":1,"38":1,"39":1,"40":1,"41":0,"42":1,"43":0,"44":0,"45":0,"46":1,"47":0,"48":0,"49":0,"50":0,"51":1},"f":{"0":2,"1":0,"2":1,"3":0,"4":0,"5":0,"6":0,"7":0},"b":{"0":[2,2],"1":[0,0],"2":[0,0],"3":[0,0],"4":[0,0],"5":[0,0],"6":[1,1],"7":[0,2],"8":[1,1],"9":[1,1],"10":[1,0],"11":[0,0],"12":[1,1],"13":[1,0],"14":[0,1],"15":[0,1],"16":[0,1],"17":[1,0],"18":[0,1],"19":[0,1],"20":[0,1],"21":[1,1],"22":[1,0],"23":[1,1],"24":[1,0],"25":[1,0],"26":[1,0]}}
,"C:\\05_APPLICATIONS\\BuildFlow\\apps\\frontend\\src\\components\\ui\\AuthForm.tsx": {"path":"C:\\05_APPLICATIONS\\BuildFlow\\apps\\frontend\\src\\components\\ui\\AuthForm.tsx","statementMap":{"0":{"start":{"line":14,"column":0},"end":{"line":14,"column":16}},"1":{"start":{"line":1,"column":0},"end":{"line":1,"column":25}},"2":{"start":{"line":2,"column":0},"end":{"line":2,"column":51}},"3":{"start":{"line":3,"column":0},"end":{"line":3,"column":24}},"4":{"start":{"line":4,"column":0},"end":{"line":4,"column":74}},"5":{"start":{"line":5,"column":0},"end":{"line":5,"column":33}},"6":{"start":{"line":6,"column":0},"end":{"line":6,"column":35}},"7":{"start":{"line":8,"column":19},"end":{"line":10,"column":2}},"8":{"start":{"line":15,"column":94},"end":{"line":15,"column":116}},"9":{"start":{"line":16,"column":26},"end":{"line":16,"column":47}},"10":{"start":{"line":17,"column":28},"end":{"line":17,"column":63}},"11":{"start":{"line":19,"column":19},"end":{"line":27,"column":3}},"12":{"start":{"line":20,"column":4},"end":{"line":20,"column":null}},"13":{"start":{"line":21,"column":4},"end":{"line":26,"column":5}},"14":{"start":{"line":22,"column":6},"end":{"line":22,"column":null}},"15":{"start":{"line":23,"column":6},"end":{"line":23,"column":null}},"16":{"start":{"line":25,"column":6},"end":{"line":25,"column":null}},"17":{"start":{"line":29,"column":2},"end":{"line":31,"column":3}},"18":{"start":{"line":30,"column":4},"end":{"line":30,"column":null}},"19":{"start":{"line":33,"column":2},"end":{"line":52,"column":null}}},"fnMap":{"0":{"name":"AuthForm","decl":{"start":{"line":14,"column":16},"end":{"line":14,"column":24}},"loc":{"start":{"line":14,"column":24},"end":{"line":53,"column":1}}},"1":{"name":"(anonymous_11)","decl":{"start":{"line":19,"column":19},"end":{"line":19,"column":24}},"loc":{"start":{"line":19,"column":44},"end":{"line":27,"column":3}}}},"branchMap":{"0":{"loc":{"start":{"line":25,"column":15},"end":{"line":25,"column":61}},"type":"binary-expr","locations":[{"start":{"line":25,"column":15},"end":{"line":25,"column":24}},{"start":{"line":25,"column":28},"end":{"line":25,"column":61}}]},"1":{"loc":{"start":{"line":29,"column":2},"end":{"line":31,"column":3}},"type":"if","locations":[{"start":{"line":29,"column":2},"end":{"line":31,"column":3}},{"start":{},"end":{}}]},"2":{"loc":{"start":{"line":29,"column":6},"end":{"line":29,"column":32}},"type":"binary-expr","locations":[{"start":{"line":29,"column":6},"end":{"line":29,"column":10}},{"start":{"line":29,"column":14},"end":{"line":29,"column":32}}]},"3":{"loc":{"start":{"line":45,"column":9},"end":{"line":45,"column":92}},"type":"binary-expr","locations":[{"start":{"line":45,"column":9},"end":{"line":45,"column":21}},{"start":{"line":45,"column":25},"end":{"line":45,"column":92}}]},"4":{"loc":{"start":{"line":47,"column":7},"end":{"line":47,"column":79}},"type":"binary-expr","locations":[{"start":{"line":47,"column":7},"end":{"line":47,"column":12}},{"start":{"line":47,"column":16},"end":{"line":47,"column":79}}]},"5":{"loc":{"start":{"line":49,"column":9},"end":{"line":49,"column":79}},"type":"cond-expr","locations":[{"start":{"line":49,"column":24},"end":{"line":49,"column":45}},{"start":{"line":49,"column":48},"end":{"line":49,"column":79}}]}},"s":{"0":1,"1":1,"2":1,"3":1,"4":1,"5":1,"6":1,"7":1,"8":2,"9":2,"10":2,"11":2,"12":0,"13":0,"14":0,"15":0,"16":0,"17":2,"18":0,"19":2},"f":{"0":2,"1":0},"b":{"0":[0,0],"1":[0,2],"2":[2,2],"3":[2,0],"4":[2,0],"5":[0,2]}}
,"C:\\05_APPLICATIONS\\BuildFlow\\apps\\frontend\\src\\components\\ui\\OnboardingTour.tsx": {"path":"C:\\05_APPLICATIONS\\BuildFlow\\apps\\frontend\\src\\components\\ui\\OnboardingTour.tsx","statementMap":{"0":{"start":{"line":27,"column":0},"end":{"line":27,"column":16}},"1":{"start":{"line":1,"column":0},"end":{"line":1,"column":40}},"2":{"start":{"line":2,"column":0},"end":{"line":2,"column":56}},"3":{"start":{"line":4,"column":14},"end":{"line":25,"column":2}},"4":{"start":{"line":28,"column":26},"end":{"line":28,"column":37}},"5":{"start":{"line":29,"column":2},"end":{"line":66,"column":4}},"6":{"start":{"line":48,"column":31},"end":{"line":48,"column":50}},"7":{"start":{"line":48,"column":44},"end":{"line":48,"column":49}},"8":{"start":{"line":54,"column":31},"end":{"line":54,"column":50}},"9":{"start":{"line":54,"column":44},"end":{"line":54,"column":49}}},"fnMap":{"0":{"name":"OnboardingTour","decl":{"start":{"line":27,"column":16},"end":{"line":27,"column":30}},"loc":{"start":{"line":27,"column":67},"end":{"line":67,"column":1}}},"1":{"name":"(anonymous_10)","decl":{"start":{"line":48,"column":25},"end":{"line":48,"column":28}},"loc":{"start":{"line":48,"column":31},"end":{"line":48,"column":50}}},"2":{"name":"(anonymous_11)","decl":{"start":{"line":48,"column":39},"end":{"line":48,"column":40}},"loc":{"start":{"line":48,"column":44},"end":{"line":48,"column":49}}},"3":{"name":"(anonymous_12)","decl":{"start":{"line":54,"column":25},"end":{"line":54,"column":28}},"loc":{"start":{"line":54,"column":31},"end":{"line":54,"column":50}}},"4":{"name":"(anonymous_13)","decl":{"start":{"line":54,"column":39},"end":{"line":54,"column":40}},"loc":{"start":{"line":54,"column":44},"end":{"line":54,"column":49}}}},"branchMap":{"0":{"loc":{"start":{"line":45,"column":13},"end":{"line":49,"column":null}},"type":"binary-expr","locations":[{"start":{"line":45,"column":13},"end":{"line":45,"column":21}},{"start":{"line":46,"column":14},"end":{"line":48,"column":null}}]},"1":{"loc":{"start":{"line":51,"column":13},"end":{"line":60,"column":null}},"type":"cond-expr","locations":[{"start":{"line":52,"column":14},"end":{"line":54,"column":null}},{"start":{"line":57,"column":14},"end":{"line":59,"column":null}}]}},"s":{"0":1,"1":1,"2":1,"3":1,"4":1,"5":1,"6":0,"7":0,"8":0,"9":0},"f":{"0":1,"1":0,"2":0,"3":0,"4":0},"b":{"0":[1,0],"1":[1,0]}}
,"C:\\05_APPLICATIONS\\BuildFlow\\apps\\frontend\\src\\components\\ui\\Spinner.tsx": {"path":"C:\\05_APPLICATIONS\\BuildFlow\\apps\\frontend\\src\\components\\ui\\Spinner.tsx","statementMap":{"0":{"start":{"line":7,"column":0},"end":{"line":7,"column":16}},"1":{"start":{"line":1,"column":0},"end":{"line":1,"column":26}},"2":{"start":{"line":8,"column":2},"end":{"line":32,"column":4}}},"fnMap":{"0":{"name":"Spinner","decl":{"start":{"line":7,"column":16},"end":{"line":7,"column":23}},"loc":{"start":{"line":7,"column":51},"end":{"line":33,"column":1}}}},"branchMap":{"0":{"loc":{"start":{"line":7,"column":26},"end":{"line":7,"column":35}},"type":"default-arg","locations":[{"start":{"line":7,"column":33},"end":{"line":7,"column":35}}]}},"s":{"0":5,"1":5,"2":4},"f":{"0":4},"b":{"0":[0]}}
,"C:\\05_APPLICATIONS\\BuildFlow\\apps\\frontend\\src\\components\\ui\\ToastProvider.tsx": {"path":"C:\\05_APPLICATIONS\\BuildFlow\\apps\\frontend\\src\\components\\ui\\ToastProvider.tsx","statementMap":{"0":{"start":{"line":15,"column":0},"end":{"line":15,"column":16}},"1":{"start":{"line":19,"column":0},"end":{"line":19,"column":16}},"2":{"start":{"line":1,"column":0},"end":{"line":1,"column":78}},"3":{"start":{"line":2,"column":0},"end":{"line":2,"column":56}},"4":{"start":{"line":13,"column":21},"end":{"line":13,"column":75}},"5":{"start":{"line":16,"column":2},"end":{"line":16,"column":34}},"6":{"start":{"line":20,"column":28},"end":{"line":20,"column":56}},"7":{"start":{"line":22,"column":20},"end":{"line":25,"column":3}},"8":{"start":{"line":23,"column":4},"end":{"line":23,"column":32}},"9":{"start":{"line":24,"column":4},"end":{"line":24,"column":43}},"10":{"start":{"line":24,"column":21},"end":{"line":24,"column":35}},"11":{"start":{"line":27,"column":2},"end":{"line":47,"column":4}}},"fnMap":{"0":{"name":"useToast","decl":{"start":{"line":15,"column":16},"end":{"line":15,"column":24}},"loc":{"start":{"line":15,"column":24},"end":{"line":17,"column":1}}},"1":{"name":"ToastProvider","decl":{"start":{"line":19,"column":16},"end":{"line":19,"column":29}},"loc":{"start":{"line":19,"column":67},"end":{"line":48,"column":1}}},"2":{"name":"(anonymous_11)","decl":{"start":{"line":22,"column":20},"end":{"line":22,"column":21}},"loc":{"start":{"line":22,"column":62},"end":{"line":25,"column":3}}},"3":{"name":"(anonymous_12)","decl":{"start":{"line":24,"column":15},"end":{"line":24,"column":18}},"loc":{"start":{"line":24,"column":21},"end":{"line":24,"column":35}}}},"branchMap":{"0":{"loc":{"start":{"line":31,"column":9},"end":{"line":43,"column":null}},"type":"binary-expr","locations":[{"start":{"line":31,"column":9},"end":{"line":31,"column":14}},{"start":{"line":32,"column":10},"end":{"line":42,"column":null}}]},"1":{"loc":{"start":{"line":34,"column":16},"end":{"line":34,"column":213}},"type":"cond-expr","locations":[{"start":{"line":34,"column":43},"end":{"line":34,"column":102}},{"start":{"line":34,"column":105},"end":{"line":34,"column":213}}]},"2":{"loc":{"start":{"line":34,"column":105},"end":{"line":34,"column":213}},"type":"cond-expr","locations":[{"start":{"line":34,"column":130},"end":{"line":34,"column":174}},{"start":{"line":34,"column":177},"end":{"line":34,"column":213}}]}},"s":{"0":1,"1":1,"2":1,"3":1,"4":1,"5":10,"6":0,"7":0,"8":0,"9":0,"10":0,"11":0},"f":{"0":10,"1":0,"2":0,"3":0},"b":{"0":[0,0],"1":[0,0],"2":[0,0]}}
,"C:\\05_APPLICATIONS\\BuildFlow\\apps\\frontend\\src\\components\\ui\\button.tsx": {"path":"C:\\05_APPLICATIONS\\BuildFlow\\apps\\frontend\\src\\components\\ui\\button.tsx","statementMap":{"0":{"start":{"line":3,"column":0},"end":{"line":3,"column":16}},"1":{"start":{"line":1,"column":0},"end":{"line":1,"column":36}},"2":{"start":{"line":4,"column":2},"end":{"line":12,"column":null}}},"fnMap":{"0":{"name":"Button","decl":{"start":{"line":3,"column":16},"end":{"line":3,"column":22}},"loc":{"start":{"line":3,"column":93},"end":{"line":13,"column":1}}}},"branchMap":{},"s":{"0":5,"1":5,"2":22},"f":{"0":22},"b":{}}
,"C:\\05_APPLICATIONS\\BuildFlow\\apps\\frontend\\src\\features\\events\\EventList.tsx": {"path":"C:\\05_APPLICATIONS\\BuildFlow\\apps\\frontend\\src\\features\\events\\EventList.tsx","statementMap":{"0":{"start":{"line":7,"column":0},"end":{"line":7,"column":16}},"1":{"start":{"line":1,"column":0},"end":{"line":1,"column":40}},"2":{"start":{"line":2,"column":0},"end":{"line":2,"column":56}},"3":{"start":{"line":3,"column":0},"end":{"line":3,"column":102}},"4":{"start":{"line":4,"column":0},"end":{"line":4,"column":42}},"5":{"start":{"line":5,"column":0},"end":{"line":5,"column":50}},"6":{"start":{"line":8,"column":38},"end":{"line":8,"column":65}},"7":{"start":{"line":9,"column":22},"end":{"line":9,"column":47}},"8":{"start":{"line":10,"column":22},"end":{"line":10,"column":47}},"9":{"start":{"line":11,"column":22},"end":{"line":11,"column":47}},"10":{"start":{"line":12,"column":36},"end":{"line":12,"column":51}},"11":{"start":{"line":13,"column":36},"end":{"line":13,"column":55}},"12":{"start":{"line":14,"column":24},"end":{"line":14,"column":34}},"13":{"start":{"line":16,"column":2},"end":{"line":16,"column":64}},"14":{"start":{"line":16,"column":17},"end":{"line":16,"column":64}},"15":{"start":{"line":18,"column":2},"end":{"line":102,"column":4}},"16":{"start":{"line":22,"column":25},"end":{"line":22,"column":44}},"17":{"start":{"line":22,"column":45},"end":{"line":22,"column":64}},"18":{"start":{"line":33,"column":14},"end":{"line":34,"column":null}},"19":{"start":{"line":52,"column":37},"end":{"line":52,"column":57}},"20":{"start":{"line":52,"column":58},"end":{"line":52,"column":77}},"21":{"start":{"line":60,"column":22},"end":{"line":65,"column":23}},"22":{"start":{"line":61,"column":24},"end":{"line":64,"column":27}},"23":{"start":{"line":62,"column":43},"end":{"line":62,"column":85}},"24":{"start":{"line":63,"column":41},"end":{"line":63,"column":92}},"25":{"start":{"line":78,"column":23},"end":{"line":78,"column":42}},"26":{"start":{"line":81,"column":10},"end":{"line":97,"column":11}},"27":{"start":{"line":82,"column":12},"end":{"line":88,"column":14}},"28":{"start":{"line":85,"column":33},"end":{"line":85,"column":74}},"29":{"start":{"line":86,"column":31},"end":{"line":86,"column":83}},"30":{"start":{"line":90,"column":12},"end":{"line":96,"column":14}},"31":{"start":{"line":93,"column":33},"end":{"line":93,"column":71}},"32":{"start":{"line":94,"column":31},"end":{"line":94,"column":79}},"33":{"start":{"line":98,"column":10},"end":{"line":98,"column":30}}},"fnMap":{"0":{"name":"EventList","decl":{"start":{"line":7,"column":16},"end":{"line":7,"column":25}},"loc":{"start":{"line":7,"column":62},"end":{"line":103,"column":1}}},"1":{"name":"(anonymous_10)","decl":{"start":{"line":22,"column":17},"end":{"line":22,"column":20}},"loc":{"start":{"line":22,"column":22},"end":{"line":22,"column":66}}},"2":{"name":"(anonymous_11)","decl":{"start":{"line":32,"column":24},"end":{"line":32,"column":25}},"loc":{"start":{"line":33,"column":14},"end":{"line":34,"column":null}}},"3":{"name":"(anonymous_12)","decl":{"start":{"line":52,"column":29},"end":{"line":52,"column":32}},"loc":{"start":{"line":52,"column":34},"end":{"line":52,"column":79}}},"4":{"name":"(anonymous_13)","decl":{"start":{"line":59,"column":29},"end":{"line":59,"column":32}},"loc":{"start":{"line":59,"column":34},"end":{"line":66,"column":21}}},"5":{"name":"(anonymous_14)","decl":{"start":{"line":62,"column":37},"end":{"line":62,"column":40}},"loc":{"start":{"line":62,"column":43},"end":{"line":62,"column":85}}},"6":{"name":"(anonymous_15)","decl":{"start":{"line":63,"column":35},"end":{"line":63,"column":38}},"loc":{"start":{"line":63,"column":41},"end":{"line":63,"column":92}}},"7":{"name":"(anonymous_16)","decl":{"start":{"line":78,"column":17},"end":{"line":78,"column":20}},"loc":{"start":{"line":78,"column":23},"end":{"line":78,"column":42}}},"8":{"name":"(anonymous_17)","decl":{"start":{"line":80,"column":18},"end":{"line":80,"column":22}},"loc":{"start":{"line":80,"column":25},"end":{"line":99,"column":9}}},"9":{"name":"(anonymous_18)","decl":{"start":{"line":85,"column":27},"end":{"line":85,"column":30}},"loc":{"start":{"line":85,"column":33},"end":{"line":85,"column":74}}},"10":{"name":"(anonymous_19)","decl":{"start":{"line":86,"column":25},"end":{"line":86,"column":28}},"loc":{"start":{"line":86,"column":31},"end":{"line":86,"column":83}}},"11":{"name":"(anonymous_20)","decl":{"start":{"line":93,"column":27},"end":{"line":93,"column":30}},"loc":{"start":{"line":93,"column":33},"end":{"line":93,"column":71}}},"12":{"name":"(anonymous_21)","decl":{"start":{"line":94,"column":25},"end":{"line":94,"column":28}},"loc":{"start":{"line":94,"column":31},"end":{"line":94,"column":79}}}},"branchMap":{"0":{"loc":{"start":{"line":16,"column":2},"end":{"line":16,"column":64}},"type":"if","locations":[{"start":{"line":16,"column":2},"end":{"line":16,"column":64}},{"start":{},"end":{}}]},"1":{"loc":{"start":{"line":27,"column":7},"end":{"line":74,"column":null}},"type":"cond-expr","locations":[{"start":{"line":28,"column":8},"end":{"line":28,"column":50}},{"start":{"line":30,"column":8},"end":{"line":73,"column":null}}]},"2":{"loc":{"start":{"line":27,"column":8},"end":{"line":27,"column":38}},"type":"binary-expr","locations":[{"start":{"line":27,"column":8},"end":{"line":27,"column":15}},{"start":{"line":27,"column":19},"end":{"line":27,"column":38}}]},"3":{"loc":{"start":{"line":44,"column":17},"end":{"line":44,"column":96}},"type":"binary-expr","locations":[{"start":{"line":44,"column":17},"end":{"line":44,"column":34}},{"start":{"line":44,"column":38},"end":{"line":44,"column":96}}]},"4":{"loc":{"start":{"line":45,"column":17},"end":{"line":46,"column":null}},"type":"binary-expr","locations":[{"start":{"line":45,"column":17},"end":{"line":45,"column":42}},{"start":{"line":46,"column":18},"end":{"line":46,"column":111}}]},"5":{"loc":{"start":{"line":60,"column":22},"end":{"line":65,"column":23}},"type":"if","locations":[{"start":{"line":60,"column":22},"end":{"line":65,"column":23}},{"start":{},"end":{}}]},"6":{"loc":{"start":{"line":79,"column":21},"end":{"line":79,"column":135}},"type":"cond-expr","locations":[{"start":{"line":79,"column":33},"end":{"line":79,"column":123}},{"start":{"line":79,"column":126},"end":{"line":79,"column":135}}]},"7":{"loc":{"start":{"line":81,"column":10},"end":{"line":97,"column":11}},"type":"if","locations":[{"start":{"line":81,"column":10},"end":{"line":97,"column":11}},{"start":{"line":89,"column":17},"end":{"line":97,"column":11}}]}},"s":{"0":1,"1":1,"2":1,"3":1,"4":1,"5":1,"6":1,"7":1,"8":1,"9":1,"10":1,"11":1,"12":1,"13":1,"14":1,"15":0,"16":0,"17":0,"18":0,"19":0,"20":0,"21":0,"22":0,"23":0,"24":0,"25":0,"26":0,"27":0,"28":0,"29":0,"30":0,"31":0,"32":0,"33":0},"f":{"0":1,"1":0,"2":0,"3":0,"4":0,"5":0,"6":0,"7":0,"8":0,"9":0,"10":0,"11":0,"12":0},"b":{"0":[1,0],"1":[0,0],"2":[0,0],"3":[0,0],"4":[0,0],"5":[0,0],"6":[0,0],"7":[0,0]}}
,"C:\\05_APPLICATIONS\\BuildFlow\\apps\\frontend\\src\\features\\events\\EventModal.tsx": {"path":"C:\\05_APPLICATIONS\\BuildFlow\\apps\\frontend\\src\\features\\events\\EventModal.tsx","statementMap":{"0":{"start":{"line":4,"column":0},"end":{"line":4,"column":16}},"1":{"start":{"line":1,"column":0},"end":{"line":1,"column":40}},"2":{"start":{"line":2,"column":0},"end":{"line":2,"column":56}},"3":{"start":{"line":15,"column":26},"end":{"line":15,"column":59}},"4":{"start":{"line":16,"column":40},"end":{"line":16,"column":80}},"5":{"start":{"line":17,"column":34},"end":{"line":17,"column":118}},"6":{"start":{"line":19,"column":2},"end":{"line":23,"column":26}},"7":{"start":{"line":20,"column":4},"end":{"line":20,"column":37}},"8":{"start":{"line":21,"column":4},"end":{"line":21,"column":51}},"9":{"start":{"line":22,"column":4},"end":{"line":22,"column":92}},"10":{"start":{"line":25,"column":2},"end":{"line":89,"column":4}},"11":{"start":{"line":44,"column":12},"end":{"line":44,"column":31}},"12":{"start":{"line":45,"column":23},"end":{"line":45,"column":32}},"13":{"start":{"line":46,"column":12},"end":{"line":46,"column":99}},"14":{"start":{"line":46,"column":18},"end":{"line":46,"column":69}},"15":{"start":{"line":46,"column":80},"end":{"line":46,"column":97}},"16":{"start":{"line":47,"column":12},"end":{"line":47,"column":60}},"17":{"start":{"line":57,"column":29},"end":{"line":57,"column":52}},"18":{"start":{"line":65,"column":29},"end":{"line":65,"column":59}},"19":{"start":{"line":73,"column":29},"end":{"line":73,"column":56}}},"fnMap":{"0":{"name":"EventModal","decl":{"start":{"line":4,"column":16},"end":{"line":4,"column":26}},"loc":{"start":{"line":14,"column":1},"end":{"line":90,"column":1}}},"1":{"name":"(anonymous_10)","decl":{"start":{"line":19,"column":18},"end":{"line":19,"column":21}},"loc":{"start":{"line":19,"column":23},"end":{"line":23,"column":3}}},"2":{"name":"(anonymous_11)","decl":{"start":{"line":43,"column":20},"end":{"line":43,"column":21}},"loc":{"start":{"line":43,"column":24},"end":{"line":48,"column":11}}},"3":{"name":"(anonymous_12)","decl":{"start":{"line":57,"column":24},"end":{"line":57,"column":25}},"loc":{"start":{"line":57,"column":29},"end":{"line":57,"column":52}}},"4":{"name":"(anonymous_13)","decl":{"start":{"line":65,"column":24},"end":{"line":65,"column":25}},"loc":{"start":{"line":65,"column":29},"end":{"line":65,"column":59}}},"5":{"name":"(anonymous_14)","decl":{"start":{"line":73,"column":24},"end":{"line":73,"column":25}},"loc":{"start":{"line":73,"column":29},"end":{"line":73,"column":56}}}},"branchMap":{"0":{"loc":{"start":{"line":15,"column":35},"end":{"line":15,"column":58}},"type":"binary-expr","locations":[{"start":{"line":15,"column":35},"end":{"line":15,"column":52}},{"start":{"line":15,"column":56},"end":{"line":15,"column":58}}]},"1":{"loc":{"start":{"line":16,"column":49},"end":{"line":16,"column":79}},"type":"binary-expr","locations":[{"start":{"line":16,"column":49},"end":{"line":16,"column":73}},{"start":{"line":16,"column":77},"end":{"line":16,"column":79}}]},"2":{"loc":{"start":{"line":17,"column":43},"end":{"line":17,"column":117}},"type":"cond-expr","locations":[{"start":{"line":17,"column":67},"end":{"line":17,"column":112}},{"start":{"line":17,"column":115},"end":{"line":17,"column":117}}]},"3":{"loc":{"start":{"line":20,"column":12},"end":{"line":20,"column":35}},"type":"binary-expr","locations":[{"start":{"line":20,"column":12},"end":{"line":20,"column":29}},{"start":{"line":20,"column":33},"end":{"line":20,"column":35}}]},"4":{"loc":{"start":{"line":21,"column":19},"end":{"line":21,"column":49}},"type":"binary-expr","locations":[{"start":{"line":21,"column":19},"end":{"line":21,"column":43}},{"start":{"line":21,"column":47},"end":{"line":21,"column":49}}]},"5":{"loc":{"start":{"line":22,"column":16},"end":{"line":22,"column":90}},"type":"cond-expr","locations":[{"start":{"line":22,"column":40},"end":{"line":22,"column":85}},{"start":{"line":22,"column":88},"end":{"line":22,"column":90}}]},"6":{"loc":{"start":{"line":27,"column":7},"end":{"line":86,"column":null}},"type":"binary-expr","locations":[{"start":{"line":27,"column":7},"end":{"line":27,"column":11}},{"start":{"line":28,"column":8},"end":{"line":85,"column":null}}]},"7":{"loc":{"start":{"line":41,"column":48},"end":{"line":41,"column":103}},"type":"cond-expr","locations":[{"start":{"line":41,"column":62},"end":{"line":41,"column":82}},{"start":{"line":41,"column":85},"end":{"line":41,"column":103}}]},"8":{"loc":{"start":{"line":46,"column":25},"end":{"line":46,"column":68}},"type":"cond-expr","locations":[{"start":{"line":46,"column":36},"end":{"line":46,"column":56}},{"start":{"line":46,"column":59},"end":{"line":46,"column":68}}]},"9":{"loc":{"start":{"line":81,"column":15},"end":{"line":81,"column":52}},"type":"cond-expr","locations":[{"start":{"line":81,"column":29},"end":{"line":81,"column":42}},{"start":{"line":81,"column":45},"end":{"line":81,"column":52}}]}},"s":{"0":1,"1":1,"2":1,"3":0,"4":0,"5":0,"6":0,"7":0,"8":0,"9":0,"10":0,"11":0,"12":0,"13":0,"14":0,"15":0,"16":0,"17":0,"18":0,"19":0},"f":{"0":0,"1":0,"2":0,"3":0,"4":0,"5":0},"b":{"0":[0,0],"1":[0,0],"2":[0,0],"3":[0,0],"4":[0,0],"5":[0,0],"6":[0,0],"7":[0,0],"8":[0,0],"9":[0,0]}}
,"C:\\05_APPLICATIONS\\BuildFlow\\apps\\frontend\\src\\features\\events\\useProjectEvents.ts": {"path":"C:\\05_APPLICATIONS\\BuildFlow\\apps\\frontend\\src\\features\\events\\useProjectEvents.ts","statementMap":{"0":{"start":{"line":4,"column":0},"end":{"line":4,"column":16}},"1":{"start":{"line":19,"column":0},"end":{"line":19,"column":16}},"2":{"start":{"line":37,"column":0},"end":{"line":37,"column":16}},"3":{"start":{"line":56,"column":0},"end":{"line":56,"column":16}},"4":{"start":{"line":1,"column":0},"end":{"line":1,"column":78}},"5":{"start":{"line":2,"column":0},"end":{"line":2,"column":54}},"6":{"start":{"line":5,"column":2},"end":{"line":16,"column":5}},"7":{"start":{"line":8,"column":30},"end":{"line":12,"column":50}},"8":{"start":{"line":13,"column":6},"end":{"line":13,"column":29}},"9":{"start":{"line":13,"column":17},"end":{"line":13,"column":29}},"10":{"start":{"line":14,"column":6},"end":{"line":14,"column":18}},"11":{"start":{"line":20,"column":22},"end":{"line":20,"column":38}},"12":{"start":{"line":21,"column":2},"end":{"line":34,"column":5}},"13":{"start":{"line":23,"column":30},"end":{"line":27,"column":17}},"14":{"start":{"line":28,"column":6},"end":{"line":28,"column":29}},"15":{"start":{"line":28,"column":17},"end":{"line":28,"column":29}},"16":{"start":{"line":29,"column":6},"end":{"line":29,"column":18}},"17":{"start":{"line":32,"column":6},"end":{"line":32,"column":67}},"18":{"start":{"line":38,"column":22},"end":{"line":38,"column":38}},"19":{"start":{"line":39,"column":2},"end":{"line":53,"column":5}},"20":{"start":{"line":41,"column":30},"end":{"line":46,"column":17}},"21":{"start":{"line":47,"column":6},"end":{"line":47,"column":29}},"22":{"start":{"line":47,"column":17},"end":{"line":47,"column":29}},"23":{"start":{"line":48,"column":6},"end":{"line":48,"column":18}},"24":{"start":{"line":51,"column":6},"end":{"line":51,"column":67}},"25":{"start":{"line":57,"column":22},"end":{"line":57,"column":38}},"26":{"start":{"line":58,"column":2},"end":{"line":70,"column":5}},"27":{"start":{"line":60,"column":24},"end":{"line":63,"column":21}},"28":{"start":{"line":64,"column":6},"end":{"line":64,"column":29}},"29":{"start":{"line":64,"column":17},"end":{"line":64,"column":29}},"30":{"start":{"line":65,"column":6},"end":{"line":65,"column":16}},"31":{"start":{"line":68,"column":6},"end":{"line":68,"column":67}}},"fnMap":{"0":{"name":"useProjectEvents","decl":{"start":{"line":4,"column":16},"end":{"line":4,"column":32}},"loc":{"start":{"line":4,"column":50},"end":{"line":17,"column":1}}},"1":{"name":"(anonymous_1)","decl":{"start":{"line":7,"column":13},"end":{"line":7,"column":18}},"loc":{"start":{"line":7,"column":24},"end":{"line":15,"column":5}}},"2":{"name":"useCreateEvent","decl":{"start":{"line":19,"column":16},"end":{"line":19,"column":30}},"loc":{"start":{"line":19,"column":48},"end":{"line":35,"column":1}}},"3":{"name":"(anonymous_3)","decl":{"start":{"line":22,"column":16},"end":{"line":22,"column":21}},"loc":{"start":{"line":22,"column":114},"end":{"line":30,"column":5}}},"4":{"name":"(anonymous_4)","decl":{"start":{"line":31,"column":15},"end":{"line":31,"column":18}},"loc":{"start":{"line":31,"column":20},"end":{"line":33,"column":5}}},"5":{"name":"useUpdateEvent","decl":{"start":{"line":37,"column":16},"end":{"line":37,"column":30}},"loc":{"start":{"line":37,"column":48},"end":{"line":54,"column":1}}},"6":{"name":"(anonymous_6)","decl":{"start":{"line":40,"column":16},"end":{"line":40,"column":21}},"loc":{"start":{"line":40,"column":130},"end":{"line":49,"column":5}}},"7":{"name":"(anonymous_7)","decl":{"start":{"line":50,"column":15},"end":{"line":50,"column":18}},"loc":{"start":{"line":50,"column":20},"end":{"line":52,"column":5}}},"8":{"name":"useDeleteEvent","decl":{"start":{"line":56,"column":16},"end":{"line":56,"column":30}},"loc":{"start":{"line":56,"column":48},"end":{"line":71,"column":1}}},"9":{"name":"(anonymous_9)","decl":{"start":{"line":59,"column":16},"end":{"line":59,"column":21}},"loc":{"start":{"line":59,"column":37},"end":{"line":66,"column":5}}},"10":{"name":"(anonymous_10)","decl":{"start":{"line":67,"column":15},"end":{"line":67,"column":18}},"loc":{"start":{"line":67,"column":20},"end":{"line":69,"column":5}}}},"branchMap":{"0":{"loc":{"start":{"line":13,"column":6},"end":{"line":13,"column":29}},"type":"if","locations":[{"start":{"line":13,"column":6},"end":{"line":13,"column":29}},{"start":{},"end":{}}]},"1":{"loc":{"start":{"line":28,"column":6},"end":{"line":28,"column":29}},"type":"if","locations":[{"start":{"line":28,"column":6},"end":{"line":28,"column":29}},{"start":{},"end":{}}]},"2":{"loc":{"start":{"line":47,"column":6},"end":{"line":47,"column":29}},"type":"if","locations":[{"start":{"line":47,"column":6},"end":{"line":47,"column":29}},{"start":{},"end":{}}]},"3":{"loc":{"start":{"line":64,"column":6},"end":{"line":64,"column":29}},"type":"if","locations":[{"start":{"line":64,"column":6},"end":{"line":64,"column":29}},{"start":{},"end":{}}]}},"s":{"0":1,"1":1,"2":1,"3":1,"4":1,"5":1,"6":1,"7":1,"8":1,"9":0,"10":1,"11":1,"12":1,"13":0,"14":0,"15":0,"16":0,"17":0,"18":1,"19":1,"20":0,"21":0,"22":0,"23":0,"24":0,"25":1,"26":1,"27":0,"28":0,"29":0,"30":0,"31":0},"f":{"0":1,"1":1,"2":1,"3":0,"4":0,"5":1,"6":0,"7":0,"8":1,"9":0,"10":0},"b":{"0":[0,1],"1":[0,0],"2":[0,0],"3":[0,0]}}
,"C:\\05_APPLICATIONS\\BuildFlow\\apps\\frontend\\src\\features\\piloter\\PiloterDashboard.tsx": {"path":"C:\\05_APPLICATIONS\\BuildFlow\\apps\\frontend\\src\\features\\piloter\\PiloterDashboard.tsx","statementMap":{"0":{"start":{"line":19,"column":0},"end":{"line":19,"column":16}},"1":{"start":{"line":1,"column":0},"end":{"line":1,"column":39}},"2":{"start":{"line":2,"column":0},"end":{"line":2,"column":47}},"3":{"start":{"line":3,"column":0},"end":{"line":3,"column":24}},"4":{"start":{"line":4,"column":0},"end":{"line":4,"column":47}},"5":{"start":{"line":5,"column":0},"end":{"line":5,"column":49}},"6":{"start":{"line":7,"column":18},"end":{"line":12,"column":null}},"7":{"start":{"line":14,"column":23},"end":{"line":16,"column":2}},"8":{"start":{"line":20,"column":28},"end":{"line":20,"column":47}},"9":{"start":{"line":21,"column":15},"end":{"line":23,"column":4}},"10":{"start":{"line":24,"column":34},"end":{"line":24,"column":63}},"11":{"start":{"line":26,"column":19},"end":{"line":31,"column":3}},"12":{"start":{"line":27,"column":4},"end":{"line":27,"column":null}},"13":{"start":{"line":27,"column":19},"end":{"line":27,"column":55}},"14":{"start":{"line":28,"column":4},"end":{"line":28,"column":null}},"15":{"start":{"line":29,"column":4},"end":{"line":29,"column":null}},"16":{"start":{"line":30,"column":4},"end":{"line":30,"column":null}},"17":{"start":{"line":30,"column":21},"end":{"line":30,"column":38}},"18":{"start":{"line":33,"column":2},"end":{"line":72,"column":null}}},"fnMap":{"0":{"name":"PiloterDashboard","decl":{"start":{"line":19,"column":16},"end":{"line":19,"column":32}},"loc":{"start":{"line":19,"column":32},"end":{"line":73,"column":1}}},"1":{"name":"(anonymous_10)","decl":{"start":{"line":26,"column":19},"end":{"line":26,"column":20}},"loc":{"start":{"line":26,"column":44},"end":{"line":31,"column":3}}},"2":{"name":"(anonymous_11)","decl":{"start":{"line":27,"column":13},"end":{"line":27,"column":14}},"loc":{"start":{"line":27,"column":19},"end":{"line":27,"column":55}}},"3":{"name":"(anonymous_12)","decl":{"start":{"line":30,"column":15},"end":{"line":30,"column":18}},"loc":{"start":{"line":30,"column":21},"end":{"line":30,"column":38}}}},"branchMap":{"0":{"loc":{"start":{"line":39,"column":39},"end":{"line":39,"column":137}},"type":"cond-expr","locations":[{"start":{"line":39,"column":80},"end":{"line":39,"column":98}},{"start":{"line":39,"column":101},"end":{"line":39,"column":137}}]},"1":{"loc":{"start":{"line":64,"column":11},"end":{"line":64,"column":136}},"type":"binary-expr","locations":[{"start":{"line":64,"column":11},"end":{"line":64,"column":44}},{"start":{"line":64,"column":48},"end":{"line":64,"column":136}}]},"2":{"loc":{"start":{"line":67,"column":11},"end":{"line":67,"column":75}},"type":"cond-expr","locations":[{"start":{"line":67,"column":41},"end":{"line":67,"column":62}},{"start":{"line":67,"column":65},"end":{"line":67,"column":75}}]},"3":{"loc":{"start":{"line":69,"column":9},"end":{"line":69,"column":76}},"type":"binary-expr","locations":[{"start":{"line":69,"column":9},"end":{"line":69,"column":17}},{"start":{"line":69,"column":21},"end":{"line":69,"column":76}}]}},"s":{"0":1,"1":1,"2":1,"3":1,"4":1,"5":1,"6":1,"7":1,"8":4,"9":4,"10":4,"11":4,"12":1,"13":1,"14":1,"15":1,"16":1,"17":0,"18":4},"f":{"0":4,"1":1,"2":1,"3":0},"b":{"0":[4,0],"1":[4,0],"2":[1,3],"3":[4,1]}}
,"C:\\05_APPLICATIONS\\BuildFlow\\apps\\frontend\\src\\features\\planifier\\Gantt.tsx": {"path":"C:\\05_APPLICATIONS\\BuildFlow\\apps\\frontend\\src\\features\\planifier\\Gantt.tsx","statementMap":{"0":{"start":{"line":22,"column":0},"end":{"line":22,"column":16}},"1":{"start":{"line":1,"column":0},"end":{"line":1,"column":39}},"2":{"start":{"line":2,"column":0},"end":{"line":2,"column":47}},"3":{"start":{"line":3,"column":0},"end":{"line":3,"column":24}},"4":{"start":{"line":4,"column":0},"end":{"line":4,"column":47}},"5":{"start":{"line":5,"column":0},"end":{"line":5,"column":49}},"6":{"start":{"line":7,"column":19},"end":{"line":12,"column":2}},"7":{"start":{"line":15,"column":21},"end":{"line":20,"column":null}},"8":{"start":{"line":23,"column":28},"end":{"line":23,"column":50}},"9":{"start":{"line":24,"column":15},"end":{"line":26,"column":4}},"10":{"start":{"line":28,"column":19},"end":{"line":38,"column":3}},"11":{"start":{"line":29,"column":4},"end":{"line":36,"column":null}},"12":{"start":{"line":37,"column":4},"end":{"line":37,"column":null}},"13":{"start":{"line":40,"column":2},"end":{"line":95,"column":null}},"14":{"start":{"line":63,"column":14},"end":{"line":63,"column":33}},"15":{"start":{"line":83,"column":14},"end":{"line":83,"column":32}},"16":{"start":{"line":87,"column":97},"end":{"line":87,"column":132}},"17":{"start":{"line":87,"column":113},"end":{"line":87,"column":125}}},"fnMap":{"0":{"name":"Gantt","decl":{"start":{"line":22,"column":16},"end":{"line":22,"column":21}},"loc":{"start":{"line":22,"column":21},"end":{"line":96,"column":1}}},"1":{"name":"(anonymous_10)","decl":{"start":{"line":28,"column":19},"end":{"line":28,"column":20}},"loc":{"start":{"line":28,"column":40},"end":{"line":38,"column":3}}},"2":{"name":"(anonymous_11)","decl":{"start":{"line":62,"column":23},"end":{"line":62,"column":24}},"loc":{"start":{"line":63,"column":14},"end":{"line":63,"column":33}}},"3":{"name":"(anonymous_12)","decl":{"start":{"line":82,"column":23},"end":{"line":82,"column":27}},"loc":{"start":{"line":83,"column":14},"end":{"line":83,"column":32}}},"4":{"name":"(anonymous_13)","decl":{"start":{"line":87,"column":80},"end":{"line":87,"column":81}},"loc":{"start":{"line":87,"column":97},"end":{"line":87,"column":132}}},"5":{"name":"(anonymous_14)","decl":{"start":{"line":87,"column":108},"end":{"line":87,"column":109}},"loc":{"start":{"line":87,"column":113},"end":{"line":87,"column":125}}}},"branchMap":{"0":{"loc":{"start":{"line":34,"column":22},"end":{"line":34,"column":47}},"type":"binary-expr","locations":[{"start":{"line":34,"column":22},"end":{"line":34,"column":41}},{"start":{"line":34,"column":45},"end":{"line":34,"column":47}}]},"1":{"loc":{"start":{"line":46,"column":11},"end":{"line":46,"column":122}},"type":"binary-expr","locations":[{"start":{"line":46,"column":11},"end":{"line":46,"column":37}},{"start":{"line":46,"column":41},"end":{"line":46,"column":122}}]},"2":{"loc":{"start":{"line":51,"column":11},"end":{"line":51,"column":124}},"type":"binary-expr","locations":[{"start":{"line":51,"column":11},"end":{"line":51,"column":38}},{"start":{"line":51,"column":42},"end":{"line":51,"column":124}}]},"3":{"loc":{"start":{"line":56,"column":11},"end":{"line":56,"column":120}},"type":"binary-expr","locations":[{"start":{"line":56,"column":11},"end":{"line":56,"column":36}},{"start":{"line":56,"column":40},"end":{"line":56,"column":120}}]},"4":{"loc":{"start":{"line":68,"column":11},"end":{"line":68,"column":74}},"type":"cond-expr","locations":[{"start":{"line":68,"column":41},"end":{"line":68,"column":62}},{"start":{"line":68,"column":65},"end":{"line":68,"column":74}}]}},"s":{"0":1,"1":1,"2":1,"3":1,"4":1,"5":1,"6":1,"7":1,"8":4,"9":4,"10":4,"11":1,"12":1,"13":4,"14":17,"15":17,"16":12,"17":24},"f":{"0":4,"1":1,"2":17,"3":17,"4":12,"5":24},"b":{"0":[1,0],"1":[4,0],"2":[4,0],"3":[4,0],"4":[1,3]}}
,"C:\\05_APPLICATIONS\\BuildFlow\\apps\\frontend\\src\\features\\planviewer\\PlanViewer.tsx": {"path":"C:\\05_APPLICATIONS\\BuildFlow\\apps\\frontend\\src\\features\\planviewer\\PlanViewer.tsx","statementMap":{"0":{"start":{"line":11,"column":0},"end":{"line":11,"column":16}},"1":{"start":{"line":27,"column":0},"end":{"line":27,"column":16}},"2":{"start":{"line":1,"column":0},"end":{"line":1,"column":43}},"3":{"start":{"line":2,"column":0},"end":{"line":2,"column":26}},"4":{"start":{"line":3,"column":0},"end":{"line":3,"column":54}},"5":{"start":{"line":4,"column":0},"end":{"line":4,"column":49}},"6":{"start":{"line":5,"column":0},"end":{"line":5,"column":52}},"7":{"start":{"line":7,"column":0},"end":{"line":7,"column":46}},"8":{"start":{"line":9,"column":0},"end":{"line":9,"column":46}},"9":{"start":{"line":12,"column":2},"end":{"line":24,"column":5}},"10":{"start":{"line":15,"column":30},"end":{"line":20,"column":17}},"11":{"start":{"line":21,"column":6},"end":{"line":21,"column":29}},"12":{"start":{"line":21,"column":17},"end":{"line":21,"column":29}},"13":{"start":{"line":22,"column":6},"end":{"line":22,"column":18}},"14":{"start":{"line":28,"column":36},"end":{"line":28,"column":69}},"15":{"start":{"line":29,"column":2},"end":{"line":29,"column":159}},"16":{"start":{"line":29,"column":17},"end":{"line":29,"column":159}},"17":{"start":{"line":30,"column":2},"end":{"line":30,"column":58}},"18":{"start":{"line":30,"column":13},"end":{"line":30,"column":58}},"19":{"start":{"line":31,"column":20},"end":{"line":31,"column":101}},"20":{"start":{"line":32,"column":14},"end":{"line":32,"column":59}},"21":{"start":{"line":33,"column":2},"end":{"line":35,"column":3}},"22":{"start":{"line":34,"column":4},"end":{"line":34,"column":44}},"23":{"start":{"line":36,"column":2},"end":{"line":38,"column":3}},"24":{"start":{"line":37,"column":4},"end":{"line":37,"column":44}},"25":{"start":{"line":40,"column":2},"end":{"line":46,"column":4}}},"fnMap":{"0":{"name":"useBPEPlan","decl":{"start":{"line":11,"column":16},"end":{"line":11,"column":26}},"loc":{"start":{"line":11,"column":64},"end":{"line":25,"column":1}}},"1":{"name":"(anonymous_2)","decl":{"start":{"line":14,"column":13},"end":{"line":14,"column":18}},"loc":{"start":{"line":14,"column":24},"end":{"line":23,"column":5}}},"2":{"name":"PlanViewer","decl":{"start":{"line":27,"column":16},"end":{"line":27,"column":26}},"loc":{"start":{"line":27,"column":95},"end":{"line":47,"column":1}}}},"branchMap":{"0":{"loc":{"start":{"line":21,"column":6},"end":{"line":21,"column":29}},"type":"if","locations":[{"start":{"line":21,"column":6},"end":{"line":21,"column":29}},{"start":{},"end":{}}]},"1":{"loc":{"start":{"line":29,"column":2},"end":{"line":29,"column":159}},"type":"if","locations":[{"start":{"line":29,"column":2},"end":{"line":29,"column":159}},{"start":{},"end":{}}]},"2":{"loc":{"start":{"line":30,"column":2},"end":{"line":30,"column":58}},"type":"if","locations":[{"start":{"line":30,"column":2},"end":{"line":30,"column":58}},{"start":{},"end":{}}]},"3":{"loc":{"start":{"line":33,"column":2},"end":{"line":35,"column":3}},"type":"if","locations":[{"start":{"line":33,"column":2},"end":{"line":35,"column":3}},{"start":{},"end":{}}]},"4":{"loc":{"start":{"line":36,"column":2},"end":{"line":38,"column":3}},"type":"if","locations":[{"start":{"line":36,"column":2},"end":{"line":38,"column":3}},{"start":{},"end":{}}]}},"s":{"0":1,"1":1,"2":1,"3":1,"4":1,"5":1,"6":1,"7":1,"8":1,"9":2,"10":2,"11":0,"12":0,"13":0,"14":2,"15":2,"16":2,"17":0,"18":0,"19":0,"20":0,"21":0,"22":0,"23":0,"24":0,"25":0},"f":{"0":2,"1":2,"2":2},"b":{"0":[0,0],"1":[2,0],"2":[0,0],"3":[0,0],"4":[0,0]}}
,"C:\\05_APPLICATIONS\\BuildFlow\\apps\\frontend\\src\\features\\ui\\ToastProvider.tsx": {"path":"C:\\05_APPLICATIONS\\BuildFlow\\apps\\frontend\\src\\features\\ui\\ToastProvider.tsx","statementMap":{"0":{"start":{"line":5,"column":0},"end":{"line":5,"column":16}},"1":{"start":{"line":16,"column":0},"end":{"line":16,"column":16}},"2":{"start":{"line":1,"column":0},"end":{"line":1,"column":67}},"3":{"start":{"line":3,"column":21},"end":{"line":3,"column":70}},"4":{"start":{"line":6,"column":28},"end":{"line":6,"column":57}},"5":{"start":{"line":7,"column":20},"end":{"line":7,"column":50}},"6":{"start":{"line":7,"column":37},"end":{"line":7,"column":50}},"7":{"start":{"line":8,"column":2},"end":{"line":13,"column":4}},"8":{"start":{"line":17,"column":2},"end":{"line":17,"column":34}}},"fnMap":{"0":{"name":"(anonymous_9)","decl":{"start":{"line":3,"column":48},"end":{"line":3,"column":49}},"loc":{"start":{"line":3,"column":64},"end":{"line":3,"column":67}}},"1":{"name":"ToastProvider","decl":{"start":{"line":5,"column":16},"end":{"line":5,"column":29}},"loc":{"start":{"line":5,"column":73},"end":{"line":14,"column":1}}},"2":{"name":"(anonymous_11)","decl":{"start":{"line":7,"column":20},"end":{"line":7,"column":21}},"loc":{"start":{"line":7,"column":37},"end":{"line":7,"column":50}}},"3":{"name":"useToast","decl":{"start":{"line":16,"column":16},"end":{"line":16,"column":24}},"loc":{"start":{"line":16,"column":24},"end":{"line":18,"column":1}}}},"branchMap":{"0":{"loc":{"start":{"line":11,"column":7},"end":{"line":11,"column":34}},"type":"binary-expr","locations":[{"start":{"line":11,"column":7},"end":{"line":11,"column":12}},{"start":{"line":11,"column":16},"end":{"line":11,"column":34}}]}},"s":{"0":1,"1":1,"2":1,"3":1,"4":3,"5":3,"6":2,"7":3,"8":2},"f":{"0":0,"1":3,"2":2,"3":2},"b":{"0":[3,2]}}
,"C:\\05_APPLICATIONS\\BuildFlow\\apps\\frontend\\src\\hooks\\useZodForm.ts": {"path":"C:\\05_APPLICATIONS\\BuildFlow\\apps\\frontend\\src\\hooks\\useZodForm.ts","statementMap":{"0":{"start":{"line":10,"column":0},"end":{"line":10,"column":16}},"1":{"start":{"line":1,"column":0},"end":{"line":1,"column":71}},"2":{"start":{"line":2,"column":0},"end":{"line":2,"column":54}},"3":{"start":{"line":17,"column":2},"end":{"line":20,"column":5}}},"fnMap":{"0":{"name":"useZodForm","decl":{"start":{"line":10,"column":16},"end":{"line":10,"column":26}},"loc":{"start":{"line":15,"column":49},"end":{"line":21,"column":1}}}},"branchMap":{},"s":{"0":5,"1":5,"2":5,"3":24},"f":{"0":24},"b":{}}
,"C:\\05_APPLICATIONS\\BuildFlow\\apps\\frontend\\src\\lib\\utils.ts": {"path":"C:\\05_APPLICATIONS\\BuildFlow\\apps\\frontend\\src\\lib\\utils.ts","statementMap":{"0":{"start":{"line":4,"column":0},"end":{"line":4,"column":16}},"1":{"start":{"line":1,"column":0},"end":{"line":1,"column":44}},"2":{"start":{"line":2,"column":0},"end":{"line":2,"column":40}},"3":{"start":{"line":5,"column":2},"end":{"line":5,"column":null}}},"fnMap":{"0":{"name":"cn","decl":{"start":{"line":4,"column":16},"end":{"line":4,"column":18}},"loc":{"start":{"line":4,"column":42},"end":{"line":6,"column":1}}}},"branchMap":{},"s":{"0":5,"1":5,"2":5,"3":22},"f":{"0":22},"b":{}}
,"C:\\05_APPLICATIONS\\BuildFlow\\apps\\frontend\\src\\modules\\bureau-etudes\\components\\DocumentList.tsx": {"path":"C:\\05_APPLICATIONS\\BuildFlow\\apps\\frontend\\src\\modules\\bureau-etudes\\components\\DocumentList.tsx","statementMap":{"0":{"start":{"line":23,"column":0},"end":{"line":23,"column":16}},"1":{"start":{"line":1,"column":0},"end":{"line":1,"column":39}},"2":{"start":{"line":2,"column":0},"end":{"line":2,"column":55}},"3":{"start":{"line":3,"column":0},"end":{"line":3,"column":47}},"4":{"start":{"line":4,"column":0},"end":{"line":4,"column":24}},"5":{"start":{"line":5,"column":0},"end":{"line":5,"column":47}},"6":{"start":{"line":6,"column":0},"end":{"line":6,"column":49}},"7":{"start":{"line":8,"column":0},"end":{"line":8,"column":57}},"8":{"start":{"line":9,"column":0},"end":{"line":9,"column":123}},"9":{"start":{"line":11,"column":18},"end":{"line":14,"column":2}},"10":{"start":{"line":24,"column":36},"end":{"line":24,"column":66}},"11":{"start":{"line":25,"column":20},"end":{"line":25,"column":48}},"12":{"start":{"line":26,"column":20},"end":{"line":26,"column":48}},"13":{"start":{"line":27,"column":20},"end":{"line":27,"column":48}},"14":{"start":{"line":28,"column":32},"end":{"line":28,"column":51}},"15":{"start":{"line":29,"column":36},"end":{"line":29,"column":51}},"16":{"start":{"line":30,"column":24},"end":{"line":30,"column":40}},"17":{"start":{"line":32,"column":15},"end":{"line":34,"column":4}},"18":{"start":{"line":36,"column":2},"end":{"line":42,"column":null}},"19":{"start":{"line":37,"column":4},"end":{"line":41,"column":5}},"20":{"start":{"line":38,"column":6},"end":{"line":38,"column":null}},"21":{"start":{"line":40,"column":6},"end":{"line":40,"column":null}},"22":{"start":{"line":44,"column":19},"end":{"line":58,"column":3}},"23":{"start":{"line":45,"column":4},"end":{"line":57,"column":5}},"24":{"start":{"line":46,"column":6},"end":{"line":52,"column":7}},"25":{"start":{"line":47,"column":8},"end":{"line":47,"column":null}},"26":{"start":{"line":48,"column":8},"end":{"line":48,"column":62}},"27":{"start":{"line":50,"column":8},"end":{"line":50,"column":null}},"28":{"start":{"line":51,"column":8},"end":{"line":51,"column":59}},"29":{"start":{"line":53,"column":6},"end":{"line":53,"column":null}},"30":{"start":{"line":54,"column":6},"end":{"line":54,"column":null}},"31":{"start":{"line":56,"column":6},"end":{"line":56,"column":73}},"32":{"start":{"line":60,"column":2},"end":{"line":60,"column":null}},"33":{"start":{"line":60,"column":17},"end":{"line":60,"column":null}},"34":{"start":{"line":62,"column":2},"end":{"line":150,"column":null}},"35":{"start":{"line":66,"column":33},"end":{"line":66,"column":50}},"36":{"start":{"line":66,"column":51},"end":{"line":66,"column":70}},"37":{"start":{"line":71,"column":12},"end":{"line":72,"column":null}},"38":{"start":{"line":82,"column":31},"end":{"line":82,"column":47}},"39":{"start":{"line":89,"column":67},"end":{"line":89,"column":83}},"40":{"start":{"line":89,"column":84},"end":{"line":89,"column":103}},"41":{"start":{"line":95,"column":20},"end":{"line":100,"column":21}},"42":{"start":{"line":96,"column":22},"end":{"line":96,"column":58}},"43":{"start":{"line":97,"column":22},"end":{"line":97,"column":77}},"44":{"start":{"line":99,"column":22},"end":{"line":99,"column":87}},"45":{"start":{"line":141,"column":69},"end":{"line":141,"column":89}},"46":{"start":{"line":141,"column":90},"end":{"line":141,"column":107}}},"fnMap":{"0":{"name":"DocumentList","decl":{"start":{"line":23,"column":16},"end":{"line":23,"column":28}},"loc":{"start":{"line":23,"column":71},"end":{"line":151,"column":1}}},"1":{"name":"(anonymous_10)","decl":{"start":{"line":36,"column":18},"end":{"line":36,"column":21}},"loc":{"start":{"line":36,"column":23},"end":{"line":42,"column":3}}},"2":{"name":"(anonymous_11)","decl":{"start":{"line":44,"column":19},"end":{"line":44,"column":24}},"loc":{"start":{"line":44,"column":45},"end":{"line":58,"column":3}}},"3":{"name":"(anonymous_12)","decl":{"start":{"line":66,"column":25},"end":{"line":66,"column":28}},"loc":{"start":{"line":66,"column":30},"end":{"line":66,"column":71}}},"4":{"name":"(anonymous_13)","decl":{"start":{"line":70,"column":42},"end":{"line":70,"column":43}},"loc":{"start":{"line":71,"column":12},"end":{"line":72,"column":null}}},"5":{"name":"(anonymous_14)","decl":{"start":{"line":82,"column":25},"end":{"line":82,"column":28}},"loc":{"start":{"line":82,"column":31},"end":{"line":82,"column":47}}},"6":{"name":"(anonymous_15)","decl":{"start":{"line":89,"column":59},"end":{"line":89,"column":62}},"loc":{"start":{"line":89,"column":64},"end":{"line":89,"column":104}}},"7":{"name":"(anonymous_16)","decl":{"start":{"line":94,"column":27},"end":{"line":94,"column":32}},"loc":{"start":{"line":94,"column":38},"end":{"line":101,"column":19}}},"8":{"name":"(anonymous_17)","decl":{"start":{"line":141,"column":61},"end":{"line":141,"column":64}},"loc":{"start":{"line":141,"column":66},"end":{"line":141,"column":108}}}},"branchMap":{"0":{"loc":{"start":{"line":30,"column":24},"end":{"line":30,"column":40}},"type":"binary-expr","locations":[{"start":{"line":30,"column":24},"end":{"line":30,"column":34}},{"start":{"line":30,"column":38},"end":{"line":30,"column":40}}]},"1":{"loc":{"start":{"line":37,"column":4},"end":{"line":41,"column":5}},"type":"if","locations":[{"start":{"line":37,"column":4},"end":{"line":41,"column":5}},{"start":{"line":39,"column":11},"end":{"line":41,"column":5}}]},"2":{"loc":{"start":{"line":38,"column":51},"end":{"line":38,"column":73}},"type":"binary-expr","locations":[{"start":{"line":38,"column":51},"end":{"line":38,"column":67}},{"start":{"line":38,"column":71},"end":{"line":38,"column":73}}]},"3":{"loc":{"start":{"line":46,"column":6},"end":{"line":52,"column":7}},"type":"if","locations":[{"start":{"line":46,"column":6},"end":{"line":52,"column":7}},{"start":{"line":49,"column":13},"end":{"line":52,"column":7}}]},"4":{"loc":{"start":{"line":48,"column":8},"end":{"line":48,"column":61}},"type":"binary-expr","locations":[{"start":{"line":48,"column":8},"end":{"line":48,"column":17}},{"start":{"line":48,"column":21},"end":{"line":48,"column":61}}]},"5":{"loc":{"start":{"line":51,"column":8},"end":{"line":51,"column":58}},"type":"binary-expr","locations":[{"start":{"line":51,"column":8},"end":{"line":51,"column":17}},{"start":{"line":51,"column":21},"end":{"line":51,"column":58}}]},"6":{"loc":{"start":{"line":56,"column":6},"end":{"line":56,"column":72}},"type":"binary-expr","locations":[{"start":{"line":56,"column":6},"end":{"line":56,"column":15}},{"start":{"line":56,"column":19},"end":{"line":56,"column":72}}]},"7":{"loc":{"start":{"line":60,"column":2},"end":{"line":60,"column":null}},"type":"if","locations":[{"start":{"line":60,"column":2},"end":{"line":60,"column":null}},{"start":{},"end":{}}]},"8":{"loc":{"start":{"line":70,"column":11},"end":{"line":108,"column":74}},"type":"cond-expr","locations":[{"start":{"line":70,"column":33},"end":{"line":108,"column":12}},{"start":{"line":108,"column":15},"end":{"line":108,"column":74}}]},"9":{"loc":{"start":{"line":70,"column":11},"end":{"line":70,"column":30}},"type":"binary-expr","locations":[{"start":{"line":70,"column":11},"end":{"line":70,"column":15}},{"start":{"line":70,"column":19},"end":{"line":70,"column":30}}]},"10":{"loc":{"start":{"line":86,"column":17},"end":{"line":86,"column":101}},"type":"binary-expr","locations":[{"start":{"line":86,"column":17},"end":{"line":86,"column":29}},{"start":{"line":86,"column":33},"end":{"line":86,"column":101}}]},"11":{"loc":{"start":{"line":97,"column":22},"end":{"line":97,"column":76}},"type":"binary-expr","locations":[{"start":{"line":97,"column":22},"end":{"line":97,"column":31}},{"start":{"line":97,"column":35},"end":{"line":97,"column":76}}]},"12":{"loc":{"start":{"line":99,"column":22},"end":{"line":99,"column":86}},"type":"binary-expr","locations":[{"start":{"line":99,"column":22},"end":{"line":99,"column":31}},{"start":{"line":99,"column":35},"end":{"line":99,"column":86}}]},"13":{"loc":{"start":{"line":104,"column":19},"end":{"line":104,"column":70}},"type":"cond-expr","locations":[{"start":{"line":104,"column":41},"end":{"line":104,"column":62}},{"start":{"line":104,"column":65},"end":{"line":104,"column":70}}]},"14":{"loc":{"start":{"line":111,"column":7},"end":{"line":147,"column":null}},"type":"binary-expr","locations":[{"start":{"line":111,"column":7},"end":{"line":111,"column":16}},{"start":{"line":112,"column":8},"end":{"line":146,"column":null}}]},"15":{"loc":{"start":{"line":116,"column":24},"end":{"line":116,"column":72}},"type":"cond-expr","locations":[{"start":{"line":116,"column":34},"end":{"line":116,"column":51}},{"start":{"line":116,"column":54},"end":{"line":116,"column":72}}]},"16":{"loc":{"start":{"line":118,"column":44},"end":{"line":118,"column":74}},"type":"cond-expr","locations":[{"start":{"line":118,"column":54},"end":{"line":118,"column":62}},{"start":{"line":118,"column":65},"end":{"line":118,"column":74}}]},"17":{"loc":{"start":{"line":129,"column":15},"end":{"line":129,"column":128}},"type":"binary-expr","locations":[{"start":{"line":129,"column":15},"end":{"line":129,"column":42}},{"start":{"line":129,"column":46},"end":{"line":129,"column":128}}]},"18":{"loc":{"start":{"line":143,"column":17},"end":{"line":143,"column":80}},"type":"cond-expr","locations":[{"start":{"line":143,"column":47},"end":{"line":143,"column":68}},{"start":{"line":143,"column":71},"end":{"line":143,"column":80}}]}},"s":{"0":1,"1":1,"2":1,"3":1,"4":1,"5":1,"6":1,"7":1,"8":1,"9":1,"10":10,"11":10,"12":10,"13":10,"14":10,"15":10,"16":10,"17":10,"18":10,"19":2,"20":0,"21":2,"22":10,"23":1,"24":1,"25":0,"26":0,"27":1,"28":1,"29":1,"30":1,"31":0,"32":10,"33":6,"34":4,"35":1,"36":1,"37":0,"38":0,"39":0,"40":0,"41":0,"42":0,"43":0,"44":0,"45":0,"46":0},"f":{"0":10,"1":2,"2":1,"3":1,"4":0,"5":0,"6":0,"7":0,"8":0},"b":{"0":[10,10],"1":[0,2],"2":[0,0],"3":[0,1],"4":[0,0],"5":[1,0],"6":[0,0],"7":[6,4],"8":[0,4],"9":[4,4],"10":[0,0],"11":[0,0],"12":[0,0],"13":[0,0],"14":[4,2],"15":[0,2],"16":[0,2],"17":[2,0],"18":[1,1]}}
,"C:\\05_APPLICATIONS\\BuildFlow\\apps\\frontend\\src\\modules\\bureau-etudes\\hooks\\useProjectDocuments.ts": {"path":"C:\\05_APPLICATIONS\\BuildFlow\\apps\\frontend\\src\\modules\\bureau-etudes\\hooks\\useProjectDocuments.ts","statementMap":{"0":{"start":{"line":4,"column":0},"end":{"line":4,"column":16}},"1":{"start":{"line":19,"column":0},"end":{"line":19,"column":16}},"2":{"start":{"line":37,"column":0},"end":{"line":37,"column":16}},"3":{"start":{"line":56,"column":0},"end":{"line":56,"column":16}},"4":{"start":{"line":1,"column":0},"end":{"line":1,"column":78}},"5":{"start":{"line":2,"column":0},"end":{"line":2,"column":42}},"6":{"start":{"line":5,"column":2},"end":{"line":16,"column":5}},"7":{"start":{"line":8,"column":30},"end":{"line":12,"column":23}},"8":{"start":{"line":13,"column":6},"end":{"line":13,"column":29}},"9":{"start":{"line":13,"column":17},"end":{"line":13,"column":29}},"10":{"start":{"line":14,"column":6},"end":{"line":14,"column":18}},"11":{"start":{"line":20,"column":22},"end":{"line":20,"column":38}},"12":{"start":{"line":21,"column":2},"end":{"line":34,"column":5}},"13":{"start":{"line":23,"column":30},"end":{"line":27,"column":17}},"14":{"start":{"line":28,"column":6},"end":{"line":28,"column":29}},"15":{"start":{"line":28,"column":17},"end":{"line":28,"column":29}},"16":{"start":{"line":29,"column":6},"end":{"line":29,"column":18}},"17":{"start":{"line":32,"column":6},"end":{"line":32,"column":70}},"18":{"start":{"line":38,"column":22},"end":{"line":38,"column":38}},"19":{"start":{"line":39,"column":2},"end":{"line":53,"column":5}},"20":{"start":{"line":41,"column":30},"end":{"line":46,"column":17}},"21":{"start":{"line":47,"column":6},"end":{"line":47,"column":29}},"22":{"start":{"line":47,"column":17},"end":{"line":47,"column":29}},"23":{"start":{"line":48,"column":6},"end":{"line":48,"column":18}},"24":{"start":{"line":51,"column":6},"end":{"line":51,"column":70}},"25":{"start":{"line":57,"column":22},"end":{"line":57,"column":38}},"26":{"start":{"line":58,"column":2},"end":{"line":70,"column":5}},"27":{"start":{"line":60,"column":24},"end":{"line":63,"column":21}},"28":{"start":{"line":64,"column":6},"end":{"line":64,"column":29}},"29":{"start":{"line":64,"column":17},"end":{"line":64,"column":29}},"30":{"start":{"line":65,"column":6},"end":{"line":65,"column":16}},"31":{"start":{"line":68,"column":6},"end":{"line":68,"column":70}}},"fnMap":{"0":{"name":"useProjectDocuments","decl":{"start":{"line":4,"column":16},"end":{"line":4,"column":35}},"loc":{"start":{"line":4,"column":53},"end":{"line":17,"column":1}}},"1":{"name":"(anonymous_1)","decl":{"start":{"line":7,"column":13},"end":{"line":7,"column":18}},"loc":{"start":{"line":7,"column":24},"end":{"line":15,"column":5}}},"2":{"name":"useCreateDocument","decl":{"start":{"line":19,"column":16},"end":{"line":19,"column":33}},"loc":{"start":{"line":19,"column":51},"end":{"line":35,"column":1}}},"3":{"name":"(anonymous_3)","decl":{"start":{"line":22,"column":16},"end":{"line":22,"column":21}},"loc":{"start":{"line":22,"column":84},"end":{"line":30,"column":5}}},"4":{"name":"(anonymous_4)","decl":{"start":{"line":31,"column":15},"end":{"line":31,"column":18}},"loc":{"start":{"line":31,"column":20},"end":{"line":33,"column":5}}},"5":{"name":"useUpdateDocument","decl":{"start":{"line":37,"column":16},"end":{"line":37,"column":33}},"loc":{"start":{"line":37,"column":51},"end":{"line":54,"column":1}}},"6":{"name":"(anonymous_6)","decl":{"start":{"line":40,"column":16},"end":{"line":40,"column":21}},"loc":{"start":{"line":40,"column":100},"end":{"line":49,"column":5}}},"7":{"name":"(anonymous_7)","decl":{"start":{"line":50,"column":15},"end":{"line":50,"column":18}},"loc":{"start":{"line":50,"column":20},"end":{"line":52,"column":5}}},"8":{"name":"useDeleteDocument","decl":{"start":{"line":56,"column":16},"end":{"line":56,"column":33}},"loc":{"start":{"line":56,"column":51},"end":{"line":71,"column":1}}},"9":{"name":"(anonymous_9)","decl":{"start":{"line":59,"column":16},"end":{"line":59,"column":21}},"loc":{"start":{"line":59,"column":37},"end":{"line":66,"column":5}}},"10":{"name":"(anonymous_10)","decl":{"start":{"line":67,"column":15},"end":{"line":67,"column":18}},"loc":{"start":{"line":67,"column":20},"end":{"line":69,"column":5}}}},"branchMap":{"0":{"loc":{"start":{"line":13,"column":6},"end":{"line":13,"column":29}},"type":"if","locations":[{"start":{"line":13,"column":6},"end":{"line":13,"column":29}},{"start":{},"end":{}}]},"1":{"loc":{"start":{"line":28,"column":6},"end":{"line":28,"column":29}},"type":"if","locations":[{"start":{"line":28,"column":6},"end":{"line":28,"column":29}},{"start":{},"end":{}}]},"2":{"loc":{"start":{"line":47,"column":6},"end":{"line":47,"column":29}},"type":"if","locations":[{"start":{"line":47,"column":6},"end":{"line":47,"column":29}},{"start":{},"end":{}}]},"3":{"loc":{"start":{"line":64,"column":6},"end":{"line":64,"column":29}},"type":"if","locations":[{"start":{"line":64,"column":6},"end":{"line":64,"column":29}},{"start":{},"end":{}}]}},"s":{"0":1,"1":1,"2":1,"3":1,"4":1,"5":1,"6":10,"7":3,"8":3,"9":0,"10":3,"11":10,"12":10,"13":1,"14":1,"15":0,"16":1,"17":1,"18":10,"19":10,"20":0,"21":0,"22":0,"23":0,"24":0,"25":10,"26":10,"27":0,"28":0,"29":0,"30":0,"31":0},"f":{"0":10,"1":3,"2":10,"3":1,"4":1,"5":10,"6":0,"7":0,"8":10,"9":0,"10":0},"b":{"0":[0,3],"1":[0,1],"2":[0,0],"3":[0,0]}}
,"C:\\05_APPLICATIONS\\BuildFlow\\apps\\frontend\\src\\modules\\chantier\\components\\Equipe.tsx": {"path":"C:\\05_APPLICATIONS\\BuildFlow\\apps\\frontend\\src\\modules\\chantier\\components\\Equipe.tsx","statementMap":{"0":{"start":{"line":16,"column":0},"end":{"line":16,"column":16}},"1":{"start":{"line":1,"column":0},"end":{"line":1,"column":39}},"2":{"start":{"line":2,"column":0},"end":{"line":2,"column":47}},"3":{"start":{"line":3,"column":0},"end":{"line":3,"column":24}},"4":{"start":{"line":4,"column":0},"end":{"line":4,"column":47}},"5":{"start":{"line":5,"column":0},"end":{"line":5,"column":49}},"6":{"start":{"line":7,"column":21},"end":{"line":9,"column":2}},"7":{"start":{"line":17,"column":32},"end":{"line":17,"column":56}},"8":{"start":{"line":18,"column":15},"end":{"line":20,"column":4}},"9":{"start":{"line":22,"column":19},"end":{"line":25,"column":3}},"10":{"start":{"line":23,"column":4},"end":{"line":23,"column":null}},"11":{"start":{"line":24,"column":4},"end":{"line":24,"column":null}},"12":{"start":{"line":27,"column":2},"end":{"line":52,"column":null}},"13":{"start":{"line":48,"column":10},"end":{"line":48,"column":25}}},"fnMap":{"0":{"name":"Equipe","decl":{"start":{"line":16,"column":16},"end":{"line":16,"column":22}},"loc":{"start":{"line":16,"column":68},"end":{"line":53,"column":1}}},"1":{"name":"(anonymous_10)","decl":{"start":{"line":22,"column":19},"end":{"line":22,"column":20}},"loc":{"start":{"line":22,"column":42},"end":{"line":25,"column":3}}},"2":{"name":"(anonymous_11)","decl":{"start":{"line":47,"column":38},"end":{"line":47,"column":39}},"loc":{"start":{"line":48,"column":10},"end":{"line":48,"column":25}}}},"branchMap":{"0":{"loc":{"start":{"line":16,"column":34},"end":{"line":16,"column":53}},"type":"default-arg","locations":[{"start":{"line":16,"column":51},"end":{"line":16,"column":53}}]},"1":{"loc":{"start":{"line":40,"column":11},"end":{"line":40,"column":122}},"type":"binary-expr","locations":[{"start":{"line":40,"column":11},"end":{"line":40,"column":37}},{"start":{"line":40,"column":41},"end":{"line":40,"column":122}}]},"2":{"loc":{"start":{"line":43,"column":11},"end":{"line":43,"column":74}},"type":"cond-expr","locations":[{"start":{"line":43,"column":41},"end":{"line":43,"column":62}},{"start":{"line":43,"column":65},"end":{"line":43,"column":74}}]},"3":{"loc":{"start":{"line":47,"column":9},"end":{"line":49,"column":78}},"type":"cond-expr","locations":[{"start":{"line":47,"column":26},"end":{"line":49,"column":10}},{"start":{"line":49,"column":13},"end":{"line":49,"column":78}}]}},"s":{"0":1,"1":1,"2":1,"3":1,"4":1,"5":1,"6":1,"7":4,"8":4,"9":4,"10":1,"11":1,"12":4,"13":1},"f":{"0":4,"1":1,"2":1},"b":{"0":[0],"1":[4,0],"2":[1,3],"3":[1,3]}}
,"C:\\05_APPLICATIONS\\BuildFlow\\apps\\frontend\\src\\ui\\Spinner.tsx": {"path":"C:\\05_APPLICATIONS\\BuildFlow\\apps\\frontend\\src\\ui\\Spinner.tsx","statementMap":{"0":{"start":{"line":3,"column":0},"end":{"line":3,"column":16}},"1":{"start":{"line":1,"column":0},"end":{"line":1,"column":26}},"2":{"start":{"line":4,"column":2},"end":{"line":29,"column":4}}},"fnMap":{"0":{"name":"Spinner","decl":{"start":{"line":3,"column":16},"end":{"line":3,"column":23}},"loc":{"start":{"line":3,"column":92},"end":{"line":30,"column":1}}}},"branchMap":{"0":{"loc":{"start":{"line":3,"column":26},"end":{"line":3,"column":35}},"type":"default-arg","locations":[{"start":{"line":3,"column":33},"end":{"line":3,"column":35}}]},"1":{"loc":{"start":{"line":3,"column":37},"end":{"line":3,"column":51}},"type":"default-arg","locations":[{"start":{"line":3,"column":49},"end":{"line":3,"column":51}}]}},"s":{"0":1,"1":1,"2":2},"f":{"0":2},"b":{"0":[0],"1":[2]}}
,"C:\\05_APPLICATIONS\\BuildFlow\\apps\\frontend\\src\\ui\\ToastProvider.tsx": {"path":"C:\\05_APPLICATIONS\\BuildFlow\\apps\\frontend\\src\\ui\\ToastProvider.tsx","statementMap":{"0":{"start":{"line":5,"column":0},"end":{"line":5,"column":16}},"1":{"start":{"line":9,"column":0},"end":{"line":9,"column":16}},"2":{"start":{"line":1,"column":0},"end":{"line":1,"column":80}},"3":{"start":{"line":3,"column":21},"end":{"line":3,"column":45}},"4":{"start":{"line":6,"column":2},"end":{"line":6,"column":34}},"5":{"start":{"line":10,"column":30},"end":{"line":10,"column":109}},"6":{"start":{"line":12,"column":20},"end":{"line":16,"column":8}},"7":{"start":{"line":13,"column":15},"end":{"line":13,"column":25}},"8":{"start":{"line":14,"column":4},"end":{"line":14,"column":52}},"9":{"start":{"line":14,"column":20},"end":{"line":14,"column":50}},"10":{"start":{"line":15,"column":4},"end":{"line":15,"column":73}},"11":{"start":{"line":15,"column":21},"end":{"line":15,"column":65}},"12":{"start":{"line":15,"column":37},"end":{"line":15,"column":64}},"13":{"start":{"line":15,"column":52},"end":{"line":15,"column":63}},"14":{"start":{"line":18,"column":2},"end":{"line":33,"column":4}},"15":{"start":{"line":23,"column":10},"end":{"line":24,"column":null}}},"fnMap":{"0":{"name":"useToast","decl":{"start":{"line":5,"column":16},"end":{"line":5,"column":24}},"loc":{"start":{"line":5,"column":24},"end":{"line":7,"column":1}}},"1":{"name":"ToastProvider","decl":{"start":{"line":9,"column":16},"end":{"line":9,"column":29}},"loc":{"start":{"line":9,"column":73},"end":{"line":34,"column":1}}},"2":{"name":"(anonymous_11)","decl":{"start":{"line":12,"column":32},"end":{"line":12,"column":33}},"loc":{"start":{"line":12,"column":91},"end":{"line":16,"column":3}}},"3":{"name":"(anonymous_12)","decl":{"start":{"line":14,"column":14},"end":{"line":14,"column":16}},"loc":{"start":{"line":14,"column":20},"end":{"line":14,"column":50}}},"4":{"name":"(anonymous_13)","decl":{"start":{"line":15,"column":15},"end":{"line":15,"column":18}},"loc":{"start":{"line":15,"column":21},"end":{"line":15,"column":65}}},"5":{"name":"(anonymous_14)","decl":{"start":{"line":15,"column":31},"end":{"line":15,"column":33}},"loc":{"start":{"line":15,"column":37},"end":{"line":15,"column":64}}},"6":{"name":"(anonymous_15)","decl":{"start":{"line":15,"column":47},"end":{"line":15,"column":48}},"loc":{"start":{"line":15,"column":52},"end":{"line":15,"column":63}}},"7":{"name":"(anonymous_16)","decl":{"start":{"line":22,"column":20},"end":{"line":22,"column":21}},"loc":{"start":{"line":23,"column":10},"end":{"line":24,"column":null}}}},"branchMap":{"0":{"loc":{"start":{"line":12,"column":50},"end":{"line":12,"column":87}},"type":"default-arg","locations":[{"start":{"line":12,"column":78},"end":{"line":12,"column":87}}]},"1":{"loc":{"start":{"line":25,"column":72},"end":{"line":25,"column":124}},"type":"cond-expr","locations":[{"start":{"line":25,"column":95},"end":{"line":25,"column":109}},{"start":{"line":25,"column":112},"end":{"line":25,"column":124}}]}},"s":{"0":1,"1":1,"2":1,"3":1,"4":2,"5":0,"6":0,"7":0,"8":0,"9":0,"10":0,"11":0,"12":0,"13":0,"14":0,"15":0},"f":{"0":2,"1":0,"2":0,"3":0,"4":0,"5":0,"6":0,"7":0},"b":{"0":[0],"1":[0,0]}}
,"C:\\05_APPLICATIONS\\BuildFlow\\apps\\frontend\\src\\utils\\useRealtimeProjectEvents.ts": {"path":"C:\\05_APPLICATIONS\\BuildFlow\\apps\\frontend\\src\\utils\\useRealtimeProjectEvents.ts","statementMap":{"0":{"start":{"line":4,"column":0},"end":{"line":4,"column":16}},"1":{"start":{"line":1,"column":0},"end":{"line":1,"column":34}},"2":{"start":{"line":2,"column":0},"end":{"line":2,"column":44}},"3":{"start":{"line":5,"column":2},"end":{"line":17,"column":27}},"4":{"start":{"line":6,"column":20},"end":{"line":15,"column":18}},"5":{"start":{"line":13,"column":8},"end":{"line":13,"column":25}},"6":{"start":{"line":16,"column":4},"end":{"line":16,"column":44}},"7":{"start":{"line":16,"column":19},"end":{"line":16,"column":41}}},"fnMap":{"0":{"name":"useRealtimeProjectEvents","decl":{"start":{"line":4,"column":16},"end":{"line":4,"column":40}},"loc":{"start":{"line":4,"column":115},"end":{"line":18,"column":1}}},"1":{"name":"(anonymous_1)","decl":{"start":{"line":5,"column":12},"end":{"line":5,"column":15}},"loc":{"start":{"line":5,"column":17},"end":{"line":17,"column":3}}},"2":{"name":"(anonymous_2)","decl":{"start":{"line":12,"column":9},"end":{"line":12,"column":16}},"loc":{"start":{"line":12,"column":19},"end":{"line":14,"column":7}}},"3":{"name":"(anonymous_3)","decl":{"start":{"line":16,"column":11},"end":{"line":16,"column":14}},"loc":{"start":{"line":16,"column":16},"end":{"line":16,"column":43}}}},"branchMap":{},"s":{"0":1,"1":1,"2":1,"3":1,"4":1,"5":0,"6":1,"7":1},"f":{"0":1,"1":1,"2":0,"3":1},"b":{}}
}
