{"C:\\05_APPLICATIONS\\BuildFlow\\apps\\frontend\\src\\App.tsx": {"path":"C:\\05_APPLICATIONS\\BuildFlow\\apps\\frontend\\src\\App.tsx","statementMap":{"0":{"start":{"line":18,"column":4},"end":{"line":18,"column":76}},"1":{"start":{"line":19,"column":28},"end":{"line":19,"column":37}},"2":{"start":{"line":20,"column":20},"end":{"line":20,"column":39}},"3":{"start":{"line":21,"column":50},"end":{"line":21,"column":79}},"4":{"start":{"line":22,"column":36},"end":{"line":22,"column":105}},"5":{"start":{"line":25,"column":24},"end":{"line":25,"column":40}},"6":{"start":{"line":28,"column":30},"end":{"line":35,"column":17}},"7":{"start":{"line":29,"column":4},"end":{"line":29,"column":27}},"8":{"start":{"line":29,"column":20},"end":{"line":29,"column":27}},"9":{"start":{"line":30,"column":4},"end":{"line":34,"column":5}},"10":{"start":{"line":31,"column":6},"end":{"line":31,"column":91}},"11":{"start":{"line":31,"column":43},"end":{"line":31,"column":91}},"12":{"start":{"line":32,"column":6},"end":{"line":32,"column":89}},"13":{"start":{"line":32,"column":45},"end":{"line":32,"column":89}},"14":{"start":{"line":33,"column":6},"end":{"line":33,"column":89}},"15":{"start":{"line":33,"column":46},"end":{"line":33,"column":89}},"16":{"start":{"line":36,"column":2},"end":{"line":38,"column":3}},"17":{"start":{"line":37,"column":4},"end":{"line":37,"column":74}},"18":{"start":{"line":40,"column":2},"end":{"line":40,"column":63}},"19":{"start":{"line":40,"column":15},"end":{"line":40,"column":63}},"20":{"start":{"line":41,"column":2},"end":{"line":51,"column":4}},"21":{"start":{"line":41,"column":13},"end":{"line":51,"column":4}},"22":{"start":{"line":53,"column":15},"end":{"line":53,"column":86}},"23":{"start":{"line":55,"column":2},"end":{"line":139,"column":4}},"24":{"start":{"line":81,"column":25},"end":{"line":81,"column":49}},"25":{"start":{"line":88,"column":25},"end":{"line":88,"column":50}},"26":{"start":{"line":95,"column":25},"end":{"line":95,"column":48}},"27":{"start":{"line":102,"column":25},"end":{"line":102,"column":47}}},"fnMap":{"0":{"name":"App","decl":{"start":{"line":17,"column":9},"end":{"line":17,"column":12}},"loc":{"start":{"line":17,"column":15},"end":{"line":140,"column":1}},"line":17},"1":{"name":"(anonymous_1)","decl":{"start":{"line":28,"column":42},"end":{"line":28,"column":43}},"loc":{"start":{"line":28,"column":55},"end":{"line":35,"column":3}},"line":28},"2":{"name":"(anonymous_2)","decl":{"start":{"line":81,"column":19},"end":{"line":81,"column":20}},"loc":{"start":{"line":81,"column":25},"end":{"line":81,"column":49}},"line":81},"3":{"name":"(anonymous_3)","decl":{"start":{"line":88,"column":19},"end":{"line":88,"column":20}},"loc":{"start":{"line":88,"column":25},"end":{"line":88,"column":50}},"line":88},"4":{"name":"(anonymous_4)","decl":{"start":{"line":95,"column":19},"end":{"line":95,"column":20}},"loc":{"start":{"line":95,"column":25},"end":{"line":95,"column":48}},"line":95},"5":{"name":"(anonymous_5)","decl":{"start":{"line":102,"column":19},"end":{"line":102,"column":20}},"loc":{"start":{"line":102,"column":25},"end":{"line":102,"column":47}},"line":102}},"branchMap":{"0":{"loc":{"start":{"line":25,"column":24},"end":{"line":25,"column":40}},"type":"binary-expr","locations":[{"start":{"line":25,"column":24},"end":{"line":25,"column":34}},{"start":{"line":25,"column":38},"end":{"line":25,"column":40}}],"line":25},"1":{"loc":{"start":{"line":29,"column":4},"end":{"line":29,"column":27}},"type":"if","locations":[{"start":{"line":29,"column":4},"end":{"line":29,"column":27}},{"start":{},"end":{}}],"line":29},"2":{"loc":{"start":{"line":30,"column":4},"end":{"line":34,"column":5}},"type":"if","locations":[{"start":{"line":30,"column":4},"end":{"line":34,"column":5}},{"start":{},"end":{}}],"line":30},"3":{"loc":{"start":{"line":31,"column":6},"end":{"line":31,"column":91}},"type":"if","locations":[{"start":{"line":31,"column":6},"end":{"line":31,"column":91}},{"start":{},"end":{}}],"line":31},"4":{"loc":{"start":{"line":32,"column":6},"end":{"line":32,"column":89}},"type":"if","locations":[{"start":{"line":32,"column":6},"end":{"line":32,"column":89}},{"start":{},"end":{}}],"line":32},"5":{"loc":{"start":{"line":33,"column":6},"end":{"line":33,"column":89}},"type":"if","locations":[{"start":{"line":33,"column":6},"end":{"line":33,"column":89}},{"start":{},"end":{}}],"line":33},"6":{"loc":{"start":{"line":36,"column":2},"end":{"line":38,"column":3}},"type":"if","locations":[{"start":{"line":36,"column":2},"end":{"line":38,"column":3}},{"start":{},"end":{}}],"line":36},"7":{"loc":{"start":{"line":40,"column":2},"end":{"line":40,"column":63}},"type":"if","locations":[{"start":{"line":40,"column":2},"end":{"line":40,"column":63}},{"start":{},"end":{}}],"line":40},"8":{"loc":{"start":{"line":41,"column":2},"end":{"line":51,"column":4}},"type":"if","locations":[{"start":{"line":41,"column":2},"end":{"line":51,"column":4}},{"start":{},"end":{}}],"line":41},"9":{"loc":{"start":{"line":53,"column":15},"end":{"line":53,"column":86}},"type":"binary-expr","locations":[{"start":{"line":53,"column":15},"end":{"line":53,"column":47}},{"start":{"line":53,"column":51},"end":{"line":53,"column":86}}],"line":53},"10":{"loc":{"start":{"line":66,"column":27},"end":{"line":66,"column":80}},"type":"cond-expr","locations":[{"start":{"line":66,"column":54},"end":{"line":66,"column":75}},{"start":{"line":66,"column":78},"end":{"line":66,"column":80}}],"line":66},"11":{"loc":{"start":{"line":68,"column":27},"end":{"line":68,"column":81}},"type":"cond-expr","locations":[{"start":{"line":68,"column":55},"end":{"line":68,"column":76}},{"start":{"line":68,"column":79},"end":{"line":68,"column":81}}],"line":68},"12":{"loc":{"start":{"line":70,"column":27},"end":{"line":70,"column":79}},"type":"cond-expr","locations":[{"start":{"line":70,"column":53},"end":{"line":70,"column":74}},{"start":{"line":70,"column":77},"end":{"line":70,"column":79}}],"line":70},"13":{"loc":{"start":{"line":72,"column":27},"end":{"line":72,"column":78}},"type":"cond-expr","locations":[{"start":{"line":72,"column":52},"end":{"line":72,"column":73}},{"start":{"line":72,"column":76},"end":{"line":72,"column":78}}],"line":72},"14":{"loc":{"start":{"line":82,"column":65},"end":{"line":82,"column":138}},"type":"cond-expr","locations":[{"start":{"line":82,"column":92},"end":{"line":82,"column":133}},{"start":{"line":82,"column":136},"end":{"line":82,"column":138}}],"line":82},"15":{"loc":{"start":{"line":89,"column":65},"end":{"line":89,"column":139}},"type":"cond-expr","locations":[{"start":{"line":89,"column":93},"end":{"line":89,"column":134}},{"start":{"line":89,"column":137},"end":{"line":89,"column":139}}],"line":89},"16":{"loc":{"start":{"line":96,"column":65},"end":{"line":96,"column":137}},"type":"cond-expr","locations":[{"start":{"line":96,"column":91},"end":{"line":96,"column":132}},{"start":{"line":96,"column":135},"end":{"line":96,"column":137}}],"line":96},"17":{"loc":{"start":{"line":103,"column":65},"end":{"line":103,"column":136}},"type":"cond-expr","locations":[{"start":{"line":103,"column":90},"end":{"line":103,"column":131}},{"start":{"line":103,"column":134},"end":{"line":103,"column":136}}],"line":103},"18":{"loc":{"start":{"line":110,"column":9},"end":{"line":133,"column":9}},"type":"binary-expr","locations":[{"start":{"line":110,"column":9},"end":{"line":110,"column":33}},{"start":{"line":111,"column":10},"end":{"line":132,"column":13}}],"line":110},"19":{"loc":{"start":{"line":117,"column":13},"end":{"line":124,"column":13}},"type":"binary-expr","locations":[{"start":{"line":117,"column":13},"end":{"line":117,"column":29}},{"start":{"line":118,"column":14},"end":{"line":123,"column":17}}],"line":117},"20":{"loc":{"start":{"line":126,"column":13},"end":{"line":130,"column":13}},"type":"binary-expr","locations":[{"start":{"line":126,"column":13},"end":{"line":126,"column":17}},{"start":{"line":126,"column":21},"end":{"line":126,"column":37}},{"start":{"line":127,"column":14},"end":{"line":129,"column":20}}],"line":126},"21":{"loc":{"start":{"line":131,"column":68},"end":{"line":131,"column":97}},"type":"binary-expr","locations":[{"start":{"line":131,"column":68},"end":{"line":131,"column":84}},{"start":{"line":131,"column":88},"end":{"line":131,"column":97}}],"line":131},"22":{"loc":{"start":{"line":134,"column":9},"end":{"line":134,"column":51}},"type":"binary-expr","locations":[{"start":{"line":134,"column":9},"end":{"line":134,"column":34}},{"start":{"line":134,"column":38},"end":{"line":134,"column":51}}],"line":134},"23":{"loc":{"start":{"line":135,"column":9},"end":{"line":135,"column":47}},"type":"binary-expr","locations":[{"start":{"line":135,"column":9},"end":{"line":135,"column":32}},{"start":{"line":135,"column":36},"end":{"line":135,"column":47}}],"line":135},"24":{"loc":{"start":{"line":136,"column":9},"end":{"line":136,"column":45}},"type":"binary-expr","locations":[{"start":{"line":136,"column":9},"end":{"line":136,"column":31}},{"start":{"line":136,"column":35},"end":{"line":136,"column":45}}],"line":136}},"s":{"0":2,"1":2,"2":2,"3":2,"4":2,"5":2,"6":2,"7":0,"8":0,"9":0,"10":0,"11":0,"12":0,"13":0,"14":0,"15":0,"16":2,"17":1,"18":2,"19":0,"20":2,"21":1,"22":1,"23":1,"24":0,"25":0,"26":0,"27":0},"f":{"0":2,"1":0,"2":0,"3":0,"4":0,"5":0},"b":{"0":[2,0],"1":[0,0],"2":[0,0],"3":[0,0],"4":[0,0],"5":[0,0],"6":[1,1],"7":[0,2],"8":[1,1],"9":[1,1],"10":[1,0],"11":[0,1],"12":[0,1],"13":[0,1],"14":[1,0],"15":[0,1],"16":[0,1],"17":[0,1],"18":[1,1],"19":[1,0],"20":[1,0,0],"21":[1,1],"22":[1,0],"23":[1,0],"24":[1,0]},"_coverageSchema":"1a1c01bbd47fc00a2c39e90264f33305004495a9","hash":"99a96050caff1246bdf3b21d623198c398d04a76"}
,"C:\\05_APPLICATIONS\\BuildFlow\\apps\\frontend\\src\\features\\auth\\AuthForm.tsx": {"path":"C:\\05_APPLICATIONS\\BuildFlow\\apps\\frontend\\src\\features\\auth\\AuthForm.tsx","statementMap":{"0":{"start":{"line":5,"column":28},"end":{"line":5,"column":40}},"1":{"start":{"line":6,"column":26},"end":{"line":6,"column":41}},"2":{"start":{"line":7,"column":28},"end":{"line":7,"column":57}},"3":{"start":{"line":9,"column":23},"end":{"line":18,"column":3}},"4":{"start":{"line":10,"column":4},"end":{"line":10,"column":23}},"5":{"start":{"line":11,"column":4},"end":{"line":11,"column":19}},"6":{"start":{"line":12,"column":4},"end":{"line":17,"column":5}},"7":{"start":{"line":13,"column":6},"end":{"line":13,"column":39}},"8":{"start":{"line":14,"column":6},"end":{"line":14,"column":20}},"9":{"start":{"line":16,"column":6},"end":{"line":16,"column":28}},"10":{"start":{"line":20,"column":2},"end":{"line":25,"column":4}},"11":{"start":{"line":20,"column":12},"end":{"line":25,"column":4}},"12":{"start":{"line":27,"column":2},"end":{"line":42,"column":4}},"13":{"start":{"line":35,"column":23},"end":{"line":35,"column":47}}},"fnMap":{"0":{"name":"AuthForm","decl":{"start":{"line":4,"column":16},"end":{"line":4,"column":24}},"loc":{"start":{"line":4,"column":27},"end":{"line":43,"column":1}},"line":4},"1":{"name":"(anonymous_1)","decl":{"start":{"line":9,"column":23},"end":{"line":9,"column":24}},"loc":{"start":{"line":9,"column":53},"end":{"line":18,"column":3}},"line":9},"2":{"name":"(anonymous_2)","decl":{"start":{"line":35,"column":18},"end":{"line":35,"column":19}},"loc":{"start":{"line":35,"column":23},"end":{"line":35,"column":47}},"line":35}},"branchMap":{"0":{"loc":{"start":{"line":20,"column":2},"end":{"line":25,"column":4}},"type":"if","locations":[{"start":{"line":20,"column":2},"end":{"line":25,"column":4}},{"start":{},"end":{}}],"line":20},"1":{"loc":{"start":{"line":40,"column":7},"end":{"line":40,"column":67}},"type":"binary-expr","locations":[{"start":{"line":40,"column":7},"end":{"line":40,"column":12}},{"start":{"line":40,"column":16},"end":{"line":40,"column":67}}],"line":40}},"s":{"0":1,"1":1,"2":1,"3":1,"4":0,"5":0,"6":0,"7":0,"8":0,"9":0,"10":1,"11":0,"12":1,"13":0},"f":{"0":1,"1":0,"2":0},"b":{"0":[0,1],"1":[1,0]},"_coverageSchema":"1a1c01bbd47fc00a2c39e90264f33305004495a9","hash":"90b7d9847cce7b150707327235f7a98da259df41"}
,"C:\\05_APPLICATIONS\\BuildFlow\\apps\\frontend\\src\\features\\auth\\Login.tsx": {"path":"C:\\05_APPLICATIONS\\BuildFlow\\apps\\frontend\\src\\features\\auth\\Login.tsx","statementMap":{"0":{"start":{"line":4,"column":2},"end":{"line":10,"column":4}}},"fnMap":{"0":{"name":"Login","decl":{"start":{"line":3,"column":24},"end":{"line":3,"column":29}},"loc":{"start":{"line":3,"column":32},"end":{"line":11,"column":1}},"line":3}},"branchMap":{},"s":{"0":2},"f":{"0":2},"b":{},"_coverageSchema":"1a1c01bbd47fc00a2c39e90264f33305004495a9","hash":"37d80c69d116687ce4a2a56a1ecf2cb6cbe7980a"}
,"C:\\05_APPLICATIONS\\BuildFlow\\apps\\frontend\\src\\features\\documents\\DocumentForm.tsx": {"path":"C:\\05_APPLICATIONS\\BuildFlow\\apps\\frontend\\src\\features\\documents\\DocumentForm.tsx","statementMap":{"0":{"start":{"line":4,"column":26},"end":{"line":4,"column":38}},"1":{"start":{"line":5,"column":28},"end":{"line":5,"column":40}},"2":{"start":{"line":6,"column":23},"end":{"line":10,"column":3}},"3":{"start":{"line":7,"column":4},"end":{"line":7,"column":23}},"4":{"start":{"line":8,"column":4},"end":{"line":9,"column":22}},"5":{"start":{"line":8,"column":15},"end":{"line":8,"column":40}},"6":{"start":{"line":9,"column":9},"end":{"line":9,"column":22}},"7":{"start":{"line":11,"column":2},"end":{"line":18,"column":4}},"8":{"start":{"line":14,"column":55},"end":{"line":14,"column":78}}},"fnMap":{"0":{"name":"DocumentForm","decl":{"start":{"line":3,"column":24},"end":{"line":3,"column":36}},"loc":{"start":{"line":3,"column":39},"end":{"line":19,"column":1}},"line":3},"1":{"name":"(anonymous_1)","decl":{"start":{"line":6,"column":23},"end":{"line":6,"column":24}},"loc":{"start":{"line":6,"column":47},"end":{"line":10,"column":3}},"line":6},"2":{"name":"(anonymous_2)","decl":{"start":{"line":14,"column":50},"end":{"line":14,"column":51}},"loc":{"start":{"line":14,"column":55},"end":{"line":14,"column":78}},"line":14}},"branchMap":{"0":{"loc":{"start":{"line":8,"column":4},"end":{"line":9,"column":22}},"type":"if","locations":[{"start":{"line":8,"column":4},"end":{"line":9,"column":22}},{"start":{"line":9,"column":9},"end":{"line":9,"column":22}}],"line":8},"1":{"loc":{"start":{"line":16,"column":7},"end":{"line":16,"column":34}},"type":"binary-expr","locations":[{"start":{"line":16,"column":7},"end":{"line":16,"column":12}},{"start":{"line":16,"column":16},"end":{"line":16,"column":34}}],"line":16}},"s":{"0":3,"1":3,"2":3,"3":1,"4":1,"5":1,"6":0,"7":3,"8":0},"f":{"0":3,"1":1,"2":0},"b":{"0":[1,0],"1":[3,1]},"_coverageSchema":"1a1c01bbd47fc00a2c39e90264f33305004495a9","hash":"17820b49cd8ed6e47863a717be52f0083eb8dd41"}
,"C:\\05_APPLICATIONS\\BuildFlow\\apps\\frontend\\src\\features\\equipe\\Equipe.tsx": {"path":"C:\\05_APPLICATIONS\\BuildFlow\\apps\\frontend\\src\\features\\equipe\\Equipe.tsx","statementMap":{"0":{"start":{"line":5,"column":2},"end":{"line":5,"column":54}},"1":{"start":{"line":5,"column":23},"end":{"line":5,"column":54}},"2":{"start":{"line":6,"column":2},"end":{"line":10,"column":4}},"3":{"start":{"line":8,"column":24},"end":{"line":8,"column":52}}},"fnMap":{"0":{"name":"Equipe","decl":{"start":{"line":4,"column":24},"end":{"line":4,"column":30}},"loc":{"start":{"line":4,"column":95},"end":{"line":11,"column":1}},"line":4},"1":{"name":"(anonymous_1)","decl":{"start":{"line":8,"column":19},"end":{"line":8,"column":20}},"loc":{"start":{"line":8,"column":24},"end":{"line":8,"column":52}},"line":8}},"branchMap":{"0":{"loc":{"start":{"line":4,"column":33},"end":{"line":4,"column":45}},"type":"default-arg","locations":[{"start":{"line":4,"column":43},"end":{"line":4,"column":45}}],"line":4},"1":{"loc":{"start":{"line":5,"column":2},"end":{"line":5,"column":54}},"type":"if","locations":[{"start":{"line":5,"column":2},"end":{"line":5,"column":54}},{"start":{},"end":{}}],"line":5}},"s":{"0":2,"1":1,"2":1,"3":2},"f":{"0":2,"1":2},"b":{"0":[0],"1":[1,1]},"_coverageSchema":"1a1c01bbd47fc00a2c39e90264f33305004495a9","hash":"6b674565f252f4feb03d4609809bb9266b3bc930"}
,"C:\\05_APPLICATIONS\\BuildFlow\\apps\\frontend\\src\\features\\ui\\ToastProvider.tsx": {"path":"C:\\05_APPLICATIONS\\BuildFlow\\apps\\frontend\\src\\features\\ui\\ToastProvider.tsx","statementMap":{"0":{"start":{"line":3,"column":21},"end":{"line":3,"column":70}},"1":{"start":{"line":6,"column":28},"end":{"line":6,"column":57}},"2":{"start":{"line":7,"column":20},"end":{"line":7,"column":50}},"3":{"start":{"line":7,"column":37},"end":{"line":7,"column":50}},"4":{"start":{"line":8,"column":2},"end":{"line":13,"column":4}},"5":{"start":{"line":17,"column":2},"end":{"line":17,"column":34}}},"fnMap":{"0":{"name":"(anonymous_0)","decl":{"start":{"line":3,"column":48},"end":{"line":3,"column":49}},"loc":{"start":{"line":3,"column":65},"end":{"line":3,"column":67}},"line":3},"1":{"name":"ToastProvider","decl":{"start":{"line":5,"column":16},"end":{"line":5,"column":29}},"loc":{"start":{"line":5,"column":75},"end":{"line":14,"column":1}},"line":5},"2":{"name":"(anonymous_2)","decl":{"start":{"line":7,"column":20},"end":{"line":7,"column":21}},"loc":{"start":{"line":7,"column":37},"end":{"line":7,"column":50}},"line":7},"3":{"name":"useToast","decl":{"start":{"line":16,"column":16},"end":{"line":16,"column":24}},"loc":{"start":{"line":16,"column":27},"end":{"line":18,"column":1}},"line":16}},"branchMap":{"0":{"loc":{"start":{"line":11,"column":7},"end":{"line":11,"column":34}},"type":"binary-expr","locations":[{"start":{"line":11,"column":7},"end":{"line":11,"column":12}},{"start":{"line":11,"column":16},"end":{"line":11,"column":34}}],"line":11}},"s":{"0":1,"1":3,"2":3,"3":2,"4":3,"5":2},"f":{"0":0,"1":3,"2":2,"3":2},"b":{"0":[3,2]},"_coverageSchema":"1a1c01bbd47fc00a2c39e90264f33305004495a9","hash":"50e346fb2e05ce8d8ece433f766c7df7700b2e1d"}
,"C:\\05_APPLICATIONS\\BuildFlow\\apps\\frontend\\src\\utils\\useRealtimeProjectEvents.ts": {"path":"C:\\05_APPLICATIONS\\BuildFlow\\apps\\frontend\\src\\utils\\useRealtimeProjectEvents.ts","statementMap":{"0":{"start":{"line":5,"column":2},"end":{"line":17,"column":27}},"1":{"start":{"line":6,"column":20},"end":{"line":15,"column":18}},"2":{"start":{"line":13,"column":8},"end":{"line":13,"column":25}},"3":{"start":{"line":16,"column":4},"end":{"line":16,"column":44}},"4":{"start":{"line":16,"column":19},"end":{"line":16,"column":41}}},"fnMap":{"0":{"name":"useRealtimeProjectEvents","decl":{"start":{"line":4,"column":16},"end":{"line":4,"column":40}},"loc":{"start":{"line":4,"column":117},"end":{"line":18,"column":1}},"line":4},"1":{"name":"(anonymous_1)","decl":{"start":{"line":5,"column":12},"end":{"line":5,"column":13}},"loc":{"start":{"line":5,"column":18},"end":{"line":17,"column":3}},"line":5},"2":{"name":"(anonymous_2)","decl":{"start":{"line":12,"column":9},"end":{"line":12,"column":10}},"loc":{"start":{"line":12,"column":20},"end":{"line":14,"column":7}},"line":12},"3":{"name":"(anonymous_3)","decl":{"start":{"line":16,"column":11},"end":{"line":16,"column":12}},"loc":{"start":{"line":16,"column":17},"end":{"line":16,"column":43}},"line":16}},"branchMap":{},"s":{"0":1,"1":1,"2":0,"3":1,"4":1},"f":{"0":1,"1":1,"2":0,"3":1},"b":{},"_coverageSchema":"1a1c01bbd47fc00a2c39e90264f33305004495a9","hash":"6c54686295b5b5c2bcedff3210b47e2d3435b17f"}
}
