TN:
SF:src\components\ui\Skeleton.tsx
FN:8,Skeleton
FN:18,SkeletonCard
FN:29,SkeletonRow
FN:42,SkeletonKpiGrid
FN:45,(anonymous_4)
FNF:5
FNH:2
FNDA:6,Skeleton
FNDA:2,SkeletonCard
FNDA:0,SkeletonRow
FNDA:0,SkeletonKpiGrid
FNDA:0,(anonymous_4)
DA:9,6
DA:19,2
DA:30,0
DA:43,0
DA:46,0
LF:5
LH:2
BRDA:8,0,0,0
BRDA:42,1,0,0
BRF:2
BRH:0
end_of_record
TN:
SF:src\components\ui\Spinner.tsx
FN:7,Spinner
FNF:1
FNH:1
FNDA:3,Spinner
DA:8,3
LF:1
LH:1
BRDA:7,0,0,0
BRF:1
BRH:0
end_of_record
TN:
SF:src\components\ui\ToastProvider.tsx
FN:15,useToast
FN:19,ToastProvider
FN:22,(anonymous_2)
FN:24,(anonymous_3)
FNF:4
FNH:1
FNDA:13,useToast
FNDA:0,ToastProvider
FNDA:0,(anonymous_2)
FNDA:0,(anonymous_3)
DA:13,2
DA:16,13
DA:20,0
DA:22,0
DA:23,0
DA:24,0
DA:27,0
LF:7
LH:2
BRDA:31,0,0,0
BRDA:31,0,1,0
BRDA:34,1,0,0
BRDA:34,1,1,0
BRDA:34,2,0,0
BRDA:34,2,1,0
BRF:6
BRH:0
end_of_record
TN:
SF:src\components\ui\button.tsx
FN:22,Button
FNF:1
FNH:1
FNDA:86,Button
DA:11,5
DA:17,5
DA:23,86
LF:3
LH:3
BRDA:22,0,0,38
BRDA:22,1,0,47
BRF:2
BRH:2
end_of_record
TN:
SF:src\features\events\EventList.tsx
FN:7,EventList
FN:22,(anonymous_1)
FN:32,(anonymous_2)
FN:52,(anonymous_3)
FN:59,(anonymous_4)
FN:62,(anonymous_5)
FN:63,(anonymous_6)
FN:78,(anonymous_7)
FN:80,(anonymous_8)
FN:85,(anonymous_9)
FN:86,(anonymous_10)
FN:93,(anonymous_11)
FN:94,(anonymous_12)
FNF:13
FNH:1
FNDA:1,EventList
FNDA:0,(anonymous_1)
FNDA:0,(anonymous_2)
FNDA:0,(anonymous_3)
FNDA:0,(anonymous_4)
FNDA:0,(anonymous_5)
FNDA:0,(anonymous_6)
FNDA:0,(anonymous_7)
FNDA:0,(anonymous_8)
FNDA:0,(anonymous_9)
FNDA:0,(anonymous_10)
FNDA:0,(anonymous_11)
FNDA:0,(anonymous_12)
DA:8,1
DA:9,1
DA:10,1
DA:11,1
DA:12,1
DA:13,1
DA:14,1
DA:16,1
DA:18,1
DA:22,0
DA:33,0
DA:52,0
DA:60,0
DA:61,0
DA:62,0
DA:63,0
DA:78,0
DA:81,0
DA:82,0
DA:85,0
DA:86,0
DA:90,0
DA:93,0
DA:94,0
DA:98,0
LF:25
LH:9
BRDA:16,0,0,0
BRDA:16,0,1,1
BRDA:27,1,0,1
BRDA:27,1,1,0
BRDA:27,2,0,1
BRDA:27,2,1,1
BRDA:44,3,0,0
BRDA:44,3,1,0
BRDA:45,4,0,0
BRDA:45,4,1,0
BRDA:60,5,0,0
BRDA:60,5,1,0
BRDA:79,6,0,0
BRDA:79,6,1,1
BRDA:81,7,0,0
BRDA:81,7,1,0
BRF:16
BRH:5
end_of_record
TN:
SF:src\features\events\EventModal.tsx
FN:4,EventModal
FN:19,(anonymous_1)
FN:43,(anonymous_2)
FN:57,(anonymous_3)
FN:65,(anonymous_4)
FN:73,(anonymous_5)
FNF:6
FNH:2
FNDA:1,EventModal
FNDA:1,(anonymous_1)
FNDA:0,(anonymous_2)
FNDA:0,(anonymous_3)
FNDA:0,(anonymous_4)
FNDA:0,(anonymous_5)
DA:15,1
DA:16,1
DA:17,1
DA:19,1
DA:20,1
DA:21,1
DA:22,1
DA:25,1
DA:44,0
DA:45,0
DA:46,0
DA:47,0
DA:57,0
DA:65,0
DA:73,0
LF:15
LH:8
BRDA:15,0,0,1
BRDA:15,0,1,1
BRDA:16,1,0,1
BRDA:16,1,1,1
BRDA:17,2,0,0
BRDA:17,2,1,1
BRDA:20,3,0,1
BRDA:20,3,1,1
BRDA:21,4,0,1
BRDA:21,4,1,1
BRDA:22,5,0,0
BRDA:22,5,1,1
BRDA:27,6,0,1
BRDA:27,6,1,0
BRDA:41,7,0,0
BRDA:41,7,1,0
BRDA:46,8,0,0
BRDA:46,8,1,0
BRDA:81,9,0,0
BRDA:81,9,1,0
BRF:20
BRH:11
end_of_record
TN:
SF:src\features\piloter\Piloter.tsx
FN:6,Piloter
FNF:1
FNH:1
FNDA:4,Piloter
DA:7,4
LF:1
LH:1
BRDA:14,0,0,4
BRDA:14,0,1,2
BRF:2
BRH:2
end_of_record
TN:
SF:src\features\piloter\PiloterDashboard.tsx
FN:55,PiloterDashboard
FN:68,(anonymous_1)
FN:80,(anonymous_2)
FN:80,(anonymous_3)
FN:85,(anonymous_4)
FN:85,(anonymous_5)
FN:90,(anonymous_6)
FN:90,(anonymous_7)
FN:97,(anonymous_8)
FN:99,(anonymous_9)
FN:104,(anonymous_10)
FN:108,(anonymous_11)
FN:109,(anonymous_12)
FN:111,(anonymous_13)
FN:117,(anonymous_14)
FN:123,(anonymous_15)
FN:129,(anonymous_16)
FN:139,(anonymous_17)
FN:142,(anonymous_18)
FN:147,(anonymous_19)
FN:152,(anonymous_20)
FN:199,(anonymous_21)
FN:214,(anonymous_22)
FN:229,(anonymous_23)
FN:247,(anonymous_24)
FN:263,(anonymous_25)
FN:279,(anonymous_26)
FN:295,(anonymous_27)
FN:335,(anonymous_28)
FNF:29
FNH:25
FNDA:4,PiloterDashboard
FNDA:2,(anonymous_1)
FNDA:2,(anonymous_2)
FNDA:12,(anonymous_3)
FNDA:2,(anonymous_4)
FNDA:6,(anonymous_5)
FNDA:2,(anonymous_6)
FNDA:8,(anonymous_7)
FNDA:12,(anonymous_8)
FNDA:2,(anonymous_9)
FNDA:12,(anonymous_10)
FNDA:1,(anonymous_11)
FNDA:1,(anonymous_12)
FNDA:1,(anonymous_13)
FNDA:1,(anonymous_14)
FNDA:1,(anonymous_15)
FNDA:1,(anonymous_16)
FNDA:0,(anonymous_17)
FNDA:0,(anonymous_18)
FNDA:0,(anonymous_19)
FNDA:0,(anonymous_20)
FNDA:12,(anonymous_21)
FNDA:16,(anonymous_22)
FNDA:12,(anonymous_23)
FNDA:24,(anonymous_24)
FNDA:24,(anonymous_25)
FNDA:12,(anonymous_26)
FNDA:12,(anonymous_27)
FNDA:16,(anonymous_28)
DA:9,1
DA:16,1
DA:21,1
DA:30,1
DA:36,1
DA:42,1
DA:49,1
DA:56,4
DA:57,4
DA:58,4
DA:59,4
DA:60,4
DA:61,4
DA:62,4
DA:65,4
DA:66,4
DA:68,4
DA:79,4
DA:80,12
DA:84,4
DA:85,6
DA:89,4
DA:90,8
DA:94,4
DA:95,4
DA:97,12
DA:98,4
DA:99,2
DA:103,4
DA:104,12
DA:108,4
DA:109,1
DA:111,1
DA:112,1
DA:113,1
DA:114,1
DA:117,1
DA:118,1
DA:119,1
DA:120,1
DA:123,1
DA:124,1
DA:125,1
DA:126,1
DA:129,1
DA:130,1
DA:131,1
DA:132,1
DA:133,1
DA:136,1
DA:137,1
DA:138,1
DA:139,1
DA:142,4
DA:143,0
DA:144,0
DA:147,4
DA:148,0
DA:149,0
DA:152,4
DA:153,0
DA:160,0
DA:163,4
DA:200,12
DA:201,12
DA:215,16
DA:216,16
DA:230,12
DA:231,12
DA:248,24
DA:264,24
DA:265,24
DA:280,12
DA:281,12
DA:296,12
DA:335,16
LF:76
LH:70
BRDA:55,0,0,4
BRDA:66,1,0,4
BRDA:66,1,1,4
BRDA:184,2,0,4
BRDA:184,2,1,0
BRDA:188,3,0,4
BRDA:188,3,1,0
BRDA:190,4,0,4
BRDA:190,4,1,0
BRDA:191,5,0,4
BRDA:191,5,1,0
BRDA:252,6,0,20
BRDA:252,6,1,4
BRDA:355,7,0,4
BRDA:355,7,1,0
BRDA:358,8,0,1
BRDA:358,8,1,3
BRDA:360,9,0,4
BRDA:360,9,1,1
BRF:19
BRH:14
end_of_record
TN:
SF:src\features\planifier\Gantt.tsx
FN:54,flattenTree
FN:55,(anonymous_1)
FN:61,insertChild
FN:62,(anonymous_3)
FN:70,dayDiff
FN:75,Gantt
FN:89,(anonymous_6)
FN:91,(anonymous_7)
FN:94,(anonymous_8)
FN:95,(anonymous_9)
FN:97,(anonymous_10)
FN:110,(anonymous_11)
FN:112,(anonymous_12)
FN:115,(anonymous_13)
FN:116,(anonymous_14)
FN:117,(anonymous_15)
FN:118,(anonymous_16)
FN:121,(anonymous_17)
FN:134,(anonymous_18)
FN:142,(anonymous_19)
FN:153,(anonymous_20)
FN:171,(anonymous_21)
FN:175,(anonymous_22)
FN:178,(anonymous_23)
FN:193,(anonymous_24)
FN:195,(anonymous_25)
FN:202,(anonymous_26)
FN:207,(anonymous_27)
FN:228,(anonymous_28)
FN:296,(anonymous_29)
FN:324,(anonymous_30)
FN:328,(anonymous_31)
FN:338,(anonymous_32)
FN:351,(anonymous_33)
FN:356,(anonymous_34)
FNF:35
FNH:25
FNDA:7,flattenTree
FNDA:5,(anonymous_1)
FNDA:0,insertChild
FNDA:0,(anonymous_3)
FNDA:12,dayDiff
FNDA:4,Gantt
FNDA:2,(anonymous_6)
FNDA:2,(anonymous_7)
FNDA:5,(anonymous_8)
FNDA:5,(anonymous_9)
FNDA:5,(anonymous_10)
FNDA:9,(anonymous_11)
FNDA:2,(anonymous_12)
FNDA:5,(anonymous_13)
FNDA:5,(anonymous_14)
FNDA:5,(anonymous_15)
FNDA:5,(anonymous_16)
FNDA:5,(anonymous_17)
FNDA:2,(anonymous_18)
FNDA:7,(anonymous_19)
FNDA:2,(anonymous_20)
FNDA:2,(anonymous_21)
FNDA:1,(anonymous_22)
FNDA:1,(anonymous_23)
FNDA:1,(anonymous_24)
FNDA:0,(anonymous_25)
FNDA:0,(anonymous_26)
FNDA:0,(anonymous_27)
FNDA:0,(anonymous_28)
FNDA:9,(anonymous_29)
FNDA:9,(anonymous_30)
FNDA:0,(anonymous_31)
FNDA:0,(anonymous_32)
FNDA:0,(anonymous_33)
FNDA:0,(anonymous_34)
DA:7,1
DA:34,1
DA:55,7
DA:62,0
DA:63,0
DA:64,0
DA:66,0
DA:71,12
DA:72,12
DA:82,4
DA:83,4
DA:84,4
DA:85,4
DA:89,4
DA:91,4
DA:92,2
DA:93,2
DA:94,5
DA:95,5
DA:96,2
DA:97,5
DA:99,2
DA:110,9
DA:112,4
DA:113,2
DA:115,5
DA:116,5
DA:117,5
DA:118,5
DA:119,2
DA:121,2
DA:122,5
DA:123,5
DA:124,5
DA:125,5
DA:126,5
DA:134,4
DA:135,2
DA:136,2
DA:138,2
DA:139,5
DA:140,4
DA:141,4
DA:142,7
DA:143,4
DA:145,4
DA:146,4
DA:147,4
DA:148,4
DA:149,4
DA:150,4
DA:151,4
DA:153,2
DA:154,2
DA:155,2
DA:156,2
DA:157,2
DA:168,2
DA:171,4
DA:172,2
DA:175,4
DA:176,1
DA:178,1
DA:181,1
DA:183,1
DA:192,1
DA:193,1
DA:195,0
DA:198,1
DA:199,1
DA:202,4
DA:203,0
DA:204,0
DA:207,4
DA:208,0
DA:209,0
DA:210,0
DA:213,4
DA:228,0
DA:297,9
DA:298,9
DA:325,9
DA:328,0
DA:338,0
DA:352,0
DA:356,0
LF:86
LH:71
BRDA:54,0,0,2
BRDA:63,1,0,0
BRDA:63,1,1,0
BRDA:76,2,0,4
BRDA:93,3,0,2
BRDA:93,3,1,0
BRDA:95,4,0,5
BRDA:95,4,1,4
BRDA:110,5,0,4
BRDA:110,5,1,4
BRDA:113,6,0,0
BRDA:113,6,1,2
BRDA:143,7,0,0
BRDA:143,7,1,4
BRDA:151,8,0,2
BRDA:151,8,1,2
BRDA:155,9,0,0
BRDA:155,9,1,2
BRDA:181,10,0,0
BRDA:181,10,1,1
BRDA:192,11,0,1
BRDA:192,11,1,0
BRDA:220,12,0,0
BRDA:220,12,1,4
BRDA:237,13,0,4
BRDA:237,13,1,0
BRDA:242,14,0,4
BRDA:242,14,1,0
BRDA:247,15,0,4
BRDA:247,15,1,0
BRDA:252,16,0,4
BRDA:252,16,1,0
BRDA:264,17,0,4
BRDA:264,17,1,0
BRDA:267,18,0,1
BRDA:267,18,1,3
BRDA:267,19,0,3
BRDA:267,19,1,0
BRDA:271,20,0,4
BRDA:271,20,1,0
BRDA:310,21,0,4
BRDA:310,21,1,0
BRDA:327,22,0,0
BRDA:327,22,1,9
BRDA:331,23,0,4
BRDA:331,23,1,5
BRDA:359,24,0,0
BRDA:359,24,1,0
BRDA:367,25,0,0
BRDA:367,25,1,0
BRF:50
BRH:28
end_of_record
TN:
SF:src\features\planviewer\PlanViewer.tsx
FN:8,(anonymous_0)
FN:8,(anonymous_1)
FN:9,(anonymous_2)
FN:9,(anonymous_3)
FN:11,ViewerLoader
FN:28,formatVersionLabel
FN:36,useDocumentVersions
FN:39,(anonymous_7)
FN:51,useSetActiveBPEVersion
FN:55,(anonymous_9)
FN:87,(anonymous_10)
FN:96,PlanViewer
FN:99,(anonymous_12)
FN:99,(anonymous_13)
FN:102,(anonymous_14)
FN:108,(anonymous_15)
FN:109,(anonymous_16)
FN:117,(anonymous_17)
FN:128,(anonymous_18)
FN:137,(anonymous_19)
FN:150,(anonymous_20)
FN:158,(anonymous_21)
FN:185,(anonymous_22)
FN:194,(anonymous_23)
FN:207,(anonymous_24)
FN:215,(anonymous_25)
FN:242,(anonymous_26)
FN:251,(anonymous_27)
FN:264,(anonymous_28)
FN:272,(anonymous_29)
FN:287,(anonymous_30)
FNF:31
FNH:16
FNDA:1,(anonymous_0)
FNDA:1,(anonymous_1)
FNDA:0,(anonymous_2)
FNDA:0,(anonymous_3)
FNDA:1,ViewerLoader
FNDA:4,formatVersionLabel
FNDA:5,useDocumentVersions
FNDA:2,(anonymous_7)
FNDA:5,useSetActiveBPEVersion
FNDA:0,(anonymous_9)
FNDA:0,(anonymous_10)
FNDA:5,PlanViewer
FNDA:4,(anonymous_12)
FNDA:1,(anonymous_13)
FNDA:5,(anonymous_14)
FNDA:5,(anonymous_15)
FNDA:1,(anonymous_16)
FNDA:2,(anonymous_17)
FNDA:2,(anonymous_18)
FNDA:0,(anonymous_19)
FNDA:2,(anonymous_20)
FNDA:0,(anonymous_21)
FNDA:0,(anonymous_22)
FNDA:0,(anonymous_23)
FNDA:0,(anonymous_24)
FNDA:0,(anonymous_25)
FNDA:0,(anonymous_26)
FNDA:0,(anonymous_27)
FNDA:0,(anonymous_28)
FNDA:0,(anonymous_29)
FNDA:0,(anonymous_30)
DA:8,1
DA:9,1
DA:12,1
DA:29,4
DA:30,0
DA:33,4
DA:37,5
DA:40,2
DA:45,2
DA:46,2
DA:52,5
DA:54,5
DA:56,0
DA:61,0
DA:62,0
DA:65,0
DA:72,0
DA:73,0
DA:76,0
DA:85,0
DA:88,0
DA:97,5
DA:98,5
DA:99,5
DA:100,5
DA:102,5
DA:103,5
DA:104,1
DA:108,5
DA:109,5
DA:110,0
DA:114,5
DA:115,3
DA:117,2
DA:118,2
DA:119,2
DA:121,2
DA:122,2
DA:128,2
DA:137,0
DA:151,2
DA:152,2
DA:154,2
DA:158,0
DA:178,0
DA:179,0
DA:185,0
DA:194,0
DA:208,0
DA:209,0
DA:211,0
DA:215,0
DA:236,0
DA:242,0
DA:251,0
DA:265,0
DA:266,0
DA:268,0
DA:272,0
LF:59
LH:31
BRDA:29,0,0,0
BRDA:29,0,1,4
BRDA:45,1,0,0
BRDA:45,1,1,2
BRDA:46,2,0,2
BRDA:46,2,1,0
BRDA:61,3,0,0
BRDA:61,3,1,0
BRDA:72,4,0,0
BRDA:72,4,1,0
BRDA:97,5,0,2
BRDA:99,6,0,4
BRDA:99,6,1,3
BRDA:103,7,0,1
BRDA:103,7,1,4
BRDA:103,8,0,5
BRDA:103,8,1,4
BRDA:104,9,0,1
BRDA:104,9,1,0
BRDA:109,10,0,0
BRDA:109,10,1,5
BRDA:109,11,0,5
BRDA:109,11,1,1
BRDA:110,12,0,0
BRDA:110,12,1,0
BRDA:110,12,2,0
BRDA:114,13,0,2
BRDA:114,13,1,3
BRDA:115,14,0,1
BRDA:115,14,1,2
BRDA:117,15,0,2
BRDA:117,15,1,1
BRDA:117,15,2,0
BRDA:121,16,0,2
BRDA:121,16,1,0
BRDA:130,17,0,2
BRDA:130,17,1,0
BRDA:133,18,0,0
BRDA:133,18,1,2
BRDA:140,19,0,0
BRDA:140,19,1,0
BRDA:159,20,0,2
BRDA:159,20,1,0
BRDA:164,21,0,2
BRDA:164,21,1,0
BRDA:165,22,0,2
BRDA:165,22,1,0
BRDA:178,23,0,0
BRDA:178,23,1,0
BRDA:187,24,0,0
BRDA:187,24,1,0
BRDA:190,25,0,0
BRDA:190,25,1,0
BRDA:197,26,0,0
BRDA:197,26,1,0
BRDA:216,27,0,0
BRDA:216,27,1,0
BRDA:221,28,0,0
BRDA:221,28,1,0
BRDA:222,29,0,0
BRDA:222,29,1,0
BRDA:244,30,0,0
BRDA:244,30,1,0
BRDA:247,31,0,0
BRDA:247,31,1,0
BRDA:254,32,0,0
BRDA:254,32,1,0
BRDA:273,33,0,0
BRDA:273,33,1,0
BRDA:278,34,0,0
BRDA:278,34,1,0
BRDA:279,35,0,0
BRDA:279,35,1,0
BRF:73
BRH:26
end_of_record
TN:
SF:src\features\ui\ToastProvider.tsx
FN:3,(anonymous_0)
FN:5,ToastProvider
FN:7,(anonymous_2)
FN:16,useToast
FNF:4
FNH:3
FNDA:0,(anonymous_0)
FNDA:3,ToastProvider
FNDA:2,(anonymous_2)
FNDA:2,useToast
DA:3,1
DA:6,3
DA:7,3
DA:8,3
DA:17,2
LF:5
LH:5
BRDA:11,0,0,3
BRDA:11,0,1,2
BRF:2
BRH:2
end_of_record
TN:
SF:src\hooks\useZodForm.ts
FN:10,useZodForm
FNF:1
FNH:1
FNDA:20,useZodForm
DA:16,20
LF:1
LH:1
BRF:0
BRH:0
end_of_record
TN:
SF:src\lib\export.ts
FN:1,triggerDownload
FN:12,escapeCsvValue
FN:20,downloadCsv
FN:21,(anonymous_3)
FN:25,downloadExcel
FN:27,(anonymous_5)
FN:29,(anonymous_6)
FN:53,openPrintPreview
FN:62,(anonymous_8)
FNF:9
FNH:0
FNDA:0,triggerDownload
FNDA:0,escapeCsvValue
FNDA:0,downloadCsv
FNDA:0,(anonymous_3)
FNDA:0,downloadExcel
FNDA:0,(anonymous_5)
FNDA:0,(anonymous_6)
FNDA:0,openPrintPreview
FNDA:0,(anonymous_8)
DA:2,0
DA:3,0
DA:4,0
DA:5,0
DA:6,0
DA:7,0
DA:8,0
DA:9,0
DA:13,0
DA:14,0
DA:15,0
DA:17,0
DA:21,0
DA:22,0
DA:26,0
DA:28,0
DA:29,0
DA:30,0
DA:34,0
DA:50,0
DA:54,0
DA:55,0
DA:56,0
DA:59,0
DA:60,0
DA:62,0
DA:71,0
DA:93,0
DA:94,0
DA:95,0
LF:30
LH:0
BRDA:13,0,0,0
BRDA:13,0,1,0
BRDA:14,1,0,0
BRDA:14,1,1,0
BRDA:14,2,0,0
BRDA:14,2,1,0
BRDA:14,2,2,0
BRDA:28,3,0,0
BRDA:28,3,1,0
BRDA:29,4,0,0
BRDA:29,4,1,0
BRDA:55,5,0,0
BRDA:55,5,1,0
BRF:13
BRH:0
end_of_record
TN:
SF:src\lib\utils.ts
FN:4,cn
FNF:1
FNH:1
FNDA:86,cn
DA:5,86
LF:1
LH:1
BRF:0
BRH:0
end_of_record
TN:
SF:src\modules\approvisionnement\services\uploadAttachmentToSupabase.ts
FN:3,uploadAttachmentToSupabase
FNF:1
FNH:0
FNDA:0,uploadAttachmentToSupabase
DA:4,0
DA:5,0
DA:6,0
DA:13,0
DA:14,0
LF:5
LH:0
BRDA:13,0,0,0
BRDA:13,0,1,0
BRF:2
BRH:0
end_of_record
TN:
SF:src\modules\bureau-etudes\components\DocumentList.tsx
FN:25,DocumentList
FN:33,(anonymous_1)
FN:50,(anonymous_2)
FN:58,(anonymous_3)
FN:76,(anonymous_4)
FN:80,(anonymous_5)
FN:87,(anonymous_6)
FN:89,(anonymous_7)
FN:94,(anonymous_8)
FN:111,(anonymous_9)
FN:142,(anonymous_10)
FN:147,(anonymous_11)
FN:154,(anonymous_12)
FN:166,(anonymous_13)
FN:173,(anonymous_14)
FN:178,(anonymous_15)
FN:207,(anonymous_16)
FN:213,(anonymous_17)
FN:229,(anonymous_18)
FN:248,(anonymous_19)
FN:256,(anonymous_20)
FN:298,(anonymous_21)
FNF:22
FNH:7
FNDA:9,DocumentList
FNDA:0,(anonymous_1)
FNDA:2,(anonymous_2)
FNDA:1,(anonymous_3)
FNDA:9,(anonymous_4)
FNDA:0,(anonymous_5)
FNDA:9,(anonymous_6)
FNDA:0,(anonymous_7)
FNDA:0,(anonymous_8)
FNDA:0,(anonymous_9)
FNDA:1,(anonymous_10)
FNDA:0,(anonymous_11)
FNDA:9,(anonymous_12)
FNDA:0,(anonymous_13)
FNDA:0,(anonymous_14)
FNDA:0,(anonymous_15)
FNDA:0,(anonymous_16)
FNDA:0,(anonymous_17)
FNDA:0,(anonymous_18)
FNDA:0,(anonymous_19)
FNDA:0,(anonymous_20)
FNDA:0,(anonymous_21)
DA:13,1
DA:26,9
DA:27,9
DA:28,9
DA:29,9
DA:30,9
DA:31,9
DA:33,0
DA:34,9
DA:35,9
DA:36,9
DA:37,9
DA:38,9
DA:39,9
DA:40,9
DA:41,9
DA:44,9
DA:46,9
DA:50,9
DA:51,2
DA:52,0
DA:54,2
DA:58,9
DA:59,1
DA:60,1
DA:61,0
DA:62,0
DA:64,1
DA:65,1
DA:67,1
DA:68,1
DA:70,0
DA:74,9
DA:76,9
DA:77,9
DA:78,9
DA:79,9
DA:80,0
DA:81,0
DA:82,0
DA:83,0
DA:87,9
DA:89,9
DA:90,0
DA:91,0
DA:94,9
DA:95,0
DA:96,0
DA:97,0
DA:98,0
DA:103,0
DA:104,0
DA:105,0
DA:107,0
DA:111,9
DA:112,0
DA:113,0
DA:114,0
DA:115,0
DA:120,0
DA:125,0
DA:126,0
DA:127,0
DA:128,0
DA:130,0
DA:134,9
DA:138,9
DA:142,1
DA:147,0
DA:155,9
DA:166,0
DA:173,0
DA:179,0
DA:180,0
DA:181,0
DA:183,0
DA:207,0
DA:213,0
DA:230,0
DA:231,0
DA:248,0
DA:257,0
DA:298,0
LF:83
LH:40
BRDA:31,0,0,0
BRDA:31,0,1,9
BRDA:40,1,0,9
BRDA:40,1,1,9
BRDA:41,2,0,0
BRDA:41,2,1,9
BRDA:44,3,0,0
BRDA:51,4,0,0
BRDA:51,4,1,2
BRDA:52,5,0,0
BRDA:52,5,1,0
BRDA:60,6,0,0
BRDA:60,6,1,1
BRDA:62,7,0,0
BRDA:62,7,1,0
BRDA:65,8,0,1
BRDA:65,8,1,0
BRDA:70,9,0,0
BRDA:70,9,1,0
BRDA:74,10,0,0
BRDA:74,10,1,9
BRDA:77,11,0,9
BRDA:77,11,1,0
BRDA:79,12,0,9
BRDA:79,12,1,0
BRDA:81,13,0,0
BRDA:81,13,1,0
BRDA:82,14,0,0
BRDA:82,14,1,0
BRDA:83,15,0,0
BRDA:83,15,1,0
BRDA:87,16,0,9
BRDA:87,16,1,9
BRDA:95,17,0,0
BRDA:95,17,1,0
BRDA:95,18,0,0
BRDA:95,18,1,0
BRDA:101,19,0,0
BRDA:101,19,1,0
BRDA:103,20,0,0
BRDA:103,20,1,0
BRDA:107,21,0,0
BRDA:107,21,1,0
BRDA:112,22,0,0
BRDA:112,22,1,0
BRDA:112,23,0,0
BRDA:112,23,1,0
BRDA:114,24,0,0
BRDA:114,24,1,0
BRDA:114,25,0,0
BRDA:114,25,1,0
BRDA:116,26,0,0
BRDA:116,26,1,0
BRDA:125,27,0,0
BRDA:125,27,1,0
BRDA:126,28,0,0
BRDA:126,28,1,0
BRDA:128,29,0,0
BRDA:128,29,1,0
BRDA:130,30,0,0
BRDA:130,30,1,0
BRDA:134,31,0,0
BRDA:134,31,1,9
BRDA:134,32,0,9
BRDA:134,32,1,0
BRDA:134,32,2,0
BRDA:134,32,3,0
BRDA:154,33,0,9
BRDA:154,33,1,0
BRDA:170,34,0,9
BRDA:170,34,1,9
BRDA:181,35,0,0
BRDA:181,35,1,0
BRDA:183,36,0,0
BRDA:183,36,1,0
BRDA:188,37,0,0
BRDA:188,37,1,9
BRDA:198,38,0,9
BRDA:198,38,1,0
BRDA:213,39,0,0
BRDA:213,39,1,0
BRDA:213,40,0,0
BRDA:213,40,1,0
BRDA:216,41,0,0
BRDA:216,41,1,0
BRDA:217,42,0,0
BRDA:217,42,1,0
BRDA:223,43,0,0
BRDA:223,43,1,0
BRDA:225,44,0,0
BRDA:225,44,1,0
BRDA:233,45,0,0
BRDA:233,45,1,0
BRDA:254,46,0,0
BRDA:254,46,1,0
BRDA:268,47,0,9
BRDA:268,47,1,2
BRDA:273,48,0,0
BRDA:273,48,1,2
BRDA:275,49,0,0
BRDA:275,49,1,2
BRDA:286,50,0,2
BRDA:286,50,1,0
BRDA:300,51,0,1
BRDA:300,51,1,1
BRF:105
BRH:26
end_of_record
TN:
SF:src\modules\chantier\components\Equipe.tsx
FN:25,Equipe
FN:47,(anonymous_1)
FN:49,(anonymous_2)
FN:53,(anonymous_3)
FN:56,(anonymous_4)
FN:58,(anonymous_5)
FN:62,(anonymous_6)
FN:65,(anonymous_7)
FN:66,(anonymous_8)
FN:68,(anonymous_9)
FN:74,(anonymous_10)
FN:76,(anonymous_11)
FN:89,(anonymous_12)
FN:92,(anonymous_13)
FN:142,(anonymous_14)
FN:144,(anonymous_15)
FN:155,(anonymous_16)
FN:157,(anonymous_17)
FN:175,(anonymous_18)
FN:175,(anonymous_19)
FN:257,(anonymous_20)
FN:272,(anonymous_21)
FN:290,(anonymous_22)
FN:297,(anonymous_23)
FN:303,(anonymous_24)
FN:309,(anonymous_25)
FN:317,(anonymous_26)
FN:329,(anonymous_27)
FN:343,(anonymous_28)
FN:366,(anonymous_29)
FN:380,(anonymous_30)
FN:405,(anonymous_31)
FN:407,(anonymous_32)
FN:411,(anonymous_33)
FN:412,(anonymous_34)
FN:419,(anonymous_35)
FN:433,(anonymous_36)
FN:441,(anonymous_37)
FNF:38
FNH:6
FNDA:3,Equipe
FNDA:3,(anonymous_1)
FNDA:0,(anonymous_2)
FNDA:0,(anonymous_3)
FNDA:3,(anonymous_4)
FNDA:0,(anonymous_5)
FNDA:0,(anonymous_6)
FNDA:0,(anonymous_7)
FNDA:0,(anonymous_8)
FNDA:3,(anonymous_9)
FNDA:0,(anonymous_10)
FNDA:0,(anonymous_11)
FNDA:0,(anonymous_12)
FNDA:0,(anonymous_13)
FNDA:0,(anonymous_14)
FNDA:0,(anonymous_15)
FNDA:0,(anonymous_16)
FNDA:0,(anonymous_17)
FNDA:1,(anonymous_18)
FNDA:1,(anonymous_19)
FNDA:0,(anonymous_20)
FNDA:0,(anonymous_21)
FNDA:0,(anonymous_22)
FNDA:0,(anonymous_23)
FNDA:0,(anonymous_24)
FNDA:0,(anonymous_25)
FNDA:0,(anonymous_26)
FNDA:0,(anonymous_27)
FNDA:0,(anonymous_28)
FNDA:0,(anonymous_29)
FNDA:0,(anonymous_30)
FNDA:0,(anonymous_31)
FNDA:0,(anonymous_32)
FNDA:0,(anonymous_33)
FNDA:0,(anonymous_34)
FNDA:0,(anonymous_35)
FNDA:0,(anonymous_36)
FNDA:0,(anonymous_37)
DA:11,1
DA:26,3
DA:27,3
DA:28,3
DA:29,3
DA:30,3
DA:31,3
DA:32,3
DA:33,3
DA:34,3
DA:35,3
DA:38,3
DA:39,3
DA:40,3
DA:41,3
DA:42,3
DA:43,3
DA:44,3
DA:45,3
DA:47,3
DA:48,3
DA:49,3
DA:50,0
DA:51,0
DA:53,3
DA:56,3
DA:57,3
DA:58,3
DA:59,0
DA:60,0
DA:62,3
DA:65,3
DA:66,3
DA:68,3
DA:69,3
DA:70,3
DA:71,3
DA:72,3
DA:74,3
DA:75,0
DA:76,0
DA:77,0
DA:78,0
DA:79,0
DA:89,3
DA:92,3
DA:93,0
DA:96,0
DA:103,0
DA:104,0
DA:105,0
DA:108,0
DA:110,0
DA:111,0
DA:121,0
DA:122,0
DA:123,0
DA:126,0
DA:127,0
DA:128,0
DA:131,0
DA:138,0
DA:139,0
DA:142,3
DA:143,0
DA:144,0
DA:151,0
DA:152,0
DA:155,3
DA:156,0
DA:157,0
DA:165,0
DA:168,3
DA:175,1
DA:258,0
DA:259,0
DA:273,0
DA:274,0
DA:291,0
DA:297,0
DA:303,0
DA:309,0
DA:318,0
DA:319,0
DA:320,0
DA:321,0
DA:323,0
DA:329,0
DA:344,0
DA:345,0
DA:346,0
DA:348,0
DA:367,0
DA:368,0
DA:381,0
DA:382,0
DA:383,0
DA:384,0
DA:386,0
DA:405,0
DA:408,0
DA:411,0
DA:412,0
DA:420,0
DA:433,0
DA:442,0
LF:106
LH:41
BRDA:38,0,0,0
BRDA:42,1,0,3
BRDA:42,1,1,0
BRDA:50,2,0,0
BRDA:50,2,1,0
BRDA:51,3,0,0
BRDA:51,3,1,0
BRDA:59,4,0,0
BRDA:59,4,1,0
BRDA:60,5,0,0
BRDA:60,5,1,0
BRDA:75,6,0,0
BRDA:75,6,1,0
BRDA:78,7,0,0
BRDA:78,7,1,0
BRDA:103,8,0,0
BRDA:103,8,1,0
BRDA:108,9,0,0
BRDA:108,9,1,0
BRDA:108,10,0,0
BRDA:108,10,1,0
BRDA:110,11,0,0
BRDA:110,11,1,0
BRDA:121,12,0,0
BRDA:121,12,1,0
BRDA:143,13,0,0
BRDA:143,13,1,0
BRDA:143,14,0,0
BRDA:143,14,1,0
BRDA:143,14,2,0
BRDA:147,15,0,0
BRDA:147,15,1,0
BRDA:156,16,0,0
BRDA:156,16,1,0
BRDA:172,17,0,3
BRDA:172,17,1,3
BRDA:179,18,0,1
BRDA:179,18,1,2
BRDA:184,19,0,1
BRDA:184,19,1,2
BRDA:184,20,0,3
BRDA:184,20,1,1
BRDA:195,21,0,1
BRDA:195,21,1,0
BRDA:206,22,0,1
BRDA:206,22,1,0
BRDA:217,23,0,1
BRDA:217,23,1,0
BRDA:228,24,0,1
BRDA:228,24,1,0
BRDA:240,25,0,1
BRDA:240,25,1,0
BRDA:246,26,0,1
BRDA:246,26,1,1
BRDA:247,27,0,0
BRDA:247,27,1,1
BRDA:247,28,0,1
BRDA:247,28,1,1
BRDA:257,29,0,0
BRDA:257,29,1,3
BRDA:272,30,0,0
BRDA:272,30,1,3
BRDA:288,31,0,0
BRDA:288,31,1,3
BRDA:290,32,0,0
BRDA:290,32,1,3
BRDA:292,33,0,0
BRDA:292,33,1,0
BRDA:327,34,0,0
BRDA:327,34,1,0
BRDA:336,35,0,0
BRDA:336,35,1,0
BRDA:337,36,0,0
BRDA:337,36,1,0
BRDA:342,37,0,0
BRDA:342,37,1,0
BRDA:345,38,0,0
BRDA:345,38,1,0
BRDA:352,39,0,0
BRDA:352,39,1,0
BRDA:352,40,0,0
BRDA:352,40,1,0
BRDA:361,41,0,0
BRDA:361,41,1,0
BRDA:368,42,0,0
BRDA:368,42,1,0
BRDA:368,43,0,0
BRDA:368,43,1,0
BRDA:368,44,0,0
BRDA:368,44,1,0
BRDA:374,45,0,0
BRDA:374,45,1,0
BRDA:381,46,0,0
BRDA:381,46,1,0
BRDA:417,47,0,3
BRDA:417,47,1,0
BRDA:420,48,0,0
BRDA:420,48,1,0
BRDA:439,49,0,3
BRDA:439,49,1,0
BRF:100
BRH:25
end_of_record
TN:
SF:src\modules\commercial\components\ClientList.tsx
FN:11,(anonymous_0)
FN:27,(anonymous_1)
FN:71,(anonymous_2)
FN:82,(anonymous_3)
FN:117,(anonymous_4)
FN:127,(anonymous_5)
FN:136,(anonymous_6)
FN:145,(anonymous_7)
FN:153,(anonymous_8)
FN:156,(anonymous_9)
FN:175,(anonymous_10)
FN:199,(anonymous_11)
FN:222,(anonymous_12)
FN:228,(anonymous_13)
FNF:14
FNH:9
FNDA:6,(anonymous_0)
FNDA:1,(anonymous_1)
FNDA:1,(anonymous_2)
FNDA:1,(anonymous_3)
FNDA:1,(anonymous_4)
FNDA:0,(anonymous_5)
FNDA:0,(anonymous_6)
FNDA:0,(anonymous_7)
FNDA:0,(anonymous_8)
FNDA:30,(anonymous_9)
FNDA:0,(anonymous_10)
FNDA:6,(anonymous_11)
FNDA:1,(anonymous_12)
FNDA:1,(anonymous_13)
DA:9,1
DA:11,1
DA:12,6
DA:13,6
DA:14,6
DA:15,6
DA:16,6
DA:18,6
DA:25,6
DA:27,6
DA:28,1
DA:29,1
DA:31,1
DA:32,1
DA:33,1
DA:42,1
DA:43,1
DA:45,0
DA:48,0
DA:49,0
DA:57,0
DA:59,0
DA:62,1
DA:71,6
DA:72,1
DA:73,1
DA:82,6
DA:83,1
DA:84,1
DA:85,1
DA:86,1
DA:88,0
DA:93,6
DA:94,6
DA:96,6
DA:104,6
DA:117,1
DA:127,0
DA:136,0
DA:145,0
DA:153,0
DA:157,30
DA:176,0
DA:177,0
DA:200,6
DA:222,1
DA:228,1
LF:47
LH:35
BRDA:16,0,0,6
BRDA:16,0,1,0
BRDA:29,1,0,0
BRDA:29,1,1,1
BRDA:31,2,0,1
BRDA:31,2,1,0
BRDA:37,3,0,1
BRDA:37,3,1,0
BRDA:38,4,0,1
BRDA:38,4,1,0
BRDA:39,5,0,1
BRDA:39,5,1,0
BRDA:52,6,0,0
BRDA:52,6,1,0
BRDA:53,7,0,0
BRDA:53,7,1,0
BRDA:54,8,0,0
BRDA:54,8,1,0
BRDA:75,9,0,1
BRDA:75,9,1,0
BRDA:76,10,0,1
BRDA:76,10,1,0
BRDA:77,11,0,1
BRDA:77,11,1,0
BRDA:78,12,0,1
BRDA:78,12,1,0
BRDA:83,13,0,1
BRDA:83,13,1,0
BRDA:93,14,0,0
BRDA:93,14,1,6
BRDA:94,15,0,0
BRDA:94,15,1,6
BRDA:108,16,0,2
BRDA:108,16,1,4
BRDA:167,17,0,6
BRDA:167,17,1,6
BRDA:170,18,0,2
BRDA:170,18,1,4
BRDA:172,19,0,6
BRDA:172,19,1,2
BRDA:196,20,0,6
BRDA:196,20,1,0
BRDA:207,21,0,6
BRDA:207,21,1,0
BRDA:210,22,0,6
BRDA:210,22,1,0
BRDA:213,23,0,6
BRDA:213,23,1,6
BRDA:215,24,0,6
BRDA:215,24,1,6
BRDA:216,25,0,6
BRDA:216,25,1,6
BRDA:216,25,2,6
BRDA:217,26,0,6
BRDA:217,26,1,6
BRDA:237,27,0,6
BRDA:237,27,1,0
BRF:57
BRH:34
end_of_record
TN:
SF:src\modules\commercial\components\SalesLeadPipeline.tsx
FN:12,(anonymous_0)
FN:29,(anonymous_1)
FN:63,(anonymous_2)
FN:64,(anonymous_3)
FN:79,(anonymous_4)
FN:90,(anonymous_5)
FN:91,(anonymous_6)
FN:103,(anonymous_7)
FN:104,(anonymous_8)
FN:106,(anonymous_9)
FN:121,(anonymous_10)
FN:123,(anonymous_11)
FN:126,(anonymous_12)
FN:141,(anonymous_13)
FN:165,(anonymous_14)
FN:169,(anonymous_15)
FN:181,(anonymous_16)
FN:190,(anonymous_17)
FN:199,(anonymous_18)
FN:202,(anonymous_19)
FN:223,(anonymous_20)
FN:243,(anonymous_21)
FN:244,(anonymous_22)
FN:251,(anonymous_23)
FN:252,(anonymous_24)
FN:269,(anonymous_25)
FN:272,(anonymous_26)
FN:281,(anonymous_27)
FN:287,(anonymous_28)
FN:294,(anonymous_29)
FNF:30
FNH:22
FNDA:8,(anonymous_0)
FNDA:1,(anonymous_1)
FNDA:1,(anonymous_2)
FNDA:1,(anonymous_3)
FNDA:0,(anonymous_4)
FNDA:1,(anonymous_5)
FNDA:1,(anonymous_6)
FNDA:0,(anonymous_7)
FNDA:0,(anonymous_8)
FNDA:0,(anonymous_9)
FNDA:2,(anonymous_10)
FNDA:12,(anonymous_11)
FNDA:2,(anonymous_12)
FNDA:48,(anonymous_13)
FNDA:0,(anonymous_14)
FNDA:8,(anonymous_15)
FNDA:1,(anonymous_16)
FNDA:1,(anonymous_17)
FNDA:1,(anonymous_18)
FNDA:48,(anonymous_19)
FNDA:0,(anonymous_20)
FNDA:48,(anonymous_21)
FNDA:48,(anonymous_22)
FNDA:8,(anonymous_23)
FNDA:8,(anonymous_24)
FNDA:1,(anonymous_25)
FNDA:48,(anonymous_26)
FNDA:1,(anonymous_27)
FNDA:0,(anonymous_28)
FNDA:0,(anonymous_29)
DA:10,1
DA:12,1
DA:13,8
DA:14,8
DA:15,8
DA:16,8
DA:17,8
DA:18,8
DA:19,8
DA:21,8
DA:27,8
DA:29,8
DA:30,1
DA:31,1
DA:32,1
DA:33,1
DA:40,1
DA:41,1
DA:43,0
DA:50,0
DA:52,1
DA:59,0
DA:63,8
DA:64,1
DA:65,1
DA:66,1
DA:67,1
DA:72,1
DA:74,0
DA:79,8
DA:80,0
DA:81,0
DA:82,0
DA:83,0
DA:85,0
DA:90,8
DA:91,1
DA:92,1
DA:94,1
DA:95,1
DA:103,8
DA:104,0
DA:105,0
DA:106,0
DA:107,0
DA:112,0
DA:113,0
DA:114,0
DA:115,0
DA:117,0
DA:121,8
DA:122,2
DA:123,2
DA:124,12
DA:126,2
DA:127,2
DA:128,2
DA:129,2
DA:131,2
DA:134,8
DA:135,8
DA:137,8
DA:142,48
DA:165,0
DA:170,8
DA:181,1
DA:190,1
DA:199,1
DA:203,48
DA:224,0
DA:225,0
DA:244,48
DA:245,48
DA:252,8
DA:253,8
DA:269,1
DA:273,48
DA:281,1
DA:287,0
DA:294,0
LF:80
LH:57
BRDA:19,0,0,8
BRDA:19,0,1,0
BRDA:32,1,0,1
BRDA:32,1,1,0
BRDA:37,2,0,1
BRDA:37,2,1,0
BRDA:38,3,0,1
BRDA:38,3,1,0
BRDA:45,4,0,0
BRDA:45,4,1,0
BRDA:46,5,0,0
BRDA:46,5,1,0
BRDA:48,6,0,0
BRDA:48,6,1,0
BRDA:65,7,0,1
BRDA:65,7,1,0
BRDA:80,8,0,0
BRDA:80,8,1,0
BRDA:92,9,0,0
BRDA:92,9,1,1
BRDA:96,10,0,1
BRDA:96,10,1,0
BRDA:97,11,0,1
BRDA:97,11,1,0
BRDA:98,12,0,1
BRDA:98,12,1,0
BRDA:99,13,0,1
BRDA:99,13,1,0
BRDA:105,14,0,0
BRDA:105,14,1,0
BRDA:107,15,0,0
BRDA:107,15,1,0
BRDA:109,16,0,0
BRDA:109,16,1,0
BRDA:127,17,0,2
BRDA:127,17,1,0
BRDA:129,18,0,2
BRDA:129,18,1,0
BRDA:134,19,0,0
BRDA:134,19,1,8
BRDA:135,20,0,0
BRDA:135,20,1,8
BRDA:146,21,0,8
BRDA:146,21,1,40
BRDA:157,22,0,4
BRDA:157,22,1,4
BRDA:212,23,0,8
BRDA:212,23,1,8
BRDA:215,24,0,4
BRDA:215,24,1,4
BRDA:219,25,0,8
BRDA:219,25,1,4
BRDA:244,26,0,48
BRDA:244,26,1,0
BRDA:244,27,0,48
BRDA:244,27,1,0
BRDA:258,28,0,8
BRDA:258,28,1,0
BRDA:258,28,2,0
BRDA:260,29,0,8
BRDA:260,29,1,8
BRDA:260,29,2,8
BRDA:263,30,0,8
BRDA:263,30,1,8
BRDA:292,31,0,8
BRDA:292,31,1,0
BRDA:305,32,0,48
BRDA:305,32,1,40
BRF:68
BRH:35
end_of_record
TN:
SF:src\modules\finance\components\BudgetPlanner.tsx
FN:19,BudgetPlanner
FN:29,(anonymous_1)
FN:42,(anonymous_2)
FN:54,(anonymous_3)
FN:55,(anonymous_4)
FN:68,(anonymous_5)
FN:112,(anonymous_6)
FN:117,(anonymous_7)
FN:128,(anonymous_8)
FN:144,(anonymous_9)
FN:157,(anonymous_10)
FN:173,(anonymous_11)
FN:178,(anonymous_12)
FN:186,(anonymous_13)
FN:202,(anonymous_14)
FNF:15
FNH:13
FNDA:9,BudgetPlanner
FNDA:1,(anonymous_1)
FNDA:1,(anonymous_2)
FNDA:9,(anonymous_3)
FNDA:9,(anonymous_4)
FNDA:1,(anonymous_5)
FNDA:1,(anonymous_6)
FNDA:18,(anonymous_7)
FNDA:1,(anonymous_8)
FNDA:0,(anonymous_9)
FNDA:9,(anonymous_10)
FNDA:1,(anonymous_11)
FNDA:1,(anonymous_12)
FNDA:0,(anonymous_13)
FNDA:1,(anonymous_14)
DA:6,1
DA:20,9
DA:21,9
DA:22,9
DA:23,9
DA:24,9
DA:25,9
DA:26,9
DA:27,9
DA:29,9
DA:30,1
DA:31,1
DA:32,1
DA:33,1
DA:34,1
DA:35,1
DA:36,1
DA:38,0
DA:42,9
DA:43,1
DA:44,1
DA:45,1
DA:46,1
DA:47,1
DA:48,1
DA:50,0
DA:54,9
DA:55,9
DA:56,9
DA:57,9
DA:59,9
DA:60,0
DA:63,9
DA:68,1
DA:112,1
DA:118,18
DA:128,1
DA:144,0
DA:158,9
DA:159,9
DA:160,9
DA:162,9
DA:173,1
DA:178,1
DA:187,0
DA:188,0
DA:203,1
DA:204,1
LF:48
LH:42
BRDA:20,0,0,0
BRDA:27,1,0,9
BRDA:27,1,1,0
BRDA:31,2,0,0
BRDA:31,2,1,1
BRDA:31,3,0,1
BRDA:31,3,1,1
BRDA:43,4,0,0
BRDA:43,4,1,1
BRDA:54,5,0,9
BRDA:54,5,1,0
BRDA:55,6,0,9
BRDA:55,6,1,0
BRDA:57,7,0,9
BRDA:57,7,1,0
BRDA:59,8,0,0
BRDA:59,8,1,9
BRDA:87,9,0,9
BRDA:87,9,1,0
BRDA:98,10,0,0
BRDA:98,10,1,9
BRDA:98,11,0,0
BRDA:98,11,1,9
BRDA:105,12,0,9
BRDA:105,12,1,3
BRDA:140,13,0,0
BRDA:140,13,1,3
BRDA:154,14,0,0
BRDA:154,14,1,9
BRDA:158,15,0,9
BRDA:158,15,1,0
BRDA:159,16,0,9
BRDA:159,16,1,0
BRDA:160,17,0,9
BRDA:160,17,1,0
BRDA:160,18,0,9
BRDA:160,18,1,0
BRDA:160,19,0,9
BRDA:160,19,1,0
BRDA:167,20,0,2
BRDA:167,20,1,7
BRDA:198,21,0,7
BRDA:198,21,1,0
BRDA:204,22,0,1
BRDA:204,22,1,0
BRDA:216,23,0,0
BRDA:216,23,1,9
BRDA:216,24,0,0
BRDA:216,24,1,9
BRDA:222,25,0,9
BRDA:222,25,1,0
BRDA:223,26,0,9
BRDA:223,26,1,0
BRF:53
BRH:29
end_of_record
TN:
SF:src\modules\finance\components\InvoiceManager.tsx
FN:20,InvoiceManager
FN:37,(anonymous_1)
FN:58,(anonymous_2)
FN:60,(anonymous_3)
FN:61,(anonymous_4)
FN:73,(anonymous_5)
FN:76,(anonymous_6)
FN:92,(anonymous_7)
FN:124,(anonymous_8)
FN:134,(anonymous_9)
FN:138,(anonymous_10)
FN:149,(anonymous_11)
FN:159,(anonymous_12)
FN:168,(anonymous_13)
FN:177,(anonymous_14)
FN:186,(anonymous_15)
FN:201,(anonymous_16)
FN:214,(anonymous_17)
FN:215,(anonymous_18)
FN:248,(anonymous_19)
FN:263,(anonymous_20)
FNF:21
FNH:16
FNDA:12,InvoiceManager
FNDA:1,(anonymous_1)
FNDA:12,(anonymous_2)
FNDA:12,(anonymous_3)
FNDA:0,(anonymous_4)
FNDA:0,(anonymous_5)
FNDA:0,(anonymous_6)
FNDA:1,(anonymous_7)
FNDA:1,(anonymous_8)
FNDA:1,(anonymous_9)
FNDA:8,(anonymous_10)
FNDA:1,(anonymous_11)
FNDA:1,(anonymous_12)
FNDA:1,(anonymous_13)
FNDA:1,(anonymous_14)
FNDA:1,(anonymous_15)
FNDA:0,(anonymous_16)
FNDA:12,(anonymous_17)
FNDA:12,(anonymous_18)
FNDA:1,(anonymous_19)
FNDA:0,(anonymous_20)
DA:8,1
DA:21,12
DA:22,12
DA:23,12
DA:24,12
DA:25,12
DA:26,12
DA:35,12
DA:37,12
DA:38,1
DA:39,1
DA:40,1
DA:41,1
DA:50,1
DA:51,1
DA:52,1
DA:54,0
DA:58,12
DA:59,12
DA:60,12
DA:61,0
DA:63,12
DA:64,0
DA:67,12
DA:74,0
DA:76,0
DA:85,0
DA:92,1
DA:124,1
DA:134,1
DA:139,8
DA:149,1
DA:159,1
DA:168,1
DA:177,1
DA:186,1
DA:201,0
DA:215,12
DA:216,12
DA:219,12
DA:221,12
DA:249,1
DA:250,1
DA:251,1
DA:253,0
DA:264,0
DA:265,0
DA:266,0
DA:268,0
LF:49
LH:37
BRDA:21,0,0,0
BRDA:22,1,0,0
BRDA:35,2,0,12
BRDA:35,2,1,0
BRDA:39,3,0,0
BRDA:39,3,1,1
BRDA:43,4,0,1
BRDA:43,4,1,0
BRDA:44,5,0,1
BRDA:44,5,1,0
BRDA:45,6,0,1
BRDA:45,6,1,0
BRDA:46,7,0,1
BRDA:46,7,1,0
BRDA:47,8,0,1
BRDA:47,8,1,0
BRDA:48,9,0,1
BRDA:48,9,1,0
BRDA:58,10,0,12
BRDA:58,10,1,0
BRDA:61,11,0,0
BRDA:61,11,1,0
BRDA:63,12,0,0
BRDA:63,12,1,12
BRDA:77,13,0,0
BRDA:77,13,1,0
BRDA:78,14,0,0
BRDA:78,14,1,0
BRDA:79,15,0,0
BRDA:79,15,1,0
BRDA:80,16,0,0
BRDA:80,16,1,0
BRDA:81,17,0,0
BRDA:81,17,1,0
BRDA:82,18,0,0
BRDA:82,18,1,0
BRDA:82,18,2,0
BRDA:82,19,0,0
BRDA:82,19,1,0
BRDA:116,20,0,12
BRDA:116,20,1,8
BRDA:197,21,0,0
BRDA:197,21,1,8
BRDA:211,22,0,0
BRDA:211,22,1,12
BRDA:216,23,0,12
BRDA:216,23,1,0
BRDA:216,24,0,12
BRDA:216,24,1,12
BRDA:216,24,2,12
BRDA:218,25,0,0
BRDA:218,25,1,0
BRDA:219,26,0,12
BRDA:219,26,1,0
BRDA:226,27,0,12
BRDA:226,27,1,12
BRDA:233,28,0,12
BRDA:233,28,1,12
BRDA:236,29,0,12
BRDA:236,29,1,12
BRDA:239,30,0,12
BRDA:239,30,1,12
BRDA:243,31,0,12
BRDA:243,31,1,12
BRDA:244,32,0,12
BRDA:244,32,1,12
BRDA:244,32,2,12
BRDA:246,33,0,12
BRDA:246,33,1,12
BRDA:261,34,0,12
BRDA:261,34,1,12
BRF:71
BRH:36
end_of_record
TN:
SF:src\modules\incidents\api\getIncidentsPaginated.ts
FN:10,getIncidentsPaginated
FNF:1
FNH:0
FNDA:0,getIncidentsPaginated
DA:15,0
DA:16,0
DA:18,0
DA:25,0
DA:26,0
LF:5
LH:0
BRDA:25,0,0,0
BRDA:25,0,1,0
BRDA:26,1,0,0
BRDA:26,1,1,0
BRDA:26,2,0,0
BRDA:26,2,1,0
BRF:6
BRH:0
end_of_record
TN:
SF:src\modules\incidents\api\updateIncident.ts
FN:5,updateIncident
FNF:1
FNH:0
FNDA:0,updateIncident
DA:8,0
DA:9,0
DA:16,0
DA:17,0
LF:4
LH:0
BRDA:16,0,0,0
BRDA:16,0,1,0
BRF:2
BRH:0
end_of_record
TN:
SF:src\modules\incidents\components\IncidentCard.tsx
FN:12,(anonymous_0)
FN:16,(anonymous_1)
FNF:2
FNH:1
FNDA:2,(anonymous_0)
FNDA:0,(anonymous_1)
DA:12,1
DA:13,2
DA:16,0
LF:3
LH:2
BRDA:24,0,0,2
BRDA:24,0,1,0
BRDA:27,1,0,2
BRDA:27,1,1,0
BRDA:31,2,0,2
BRDA:31,2,1,0
BRF:6
BRH:3
end_of_record
TN:
SF:src\modules\incidents\components\IncidentInbox.tsx
FN:27,(anonymous_0)
FN:42,(anonymous_1)
FN:49,(anonymous_2)
FN:55,(anonymous_3)
FN:69,(anonymous_4)
FN:75,(anonymous_5)
FN:78,(anonymous_6)
FN:97,(anonymous_7)
FN:110,(anonymous_8)
FN:120,(anonymous_9)
FN:143,(anonymous_10)
FN:149,(anonymous_11)
FN:150,(anonymous_12)
FN:153,(anonymous_13)
FN:168,(anonymous_14)
FN:168,(anonymous_15)
FN:178,(anonymous_16)
FN:178,(anonymous_17)
FNF:18
FNH:11
FNDA:5,(anonymous_0)
FNDA:2,(anonymous_1)
FNDA:2,(anonymous_2)
FNDA:2,(anonymous_3)
FNDA:1,(anonymous_4)
FNDA:0,(anonymous_5)
FNDA:0,(anonymous_6)
FNDA:0,(anonymous_7)
FNDA:2,(anonymous_8)
FNDA:2,(anonymous_9)
FNDA:2,(anonymous_10)
FNDA:2,(anonymous_11)
FNDA:2,(anonymous_12)
FNDA:1,(anonymous_13)
FNDA:0,(anonymous_14)
FNDA:0,(anonymous_15)
FNDA:0,(anonymous_16)
FNDA:0,(anonymous_17)
DA:13,1
DA:27,1
DA:28,5
DA:29,5
DA:30,5
DA:31,5
DA:32,5
DA:33,5
DA:34,5
DA:36,5
DA:37,5
DA:38,5
DA:39,5
DA:40,5
DA:42,5
DA:43,2
DA:44,2
DA:45,2
DA:46,2
DA:49,5
DA:50,2
DA:51,2
DA:52,2
DA:55,5
DA:56,2
DA:57,2
DA:58,2
DA:61,5
DA:66,4
DA:67,3
DA:69,2
DA:70,1
DA:71,1
DA:72,1
DA:75,2
DA:76,0
DA:78,0
DA:86,0
DA:89,2
DA:97,0
DA:111,2
DA:121,2
DA:144,2
DA:149,2
DA:151,2
DA:153,1
DA:168,0
DA:178,0
LF:48
LH:42
BRDA:36,0,0,5
BRDA:36,0,1,2
BRDA:37,1,0,5
BRDA:37,1,1,2
BRDA:50,2,0,2
BRDA:50,2,1,0
BRDA:51,3,0,2
BRDA:51,3,1,2
BRDA:56,4,0,2
BRDA:56,4,1,0
BRDA:57,5,0,2
BRDA:57,5,1,2
BRDA:61,6,0,1
BRDA:61,6,1,4
BRDA:66,7,0,1
BRDA:66,7,1,3
BRDA:67,8,0,1
BRDA:67,8,1,2
BRDA:71,9,0,0
BRDA:71,9,1,1
BRDA:80,10,0,0
BRDA:80,10,1,0
BRDA:81,11,0,0
BRDA:81,11,1,0
BRDA:82,12,0,0
BRDA:82,12,1,0
BRDA:83,13,0,0
BRDA:83,13,1,0
BRDA:107,14,0,0
BRDA:107,14,1,2
BRDA:117,15,0,0
BRDA:117,15,1,2
BRDA:131,16,0,0
BRDA:131,16,1,2
BRDA:146,17,0,2
BRDA:146,17,1,2
BRDA:149,18,0,2
BRDA:149,18,1,0
BRDA:165,19,0,2
BRDA:165,19,1,0
BRF:40
BRH:24
end_of_record
TN:
SF:src\modules\incidents\hooks\useIncidentWorkflow.ts
FN:32,useIncidentWorkflow
FN:36,(anonymous_1)
FN:46,(anonymous_2)
FNF:3
FNH:3
FNDA:1,useIncidentWorkflow
FNDA:3,(anonymous_1)
FNDA:3,(anonymous_2)
DA:7,2
DA:36,1
DA:40,3
DA:46,1
DA:47,3
DA:50,1
LF:6
LH:6
BRDA:47,0,0,3
BRDA:47,0,1,1
BRF:2
BRH:2
end_of_record
TN:
SF:src\modules\incidents\hooks\useIncidentsPaginated.ts
FN:8,useIncidentsPaginated
FN:11,(anonymous_1)
FN:14,(anonymous_2)
FNF:3
FNH:0
FNDA:0,useIncidentsPaginated
FNDA:0,(anonymous_1)
FNDA:0,(anonymous_2)
DA:6,1
DA:9,0
DA:11,0
DA:14,0
LF:4
LH:1
BRF:0
BRH:0
end_of_record
TN:
SF:src\modules\incidents\hooks\useUpdateIncident.ts
FN:11,useUpdateIncident
FN:15,(anonymous_1)
FN:17,(anonymous_2)
FN:32,(anonymous_3)
FN:45,(anonymous_4)
FN:69,(anonymous_5)
FN:70,(anonymous_6)
FNF:7
FNH:0
FNDA:0,useUpdateIncident
FNDA:0,(anonymous_1)
FNDA:0,(anonymous_2)
FNDA:0,(anonymous_3)
FNDA:0,(anonymous_4)
FNDA:0,(anonymous_5)
FNDA:0,(anonymous_6)
DA:12,0
DA:14,0
DA:15,0
DA:18,0
DA:19,0
DA:21,0
DA:22,0
DA:23,0
DA:34,0
DA:40,0
DA:43,0
DA:45,0
DA:47,0
DA:51,0
DA:52,0
DA:55,0
DA:56,0
DA:57,0
DA:64,0
DA:65,0
DA:66,0
DA:69,0
DA:70,0
LF:23
LH:0
BRDA:22,0,0,0
BRDA:22,0,1,0
BRDA:40,1,0,0
BRDA:40,1,1,0
BRDA:47,2,0,0
BRDA:47,2,1,0
BRDA:51,3,0,0
BRDA:51,3,1,0
BRDA:64,4,0,0
BRDA:64,4,1,0
BRDA:65,5,0,0
BRDA:65,5,1,0
BRDA:70,6,0,0
BRDA:70,6,1,0
BRF:14
BRH:0
end_of_record
TN:
SF:src\modules\rh-securite\components\RoleManagement.tsx
FN:23,(anonymous_0)
FN:29,(anonymous_1)
FN:36,(anonymous_2)
FN:59,(anonymous_3)
FN:76,(anonymous_4)
FN:96,(anonymous_5)
FN:109,(anonymous_6)
FN:118,(anonymous_7)
FN:135,(anonymous_8)
FN:138,(anonymous_9)
FN:160,(anonymous_10)
FN:162,(anonymous_11)
FN:168,(anonymous_12)
FN:175,(anonymous_13)
FNF:14
FNH:14
FNDA:8,(anonymous_0)
FNDA:8,(anonymous_1)
FNDA:1,(anonymous_2)
FNDA:1,(anonymous_3)
FNDA:1,(anonymous_4)
FNDA:8,(anonymous_5)
FNDA:1,(anonymous_6)
FNDA:1,(anonymous_7)
FNDA:8,(anonymous_8)
FNDA:1,(anonymous_9)
FNDA:33,(anonymous_10)
FNDA:33,(anonymous_11)
FNDA:1,(anonymous_12)
FNDA:1,(anonymous_13)
DA:9,1
DA:23,1
DA:24,8
DA:25,8
DA:26,8
DA:27,8
DA:29,8
DA:30,8
DA:31,8
DA:32,8
DA:33,8
DA:34,8
DA:36,8
DA:37,1
DA:38,1
DA:39,1
DA:40,1
DA:45,1
DA:52,1
DA:53,1
DA:55,0
DA:59,8
DA:60,1
DA:61,1
DA:62,1
DA:63,1
DA:70,1
DA:72,0
DA:76,8
DA:77,1
DA:78,1
DA:79,1
DA:80,1
DA:87,1
DA:89,0
DA:93,8
DA:94,8
DA:96,8
DA:98,8
DA:109,1
DA:118,1
DA:136,8
DA:138,1
DA:161,33
DA:162,33
DA:163,33
DA:168,1
DA:175,1
LF:48
LH:45
BRDA:34,0,0,8
BRDA:34,0,1,0
BRDA:38,1,0,0
BRDA:38,1,1,1
BRDA:43,2,0,1
BRDA:43,2,1,0
BRDA:50,3,0,1
BRDA:50,3,1,0
BRDA:60,4,0,0
BRDA:60,4,1,1
BRDA:77,5,0,0
BRDA:77,5,1,1
BRDA:93,6,0,0
BRDA:93,6,1,8
BRDA:94,7,0,0
BRDA:94,7,1,8
BRDA:96,8,0,8
BRDA:96,8,1,0
BRDA:140,9,0,3
BRDA:140,9,1,5
BRDA:146,10,0,8
BRDA:146,10,1,8
BRDA:156,11,0,5
BRDA:156,11,1,3
BRDA:166,12,0,3
BRDA:166,12,1,30
BRDA:168,13,0,1
BRDA:168,13,1,1
BRF:28
BRH:19
end_of_record
TN:
SF:src\modules\rh-securite\components\WorkerList.tsx
FN:9,(anonymous_0)
FN:20,(anonymous_1)
FN:68,(anonymous_2)
FN:77,(anonymous_3)
FN:111,(anonymous_4)
FN:123,(anonymous_5)
FN:135,(anonymous_6)
FN:151,(anonymous_7)
FN:171,(anonymous_8)
FN:180,(anonymous_9)
FN:186,(anonymous_10)
FNF:11
FNH:8
FNDA:6,(anonymous_0)
FNDA:1,(anonymous_1)
FNDA:1,(anonymous_2)
FNDA:1,(anonymous_3)
FNDA:1,(anonymous_4)
FNDA:0,(anonymous_5)
FNDA:0,(anonymous_6)
FNDA:0,(anonymous_7)
FNDA:6,(anonymous_8)
FNDA:1,(anonymous_9)
FNDA:1,(anonymous_10)
DA:9,1
DA:10,6
DA:11,6
DA:12,6
DA:13,6
DA:14,6
DA:15,6
DA:17,6
DA:18,6
DA:20,6
DA:21,1
DA:22,1
DA:24,1
DA:25,1
DA:26,1
DA:33,1
DA:40,1
DA:41,1
DA:43,0
DA:46,0
DA:47,0
DA:53,0
DA:60,0
DA:62,0
DA:65,1
DA:68,6
DA:69,1
DA:70,1
DA:77,6
DA:78,1
DA:79,1
DA:80,1
DA:81,1
DA:87,1
DA:89,0
DA:94,6
DA:95,6
DA:97,6
DA:111,1
DA:123,0
DA:135,0
DA:152,0
DA:153,0
DA:172,6
DA:180,1
DA:186,1
LF:46
LH:35
BRDA:15,0,0,6
BRDA:15,0,1,0
BRDA:22,1,0,0
BRDA:22,1,1,1
BRDA:24,2,0,1
BRDA:24,2,1,0
BRDA:30,3,0,1
BRDA:30,3,1,0
BRDA:31,4,0,1
BRDA:31,4,1,0
BRDA:38,5,0,1
BRDA:38,5,1,0
BRDA:38,6,0,1
BRDA:38,6,1,0
BRDA:50,7,0,0
BRDA:50,7,1,0
BRDA:51,8,0,0
BRDA:51,8,1,0
BRDA:58,9,0,0
BRDA:58,9,1,0
BRDA:58,10,0,0
BRDA:58,10,1,0
BRDA:72,11,0,1
BRDA:72,11,1,0
BRDA:73,12,0,1
BRDA:73,12,1,0
BRDA:78,13,0,1
BRDA:78,13,1,0
BRDA:94,14,0,0
BRDA:94,14,1,6
BRDA:95,15,0,0
BRDA:95,15,1,6
BRDA:101,16,0,2
BRDA:101,16,1,4
BRDA:143,17,0,6
BRDA:143,17,1,6
BRDA:146,18,0,2
BRDA:146,18,1,4
BRDA:148,19,0,6
BRDA:148,19,1,2
BRDA:167,20,0,6
BRDA:167,20,1,0
BRDA:175,21,0,6
BRDA:175,21,1,6
BRDA:176,22,0,6
BRDA:176,22,1,6
BRDA:194,23,0,6
BRDA:194,23,1,0
BRF:48
BRH:26
end_of_record
TN:
SF:src\services\audit.ts
FN:52,logAudit
FN:84,emitBusinessEvent
FNF:2
FNH:0
FNDA:0,logAudit
FNDA:0,emitBusinessEvent
DA:8,1
DA:53,0
DA:56,0
DA:57,0
DA:60,0
DA:74,0
DA:76,0
DA:91,0
DA:93,0
DA:103,0
DA:104,0
DA:105,0
DA:108,0
LF:13
LH:1
BRDA:53,0,0,0
BRDA:56,1,0,0
BRDA:56,1,1,0
BRDA:63,2,0,0
BRDA:63,2,1,0
BRDA:64,3,0,0
BRDA:64,3,1,0
BRDA:65,4,0,0
BRDA:65,4,1,0
BRDA:66,5,0,0
BRDA:66,5,1,0
BRDA:69,6,0,0
BRDA:69,6,1,0
BRDA:74,7,0,0
BRDA:74,7,1,0
BRDA:91,8,0,0
BRDA:103,9,0,0
BRDA:103,9,1,0
BRDA:111,10,0,0
BRDA:111,10,1,0
BRF:20
BRH:0
end_of_record
TN:
SF:src\services\eventBus.ts
FN:20,(anonymous_0)
FN:24,(anonymous_1)
FN:26,(anonymous_2)
FN:30,(anonymous_3)
FN:31,(anonymous_4)
FNF:5
FNH:0
FNDA:0,(anonymous_0)
FNDA:0,(anonymous_1)
FNDA:0,(anonymous_2)
FNDA:0,(anonymous_3)
FNDA:0,(anonymous_4)
DA:17,1
DA:19,1
DA:21,0
DA:22,0
DA:24,0
DA:25,0
DA:26,0
DA:31,0
LF:8
LH:2
BRDA:21,0,0,0
BRDA:21,0,1,0
BRDA:25,1,0,0
BRDA:25,1,1,0
BRDA:31,2,0,0
BRDA:31,2,1,0
BRF:6
BRH:0
end_of_record
TN:
SF:src\services\conflict\conflictEngine.ts
FN:25,(anonymous_0)
FN:31,(anonymous_1)
FN:37,(anonymous_2)
FN:51,(anonymous_3)
FN:64,(anonymous_4)
FN:67,(anonymous_5)
FN:83,(anonymous_6)
FN:102,(anonymous_7)
FNF:8
FNH:0
FNDA:0,(anonymous_0)
FNDA:0,(anonymous_1)
FNDA:0,(anonymous_2)
FNDA:0,(anonymous_3)
FNDA:0,(anonymous_4)
FNDA:0,(anonymous_5)
FNDA:0,(anonymous_6)
FNDA:0,(anonymous_7)
DA:23,1
DA:25,1
DA:29,0
DA:30,0
DA:32,0
DA:37,1
DA:40,0
DA:51,1
DA:55,0
DA:58,0
DA:59,0
DA:60,0
DA:62,0
DA:63,0
DA:64,0
DA:66,0
DA:67,0
DA:69,0
DA:76,0
DA:83,1
DA:88,0
DA:90,0
DA:92,0
DA:94,0
DA:102,1
DA:107,0
DA:108,0
DA:110,0
LF:28
LH:6
BRDA:32,0,0,0
BRDA:32,0,1,0
BRDA:62,1,0,0
BRDA:62,1,1,0
BRDA:62,2,0,0
BRDA:62,2,1,0
BRDA:88,3,0,0
BRDA:88,3,1,0
BRDA:88,3,2,0
BRF:9
BRH:0
end_of_record
TN:
SF:src\services\conflict\types.ts
FN:25,(anonymous_0)
FN:28,(anonymous_1)
FN:31,(anonymous_2)
FNF:3
FNH:0
FNDA:0,(anonymous_0)
FNDA:0,(anonymous_1)
FNDA:0,(anonymous_2)
DA:14,1
DA:25,1
DA:28,0
DA:29,0
DA:31,0
DA:32,0
DA:34,0
LF:7
LH:2
BRDA:28,0,0,0
BRDA:28,0,1,0
BRDA:31,1,0,0
BRDA:31,1,1,0
BRF:4
BRH:0
end_of_record
TN:
SF:src\store\conflictStore.ts
FN:24,(anonymous_0)
FN:27,(anonymous_1)
FN:28,(anonymous_2)
FN:29,(anonymous_3)
FN:35,(anonymous_4)
FN:44,(anonymous_5)
FNF:6
FNH:1
FNDA:1,(anonymous_0)
FNDA:0,(anonymous_1)
FNDA:0,(anonymous_2)
FNDA:0,(anonymous_3)
FNDA:0,(anonymous_4)
FNDA:0,(anonymous_5)
DA:24,1
DA:28,0
DA:29,0
DA:36,0
DA:37,0
DA:38,0
DA:39,0
DA:44,1
DA:47,0
LF:9
LH:2
BRDA:37,0,0,0
BRDA:37,0,1,0
BRF:2
BRH:0
end_of_record
TN:
SF:src\ui\Spinner.tsx
FN:3,Spinner
FNF:1
FNH:1
FNDA:3,Spinner
DA:4,3
LF:1
LH:1
BRDA:3,0,0,0
BRDA:3,1,0,3
BRF:2
BRH:1
end_of_record
TN:
SF:src\ui\ToastProvider.tsx
FN:5,useToast
FN:9,ToastProvider
FN:12,(anonymous_2)
FN:14,(anonymous_3)
FN:15,(anonymous_4)
FN:15,(anonymous_5)
FN:15,(anonymous_6)
FN:22,(anonymous_7)
FNF:8
FNH:5
FNDA:49,useToast
FNDA:25,ToastProvider
FNDA:13,(anonymous_2)
FNDA:13,(anonymous_3)
FNDA:0,(anonymous_4)
FNDA:0,(anonymous_5)
FNDA:0,(anonymous_6)
FNDA:14,(anonymous_7)
DA:3,6
DA:6,49
DA:10,25
DA:12,25
DA:13,13
DA:14,13
DA:15,13
DA:18,25
DA:23,14
LF:9
LH:9
BRDA:12,0,0,0
BRDA:25,1,0,14
BRDA:25,1,1,0
BRF:3
BRH:1
end_of_record
TN:
SF:src\utils\constants.ts
FNF:0
FNH:0
DA:4,1
DA:5,1
DA:8,1
DA:17,1
DA:28,1
DA:36,1
DA:44,1
DA:53,1
DA:56,1
DA:59,1
DA:60,1
LF:11
LH:11
BRF:0
BRH:0
end_of_record
TN:
SF:src\utils\date.ts
FN:8,formatDate
FN:21,formatDateTime
FN:35,isOverdue
FN:43,daysUntil
FN:52,todayISO
FN:59,timeAgo
FNF:6
FNH:1
FNDA:0,formatDate
FNDA:0,formatDateTime
FNDA:0,isOverdue
FNDA:0,daysUntil
FNDA:0,todayISO
FNDA:2,timeAgo
DA:9,0
DA:10,0
DA:22,0
DA:23,0
DA:36,0
DA:37,0
DA:44,0
DA:45,0
DA:46,0
DA:53,0
DA:60,2
DA:61,2
DA:62,2
DA:63,2
DA:64,0
DA:65,0
DA:66,0
LF:17
LH:4
BRDA:9,0,0,0
BRDA:9,0,1,0
BRDA:22,1,0,0
BRDA:22,1,1,0
BRDA:36,2,0,0
BRDA:36,2,1,0
BRDA:44,3,0,0
BRDA:44,3,1,0
BRDA:60,4,0,0
BRDA:60,4,1,2
BRDA:63,5,0,2
BRDA:63,5,1,0
BRDA:64,6,0,0
BRDA:64,6,1,0
BRDA:65,7,0,0
BRDA:65,7,1,0
BRF:16
BRH:2
end_of_record
TN:
SF:src\utils\helpers.ts
FN:8,getInitials
FN:12,(anonymous_1)
FN:21,truncate
FN:29,groupBy
FN:30,(anonymous_4)
FN:41,severityColor
FN:54,statusColor
FN:67,formatFileSize
FNF:8
FNH:2
FNDA:0,getInitials
FNDA:0,(anonymous_1)
FNDA:0,truncate
FNDA:0,groupBy
FNDA:0,(anonymous_4)
FNDA:2,severityColor
FNDA:2,statusColor
FNDA:0,formatFileSize
DA:9,0
DA:10,0
DA:12,0
DA:22,0
DA:23,0
DA:30,0
DA:31,0
DA:32,0
DA:33,0
DA:34,0
DA:42,2
DA:43,0
DA:44,1
DA:45,1
DA:46,0
DA:47,0
DA:55,2
DA:56,0
DA:57,0
DA:58,0
DA:59,2
DA:60,0
DA:68,0
DA:69,0
DA:70,0
LF:25
LH:5
BRDA:9,0,0,0
BRDA:9,0,1,0
BRDA:22,1,0,0
BRDA:22,1,1,0
BRDA:32,2,0,0
BRDA:32,2,1,0
BRDA:42,3,0,0
BRDA:42,3,1,1
BRDA:42,3,2,1
BRDA:42,3,3,0
BRDA:42,3,4,0
BRDA:55,4,0,0
BRDA:55,4,1,0
BRDA:55,4,2,0
BRDA:55,4,3,2
BRDA:55,4,4,0
BRDA:68,5,0,0
BRDA:68,5,1,0
BRDA:69,6,0,0
BRDA:69,6,1,0
BRF:20
BRH:3
end_of_record
