TN:
SF:src\App.tsx
FN:20,App
FN:31,(anonymous_11)
FN:61,(anonymous_12)
FN:67,(anonymous_13)
FN:102,(anonymous_14)
FN:109,(anonymous_15)
FN:116,(anonymous_16)
FN:123,(anonymous_17)
FNF:8
FNH:2
FNDA:2,App
FNDA:0,(anonymous_11)
FNDA:1,(anonymous_12)
FNDA:0,(anonymous_13)
FNDA:0,(anonymous_14)
FNDA:0,(anonymous_15)
FNDA:0,(anonymous_16)
FNDA:0,(anonymous_17)
DA:2,1
DA:3,1
DA:4,1
DA:5,1
DA:6,1
DA:7,1
DA:8,1
DA:9,1
DA:10,1
DA:11,1
DA:14,1
DA:15,1
DA:16,1
DA:17,1
DA:18,1
DA:21,2
DA:22,2
DA:23,2
DA:24,2
DA:25,2
DA:28,2
DA:31,2
DA:32,0
DA:33,0
DA:34,0
DA:35,0
DA:36,0
DA:39,2
DA:40,1
DA:43,2
DA:44,2
DA:58,1
DA:61,1
DA:62,1
DA:63,1
DA:65,0
DA:67,1
DA:68,0
DA:69,0
DA:70,0
DA:74,1
DA:102,0
DA:109,0
DA:116,0
DA:123,0
DA:198,1
LF:46
LH:33
BRDA:28,0,0,2
BRDA:28,0,1,2
BRDA:32,1,0,0
BRDA:32,1,1,0
BRDA:33,2,0,0
BRDA:33,2,1,0
BRDA:34,3,0,0
BRDA:34,3,1,0
BRDA:35,4,0,0
BRDA:35,4,1,0
BRDA:36,5,0,0
BRDA:36,5,1,0
BRDA:39,6,0,1
BRDA:39,6,1,1
BRDA:43,7,0,0
BRDA:43,7,1,2
BRDA:44,8,0,1
BRDA:44,8,1,1
BRDA:58,9,0,1
BRDA:58,9,1,1
BRDA:62,10,0,1
BRDA:62,10,1,0
BRDA:69,11,0,0
BRDA:69,11,1,0
BRDA:77,12,0,1
BRDA:77,12,1,1
BRDA:87,13,0,1
BRDA:87,13,1,0
BRDA:89,14,0,0
BRDA:89,14,1,1
BRDA:91,15,0,0
BRDA:91,15,1,1
BRDA:93,16,0,0
BRDA:93,16,1,1
BRDA:103,17,0,1
BRDA:103,17,1,0
BRDA:110,18,0,0
BRDA:110,18,1,1
BRDA:117,19,0,0
BRDA:117,19,1,1
BRDA:124,20,0,0
BRDA:124,20,1,1
BRDA:132,21,0,1
BRDA:132,21,1,1
BRDA:145,22,0,1
BRDA:145,22,1,0
BRDA:155,23,0,1
BRDA:155,23,1,1
BRDA:158,24,0,1
BRDA:158,24,1,0
BRDA:169,25,0,1
BRDA:169,25,1,0
BRDA:180,26,0,1
BRDA:180,26,1,0
BRF:54
BRH:28
end_of_record
TN:
SF:src\components\ui\AuthForm.tsx
FN:14,AuthForm
FN:19,(anonymous_11)
FNF:2
FNH:1
FNDA:2,AuthForm
FNDA:0,(anonymous_11)
DA:1,1
DA:2,1
DA:3,1
DA:4,1
DA:5,1
DA:6,1
DA:8,1
DA:14,1
DA:15,2
DA:16,2
DA:17,2
DA:19,2
DA:20,0
DA:21,0
DA:22,0
DA:23,0
DA:25,0
DA:29,2
DA:30,0
DA:33,2
LF:20
LH:14
BRDA:25,0,0,0
BRDA:25,0,1,0
BRDA:29,1,0,0
BRDA:29,1,1,2
BRDA:29,2,0,2
BRDA:29,2,1,2
BRDA:45,3,0,2
BRDA:45,3,1,0
BRDA:47,4,0,2
BRDA:47,4,1,0
BRDA:49,5,0,0
BRDA:49,5,1,2
BRF:12
BRH:6
end_of_record
TN:
SF:src\components\ui\OnboardingTour.tsx
FN:27,OnboardingTour
FN:48,(anonymous_10)
FN:48,(anonymous_11)
FN:54,(anonymous_12)
FN:54,(anonymous_13)
FNF:5
FNH:1
FNDA:1,OnboardingTour
FNDA:0,(anonymous_10)
FNDA:0,(anonymous_11)
FNDA:0,(anonymous_12)
FNDA:0,(anonymous_13)
DA:1,1
DA:2,1
DA:4,1
DA:27,1
DA:28,1
DA:29,1
DA:48,0
DA:54,0
LF:8
LH:6
BRDA:45,0,0,1
BRDA:45,0,1,0
BRDA:51,1,0,1
BRDA:51,1,1,0
BRF:4
BRH:2
end_of_record
TN:
SF:src\components\ui\Spinner.tsx
FN:7,Spinner
FNF:1
FNH:1
FNDA:4,Spinner
DA:1,5
DA:7,5
DA:8,4
LF:3
LH:3
BRDA:7,0,0,0
BRF:1
BRH:0
end_of_record
TN:
SF:src\components\ui\ToastProvider.tsx
FN:15,useToast
FN:19,ToastProvider
FN:22,(anonymous_11)
FN:24,(anonymous_12)
FNF:4
FNH:1
FNDA:10,useToast
FNDA:0,ToastProvider
FNDA:0,(anonymous_11)
FNDA:0,(anonymous_12)
DA:1,1
DA:2,1
DA:13,1
DA:15,1
DA:16,10
DA:19,1
DA:20,0
DA:22,0
DA:23,0
DA:24,0
DA:27,0
LF:11
LH:6
BRDA:31,0,0,0
BRDA:31,0,1,0
BRDA:34,1,0,0
BRDA:34,1,1,0
BRDA:34,2,0,0
BRDA:34,2,1,0
BRF:6
BRH:0
end_of_record
TN:
SF:src\components\ui\button.tsx
FN:3,Button
FNF:1
FNH:1
FNDA:22,Button
DA:1,5
DA:3,5
DA:4,22
LF:3
LH:3
BRF:0
BRH:0
end_of_record
TN:
SF:src\features\events\EventList.tsx
FN:7,EventList
FN:22,(anonymous_10)
FN:32,(anonymous_11)
FN:52,(anonymous_12)
FN:59,(anonymous_13)
FN:62,(anonymous_14)
FN:63,(anonymous_15)
FN:78,(anonymous_16)
FN:80,(anonymous_17)
FN:85,(anonymous_18)
FN:86,(anonymous_19)
FN:93,(anonymous_20)
FN:94,(anonymous_21)
FNF:13
FNH:1
FNDA:1,EventList
FNDA:0,(anonymous_10)
FNDA:0,(anonymous_11)
FNDA:0,(anonymous_12)
FNDA:0,(anonymous_13)
FNDA:0,(anonymous_14)
FNDA:0,(anonymous_15)
FNDA:0,(anonymous_16)
FNDA:0,(anonymous_17)
FNDA:0,(anonymous_18)
FNDA:0,(anonymous_19)
FNDA:0,(anonymous_20)
FNDA:0,(anonymous_21)
DA:1,1
DA:2,1
DA:3,1
DA:4,1
DA:5,1
DA:7,1
DA:8,1
DA:9,1
DA:10,1
DA:11,1
DA:12,1
DA:13,1
DA:14,1
DA:16,1
DA:18,0
DA:22,0
DA:33,0
DA:52,0
DA:60,0
DA:61,0
DA:62,0
DA:63,0
DA:78,0
DA:81,0
DA:82,0
DA:85,0
DA:86,0
DA:90,0
DA:93,0
DA:94,0
DA:98,0
LF:31
LH:14
BRDA:16,0,0,1
BRDA:16,0,1,0
BRDA:27,1,0,0
BRDA:27,1,1,0
BRDA:27,2,0,0
BRDA:27,2,1,0
BRDA:44,3,0,0
BRDA:44,3,1,0
BRDA:45,4,0,0
BRDA:45,4,1,0
BRDA:60,5,0,0
BRDA:60,5,1,0
BRDA:79,6,0,0
BRDA:79,6,1,0
BRDA:81,7,0,0
BRDA:81,7,1,0
BRF:16
BRH:1
end_of_record
TN:
SF:src\features\events\EventModal.tsx
FN:4,EventModal
FN:19,(anonymous_10)
FN:43,(anonymous_11)
FN:57,(anonymous_12)
FN:65,(anonymous_13)
FN:73,(anonymous_14)
FNF:6
FNH:0
FNDA:0,EventModal
FNDA:0,(anonymous_10)
FNDA:0,(anonymous_11)
FNDA:0,(anonymous_12)
FNDA:0,(anonymous_13)
FNDA:0,(anonymous_14)
DA:1,1
DA:2,1
DA:4,1
DA:15,0
DA:16,0
DA:17,0
DA:19,0
DA:20,0
DA:21,0
DA:22,0
DA:25,0
DA:44,0
DA:45,0
DA:46,0
DA:47,0
DA:57,0
DA:65,0
DA:73,0
LF:18
LH:3
BRDA:15,0,0,0
BRDA:15,0,1,0
BRDA:16,1,0,0
BRDA:16,1,1,0
BRDA:17,2,0,0
BRDA:17,2,1,0
BRDA:20,3,0,0
BRDA:20,3,1,0
BRDA:21,4,0,0
BRDA:21,4,1,0
BRDA:22,5,0,0
BRDA:22,5,1,0
BRDA:27,6,0,0
BRDA:27,6,1,0
BRDA:41,7,0,0
BRDA:41,7,1,0
BRDA:46,8,0,0
BRDA:46,8,1,0
BRDA:81,9,0,0
BRDA:81,9,1,0
BRF:20
BRH:0
end_of_record
TN:
SF:src\features\events\useProjectEvents.ts
FN:4,useProjectEvents
FN:7,(anonymous_1)
FN:19,useCreateEvent
FN:22,(anonymous_3)
FN:31,(anonymous_4)
FN:37,useUpdateEvent
FN:40,(anonymous_6)
FN:50,(anonymous_7)
FN:56,useDeleteEvent
FN:59,(anonymous_9)
FN:67,(anonymous_10)
FNF:11
FNH:5
FNDA:1,useProjectEvents
FNDA:1,(anonymous_1)
FNDA:1,useCreateEvent
FNDA:0,(anonymous_3)
FNDA:0,(anonymous_4)
FNDA:1,useUpdateEvent
FNDA:0,(anonymous_6)
FNDA:0,(anonymous_7)
FNDA:1,useDeleteEvent
FNDA:0,(anonymous_9)
FNDA:0,(anonymous_10)
DA:1,1
DA:2,1
DA:4,1
DA:5,1
DA:8,1
DA:13,1
DA:14,1
DA:19,1
DA:20,1
DA:21,1
DA:23,0
DA:28,0
DA:29,0
DA:32,0
DA:37,1
DA:38,1
DA:39,1
DA:41,0
DA:47,0
DA:48,0
DA:51,0
DA:56,1
DA:57,1
DA:58,1
DA:60,0
DA:64,0
DA:65,0
DA:68,0
LF:28
LH:16
BRDA:13,0,0,0
BRDA:13,0,1,1
BRDA:28,1,0,0
BRDA:28,1,1,0
BRDA:47,2,0,0
BRDA:47,2,1,0
BRDA:64,3,0,0
BRDA:64,3,1,0
BRF:8
BRH:1
end_of_record
TN:
SF:src\features\piloter\PiloterDashboard.tsx
FN:19,PiloterDashboard
FN:26,(anonymous_10)
FN:27,(anonymous_11)
FN:30,(anonymous_12)
FNF:4
FNH:3
FNDA:4,PiloterDashboard
FNDA:1,(anonymous_10)
FNDA:1,(anonymous_11)
FNDA:0,(anonymous_12)
DA:1,1
DA:2,1
DA:3,1
DA:4,1
DA:5,1
DA:7,1
DA:14,1
DA:19,1
DA:20,4
DA:21,4
DA:24,4
DA:26,4
DA:27,1
DA:28,1
DA:29,1
DA:30,1
DA:33,4
LF:17
LH:17
BRDA:39,0,0,4
BRDA:39,0,1,0
BRDA:64,1,0,4
BRDA:64,1,1,0
BRDA:67,2,0,1
BRDA:67,2,1,3
BRDA:69,3,0,4
BRDA:69,3,1,1
BRF:8
BRH:6
end_of_record
TN:
SF:src\features\planifier\Gantt.tsx
FN:22,Gantt
FN:28,(anonymous_10)
FN:62,(anonymous_11)
FN:82,(anonymous_12)
FN:87,(anonymous_13)
FN:87,(anonymous_14)
FNF:6
FNH:6
FNDA:4,Gantt
FNDA:1,(anonymous_10)
FNDA:17,(anonymous_11)
FNDA:17,(anonymous_12)
FNDA:12,(anonymous_13)
FNDA:24,(anonymous_14)
DA:1,1
DA:2,1
DA:3,1
DA:4,1
DA:5,1
DA:7,1
DA:15,1
DA:22,1
DA:23,4
DA:24,4
DA:28,4
DA:29,1
DA:37,1
DA:40,4
DA:63,17
DA:83,17
DA:87,24
LF:17
LH:17
BRDA:34,0,0,1
BRDA:34,0,1,0
BRDA:46,1,0,4
BRDA:46,1,1,0
BRDA:51,2,0,4
BRDA:51,2,1,0
BRDA:56,3,0,4
BRDA:56,3,1,0
BRDA:68,4,0,1
BRDA:68,4,1,3
BRF:10
BRH:6
end_of_record
TN:
SF:src\features\planviewer\PlanViewer.tsx
FN:11,useBPEPlan
FN:14,(anonymous_2)
FN:27,PlanViewer
FNF:3
FNH:3
FNDA:2,useBPEPlan
FNDA:2,(anonymous_2)
FNDA:2,PlanViewer
DA:1,1
DA:2,1
DA:3,1
DA:4,1
DA:5,1
DA:7,1
DA:9,1
DA:11,1
DA:12,2
DA:15,2
DA:21,0
DA:22,0
DA:27,1
DA:28,2
DA:29,2
DA:30,0
DA:31,0
DA:32,0
DA:33,0
DA:34,0
DA:36,0
DA:37,0
DA:40,0
LF:23
LH:13
BRDA:21,0,0,0
BRDA:21,0,1,0
BRDA:29,1,0,2
BRDA:29,1,1,0
BRDA:30,2,0,0
BRDA:30,2,1,0
BRDA:33,3,0,0
BRDA:33,3,1,0
BRDA:36,4,0,0
BRDA:36,4,1,0
BRF:10
BRH:1
end_of_record
TN:
SF:src\features\ui\ToastProvider.tsx
FN:3,(anonymous_9)
FN:5,ToastProvider
FN:7,(anonymous_11)
FN:16,useToast
FNF:4
FNH:3
FNDA:0,(anonymous_9)
FNDA:3,ToastProvider
FNDA:2,(anonymous_11)
FNDA:2,useToast
DA:1,1
DA:3,1
DA:5,1
DA:6,3
DA:7,3
DA:8,3
DA:16,1
DA:17,2
LF:8
LH:8
BRDA:11,0,0,3
BRDA:11,0,1,2
BRF:2
BRH:2
end_of_record
TN:
SF:src\hooks\useZodForm.ts
FN:10,useZodForm
FNF:1
FNH:1
FNDA:24,useZodForm
DA:1,5
DA:2,5
DA:10,5
DA:17,24
LF:4
LH:4
BRF:0
BRH:0
end_of_record
TN:
SF:src\lib\utils.ts
FN:4,cn
FNF:1
FNH:1
FNDA:22,cn
DA:1,5
DA:2,5
DA:4,5
DA:5,22
LF:4
LH:4
BRF:0
BRH:0
end_of_record
TN:
SF:src\modules\bureau-etudes\components\DocumentList.tsx
FN:23,DocumentList
FN:36,(anonymous_10)
FN:44,(anonymous_11)
FN:66,(anonymous_12)
FN:70,(anonymous_13)
FN:82,(anonymous_14)
FN:89,(anonymous_15)
FN:94,(anonymous_16)
FN:141,(anonymous_17)
FNF:9
FNH:4
FNDA:10,DocumentList
FNDA:2,(anonymous_10)
FNDA:1,(anonymous_11)
FNDA:1,(anonymous_12)
FNDA:0,(anonymous_13)
FNDA:0,(anonymous_14)
FNDA:0,(anonymous_15)
FNDA:0,(anonymous_16)
FNDA:0,(anonymous_17)
DA:1,1
DA:2,1
DA:3,1
DA:4,1
DA:5,1
DA:6,1
DA:8,1
DA:9,1
DA:11,1
DA:23,1
DA:24,10
DA:25,10
DA:26,10
DA:27,10
DA:28,10
DA:29,10
DA:30,10
DA:32,10
DA:36,10
DA:37,2
DA:38,0
DA:40,2
DA:44,10
DA:45,1
DA:46,1
DA:47,0
DA:48,0
DA:50,1
DA:51,1
DA:53,1
DA:54,1
DA:56,0
DA:60,10
DA:62,4
DA:66,1
DA:71,0
DA:82,0
DA:89,0
DA:95,0
DA:96,0
DA:97,0
DA:99,0
DA:141,0
LF:43
LH:31
BRDA:30,0,0,10
BRDA:30,0,1,10
BRDA:37,1,0,0
BRDA:37,1,1,2
BRDA:38,2,0,0
BRDA:38,2,1,0
BRDA:46,3,0,0
BRDA:46,3,1,1
BRDA:48,4,0,0
BRDA:48,4,1,0
BRDA:51,5,0,1
BRDA:51,5,1,0
BRDA:56,6,0,0
BRDA:56,6,1,0
BRDA:60,7,0,6
BRDA:60,7,1,4
BRDA:70,8,0,0
BRDA:70,8,1,4
BRDA:70,9,0,4
BRDA:70,9,1,4
BRDA:86,10,0,0
BRDA:86,10,1,0
BRDA:97,11,0,0
BRDA:97,11,1,0
BRDA:99,12,0,0
BRDA:99,12,1,0
BRDA:104,13,0,0
BRDA:104,13,1,0
BRDA:111,14,0,4
BRDA:111,14,1,2
BRDA:116,15,0,0
BRDA:116,15,1,2
BRDA:118,16,0,0
BRDA:118,16,1,2
BRDA:129,17,0,2
BRDA:129,17,1,0
BRDA:143,18,0,1
BRDA:143,18,1,1
BRF:38
BRH:17
end_of_record
TN:
SF:src\modules\bureau-etudes\hooks\useProjectDocuments.ts
FN:4,useProjectDocuments
FN:7,(anonymous_1)
FN:19,useCreateDocument
FN:22,(anonymous_3)
FN:31,(anonymous_4)
FN:37,useUpdateDocument
FN:40,(anonymous_6)
FN:50,(anonymous_7)
FN:56,useDeleteDocument
FN:59,(anonymous_9)
FN:67,(anonymous_10)
FNF:11
FNH:7
FNDA:10,useProjectDocuments
FNDA:3,(anonymous_1)
FNDA:10,useCreateDocument
FNDA:1,(anonymous_3)
FNDA:1,(anonymous_4)
FNDA:10,useUpdateDocument
FNDA:0,(anonymous_6)
FNDA:0,(anonymous_7)
FNDA:10,useDeleteDocument
FNDA:0,(anonymous_9)
FNDA:0,(anonymous_10)
DA:1,1
DA:2,1
DA:4,1
DA:5,10
DA:8,3
DA:13,3
DA:14,3
DA:19,1
DA:20,10
DA:21,10
DA:23,1
DA:28,1
DA:29,1
DA:32,1
DA:37,1
DA:38,10
DA:39,10
DA:41,0
DA:47,0
DA:48,0
DA:51,0
DA:56,1
DA:57,10
DA:58,10
DA:60,0
DA:64,0
DA:65,0
DA:68,0
LF:28
LH:20
BRDA:13,0,0,0
BRDA:13,0,1,3
BRDA:28,1,0,0
BRDA:28,1,1,1
BRDA:47,2,0,0
BRDA:47,2,1,0
BRDA:64,3,0,0
BRDA:64,3,1,0
BRF:8
BRH:2
end_of_record
TN:
SF:src\modules\chantier\components\Equipe.tsx
FN:16,Equipe
FN:22,(anonymous_10)
FN:47,(anonymous_11)
FNF:3
FNH:3
FNDA:4,Equipe
FNDA:1,(anonymous_10)
FNDA:1,(anonymous_11)
DA:1,1
DA:2,1
DA:3,1
DA:4,1
DA:5,1
DA:7,1
DA:16,1
DA:17,4
DA:18,4
DA:22,4
DA:23,1
DA:24,1
DA:27,4
DA:48,1
LF:14
LH:14
BRDA:16,0,0,0
BRDA:40,1,0,4
BRDA:40,1,1,0
BRDA:43,2,0,1
BRDA:43,2,1,3
BRDA:47,3,0,1
BRDA:47,3,1,3
BRF:7
BRH:5
end_of_record
TN:
SF:src\ui\Spinner.tsx
FN:3,Spinner
FNF:1
FNH:1
FNDA:2,Spinner
DA:1,1
DA:3,1
DA:4,2
LF:3
LH:3
BRDA:3,0,0,0
BRDA:3,1,0,2
BRF:2
BRH:1
end_of_record
TN:
SF:src\ui\ToastProvider.tsx
FN:5,useToast
FN:9,ToastProvider
FN:12,(anonymous_11)
FN:14,(anonymous_12)
FN:15,(anonymous_13)
FN:15,(anonymous_14)
FN:15,(anonymous_15)
FN:22,(anonymous_16)
FNF:8
FNH:1
FNDA:2,useToast
FNDA:0,ToastProvider
FNDA:0,(anonymous_11)
FNDA:0,(anonymous_12)
FNDA:0,(anonymous_13)
FNDA:0,(anonymous_14)
FNDA:0,(anonymous_15)
FNDA:0,(anonymous_16)
DA:1,1
DA:3,1
DA:5,1
DA:6,2
DA:9,1
DA:10,0
DA:12,0
DA:13,0
DA:14,0
DA:15,0
DA:18,0
DA:23,0
LF:12
LH:5
BRDA:12,0,0,0
BRDA:25,1,0,0
BRDA:25,1,1,0
BRF:3
BRH:0
end_of_record
TN:
SF:src\utils\useRealtimeProjectEvents.ts
FN:4,useRealtimeProjectEvents
FN:5,(anonymous_1)
FN:12,(anonymous_2)
FN:16,(anonymous_3)
FNF:4
FNH:3
FNDA:1,useRealtimeProjectEvents
FNDA:1,(anonymous_1)
FNDA:0,(anonymous_2)
FNDA:1,(anonymous_3)
DA:1,1
DA:2,1
DA:4,1
DA:5,1
DA:6,1
DA:13,0
DA:16,1
LF:7
LH:6
BRF:0
BRH:0
end_of_record
